

================================================================
== Vitis HLS Report for 'dct'
================================================================
* Date:           Sat Apr  4 15:27:34 2026

* Version:        2025.2 (Build 6295257 on Nov 14 2025)
* Project:        proj_dct8_r0
* Solution:       sol1 (Vivado IP Flow Target)
* Product family: virtexuplus
* Target device:  xcvu9p-flga2104-2-i


================================================================
== Performance Estimates
================================================================
+ Timing: 
    * Summary: 
    +--------+----------+----------+------------+
    |  Clock |  Target  | Estimated| Uncertainty|
    +--------+----------+----------+------------+
    |ap_clk  |  10.00 ns|  5.512 ns|     2.70 ns|
    +--------+----------+----------+------------+

+ Latency: 
    * Summary: 
    +---------+---------+----------+----------+-----+-----+------------------------------------------------+
    |  Latency (cycles) |  Latency (absolute) |  Interval |                    Pipeline                    |
    |   min   |   max   |    min   |    max   | min | max |                      Type                      |
    +---------+---------+----------+----------+-----+-----+------------------------------------------------+
    |      258|      258|  2.580 us|  2.580 us|  256|  256|  loop auto-rewind stp (delay=0 clock cycles(s))|
    +---------+---------+----------+----------+-----+-----+------------------------------------------------+

    + Detail: 
        * Instance: 
        N/A

        * Loop: 
        +---------------------------------+---------+---------+----------+-----------+-----------+------+----------+
        |                                 |  Latency (cycles) | Iteration|  Initiation Interval  | Trip |          |
        |            Loop Name            |   min   |   max   |  Latency |  achieved |   target  | Count| Pipelined|
        +---------------------------------+---------+---------+----------+-----------+-----------+------+----------+
        |- VITIS_LOOP_6_1_VITIS_LOOP_7_2  |      256|      256|         5|          4|          1|    64|       yes|
        +---------------------------------+---------+---------+----------+-----------+-----------+------+----------+



================================================================
== Utilization Estimates
================================================================
* Summary: 
+---------------------+---------+------+---------+---------+-----+
|         Name        | BRAM_18K|  DSP |    FF   |   LUT   | URAM|
+---------------------+---------+------+---------+---------+-----+
|DSP                  |        -|     -|        -|        -|    -|
|Expression           |        -|     -|        0|      296|    -|
|FIFO                 |        -|     -|        -|        -|    -|
|Instance             |        -|     6|        0|       40|    -|
|Memory               |        -|     -|        -|        -|    -|
|Multiplexer          |        -|     -|        0|      276|    -|
|Register             |        -|     -|      184|        -|    -|
+---------------------+---------+------+---------+---------+-----+
|Total                |        0|     6|      184|      612|    0|
+---------------------+---------+------+---------+---------+-----+
|Available SLR        |     1440|  2280|   788160|   394080|  320|
+---------------------+---------+------+---------+---------+-----+
|Utilization SLR (%)  |        0|    ~0|       ~0|       ~0|    0|
+---------------------+---------+------+---------+---------+-----+
|Available            |     4320|  6840|  2364480|  1182240|  960|
+---------------------+---------+------+---------+---------+-----+
|Utilization (%)      |        0|    ~0|       ~0|       ~0|    0|
+---------------------+---------+------+---------+---------+-----+

+ Detail: 
    * Instance: 
    +-----------------------+--------------------+---------+----+---+----+-----+
    |        Instance       |       Module       | BRAM_18K| DSP| FF| LUT| URAM|
    +-----------------------+--------------------+---------+----+---+----+-----+
    |mul_32s_32s_32_1_1_U1  |mul_32s_32s_32_1_1  |        0|   3|  0|  20|    0|
    |mul_32s_32s_32_1_1_U2  |mul_32s_32s_32_1_1  |        0|   3|  0|  20|    0|
    +-----------------------+--------------------+---------+----+---+----+-----+
    |Total                  |                    |        0|   6|  0|  40|    0|
    +-----------------------+--------------------+---------+----+---+----+-----+

    * DSP: 
    N/A

    * Memory: 
    N/A

    * FIFO: 
    N/A

    * Expression: 
    +----------------------+----------+----+---+----+------------+------------+
    |     Variable Name    | Operation| DSP| FF| LUT| Bitwidth P0| Bitwidth P1|
    +----------------------+----------+----+---+----+------------+------------+
    |add_ln10_2_fu_598_p2  |         +|   0|  0|  32|          32|          32|
    |add_ln10_3_fu_602_p2  |         +|   0|  0|  32|          32|          32|
    |add_ln10_5_fu_606_p2  |         +|   0|  0|  32|          32|          32|
    |add_ln10_6_fu_377_p2  |         +|   0|  0|  12|           5|           4|
    |add_ln10_7_fu_444_p2  |         +|   0|  0|  13|           6|           5|
    |add_ln10_8_fu_511_p2  |         +|   0|  0|  13|           6|           6|
    |add_ln12_fu_495_p2    |         +|   0|  0|  13|           6|           6|
    |add_ln6_1_fu_577_p2   |         +|   0|  0|  13|           6|           1|
    |add_ln6_fu_316_p2     |         +|   0|  0|  12|           4|           1|
    |grp_fu_289_p2         |         +|   0|  0|  39|          32|          32|
    |j_3_fu_455_p2         |         +|   0|  0|  12|           4|           1|
    |sum_fu_612_p2         |         +|   0|  0|  32|          32|          32|
    |ap_condition_229      |       and|   0|  0|   2|           1|           1|
    |ap_condition_553      |       and|   0|  0|   2|           1|           1|
    |icmp_ln6_fu_583_p2    |      icmp|   0|  0|  13|           6|           2|
    |icmp_ln7_fu_460_p2    |      icmp|   0|  0|  12|           4|           5|
    |i_3_fu_330_p3         |    select|   0|  0|   4|           1|           4|
    |select_ln5_fu_322_p3  |    select|   0|  0|   4|           1|           1|
    |ap_enable_pp0         |       xor|   0|  0|   2|           1|           2|
    |xor_ln10_fu_556_p2    |       xor|   0|  0|   2|           1|           2|
    +----------------------+----------+----+---+----+------------+------------+
    |Total                 |          |   0|  0| 296|         213|         202|
    +----------------------+----------+----+---+----+------------+------------+

    * Multiplexer: 
    +------------------------------------+----+-----------+-----+-----------+
    |                Name                | LUT| Input Size| Bits| Total Bits|
    +------------------------------------+----+-----------+-----+-----------+
    |ap_NS_fsm                           |  26|          5|    1|          5|
    |ap_done_int                         |   9|          2|    1|          2|
    |ap_enable_reg_pp0_iter0             |   9|          2|    1|          2|
    |ap_enable_reg_pp0_iter1             |   9|          2|    1|          2|
    |ap_loop_exit_ready_pp0_iter1_reg    |   9|          2|    1|          2|
    |ap_phi_mux_icmp_ln74_phi_fu_266_p4  |   9|          2|    1|          2|
    |ap_sig_allocacmp_i_1                |   9|          2|    4|          8|
    |ap_sig_allocacmp_j_1                |   9|          2|    4|          8|
    |cos_table_address0_local            |  26|          5|    6|         30|
    |cos_table_address1_local            |  26|          5|    6|         30|
    |grp_fu_273_p0                       |  14|          3|   32|         96|
    |grp_fu_273_p1                       |  14|          3|   32|         96|
    |grp_fu_279_p0                       |  14|          3|   32|         96|
    |grp_fu_279_p1                       |  14|          3|   32|         96|
    |i_fu_96                             |   9|          2|    4|          8|
    |indvar_flatten1_fu_92               |   9|          2|    6|         12|
    |input_r_address0_local              |  26|          5|    6|         30|
    |input_r_address1_local              |  26|          5|    6|         30|
    |j_fu_100                            |   9|          2|    4|          8|
    +------------------------------------+----+-----------+-----+-----------+
    |Total                               | 276|         57|  180|        563|
    +------------------------------------+----+-----------+-----+-----------+

    * Register: 
    +----------------------------------+----+----+-----+-----------+
    |               Name               | FF | LUT| Bits| Const Bits|
    +----------------------------------+----+----+-----+-----------+
    |add_ln10_1_reg_777                |  32|   0|   32|          0|
    |add_ln10_reg_742                  |  32|   0|   32|          0|
    |add_ln12_reg_762                  |   6|   0|    6|          0|
    |ap_CS_fsm                         |   4|   0|    4|          0|
    |ap_done_reg                       |   1|   0|    1|          0|
    |ap_enable_reg_pp0_iter0_reg       |   1|   0|    1|          0|
    |ap_enable_reg_pp0_iter1           |   1|   0|    1|          0|
    |ap_loop_exit_ready_pp0_iter1_reg  |   1|   0|    1|          0|
    |bit_sel_reg_701                   |   1|   0|    1|          0|
    |i_fu_96                           |   4|   0|    4|          0|
    |icmp_ln6_reg_812                  |   1|   0|    1|          0|
    |icmp_ln7_reg_747                  |   1|   0|    1|          0|
    |indvar_flatten1_fu_92             |   6|   0|    6|          0|
    |j_fu_100                          |   4|   0|    4|          0|
    |mul_ln10_4_reg_802                |  32|   0|   32|          0|
    |mul_ln10_5_reg_807                |  32|   0|   32|          0|
    |select_ln5_reg_654                |   4|   0|    4|          0|
    |tmp_8_cast_reg_727                |   4|   0|    5|          1|
    |tmp_reg_671                       |   3|   0|    6|          3|
    |trunc_ln10_1_reg_706              |   3|   0|    3|          0|
    |trunc_ln10_reg_661                |   3|   0|    3|          0|
    |zext_ln12_1_reg_721               |   4|   0|    6|          2|
    |zext_ln12_reg_686                 |   4|   0|    5|          1|
    +----------------------------------+----+----+-----+-----------+
    |Total                             | 184|   0|  191|          7|
    +----------------------------------+----+----+-----+-----------+



================================================================
== Interface
================================================================
* Summary: 
+--------------------+-----+-----+------------+--------------+--------------+
|      RTL Ports     | Dir | Bits|  Protocol  | Source Object|    C Type    |
+--------------------+-----+-----+------------+--------------+--------------+
|ap_clk              |   in|    1|  ap_ctrl_hs|           dct|  return value|
|ap_rst              |   in|    1|  ap_ctrl_hs|           dct|  return value|
|ap_start            |   in|    1|  ap_ctrl_hs|           dct|  return value|
|ap_done             |  out|    1|  ap_ctrl_hs|           dct|  return value|
|ap_idle             |  out|    1|  ap_ctrl_hs|           dct|  return value|
|ap_ready            |  out|    1|  ap_ctrl_hs|           dct|  return value|
|input_r_address0    |  out|    6|   ap_memory|       input_r|         array|
|input_r_ce0         |  out|    1|   ap_memory|       input_r|         array|
|input_r_q0          |   in|   32|   ap_memory|       input_r|         array|
|input_r_address1    |  out|    6|   ap_memory|       input_r|         array|
|input_r_ce1         |  out|    1|   ap_memory|       input_r|         array|
|input_r_q1          |   in|   32|   ap_memory|       input_r|         array|
|output_r_address0   |  out|    6|   ap_memory|      output_r|         array|
|output_r_ce0        |  out|    1|   ap_memory|      output_r|         array|
|output_r_we0        |  out|    1|   ap_memory|      output_r|         array|
|output_r_d0         |  out|   32|   ap_memory|      output_r|         array|
|cos_table_address0  |  out|    6|   ap_memory|     cos_table|         array|
|cos_table_ce0       |  out|    1|   ap_memory|     cos_table|         array|
|cos_table_q0        |   in|   32|   ap_memory|     cos_table|         array|
|cos_table_address1  |  out|    6|   ap_memory|     cos_table|         array|
|cos_table_ce1       |  out|    1|   ap_memory|     cos_table|         array|
|cos_table_q1        |   in|   32|   ap_memory|     cos_table|         array|
+--------------------+-----+-----+------------+--------------+--------------+

