

================================================================
== Vitis HLS Report for 'fir_filter'
================================================================
* Date:           Sat Apr  4 15:25:21 2026

* Version:        2025.2 (Build 6295257 on Nov 14 2025)
* Project:        proj_fir_worst_r0
* Solution:       sol1 (Vivado IP Flow Target)
* Product family: virtexuplus
* Target device:  xcvu9p-flga2104-2-i


================================================================
== Performance Estimates
================================================================
+ Timing: 
    * Summary: 
    +--------+----------+----------+------------+
    |  Clock |  Target  | Estimated| Uncertainty|
    +--------+----------+----------+------------+
    |ap_clk  |  10.00 ns|  4.664 ns|     2.70 ns|
    +--------+----------+----------+------------+

+ Latency: 
    * Summary: 
    +---------+---------+-----------+-----------+------+------+------------------------------------------------+
    |  Latency (cycles) |   Latency (absolute)  |   Interval  |                    Pipeline                    |
    |   min   |   max   |    min    |    max    |  min |  max |                      Type                      |
    +---------+---------+-----------+-----------+------+------+------------------------------------------------+
    |     2050|     2050|  20.500 us|  20.500 us|  2048|  2048|  loop auto-rewind stp (delay=0 clock cycles(s))|
    +---------+---------+-----------+-----------+------+------+------------------------------------------------+

    + Detail: 
        * Instance: 
        N/A

        * Loop: 
        +-----------------------------------+---------+---------+----------+-----------+-----------+------+----------+
        |                                   |  Latency (cycles) | Iteration|  Initiation Interval  | Trip |          |
        |             Loop Name             |   min   |   max   |  Latency |  achieved |   target  | Count| Pipelined|
        +-----------------------------------+---------+---------+----------+-----------+-----------+------+----------+
        |- VITIS_LOOP_10_1_VITIS_LOOP_13_2  |     2048|     2048|         2|          1|          1|  2048|       yes|
        +-----------------------------------+---------+---------+----------+-----------+-----------+------+----------+



================================================================
== Utilization Estimates
================================================================
* Summary: 
+---------------------+---------+------+---------+---------+-----+
|         Name        | BRAM_18K|  DSP |    FF   |   LUT   | URAM|
+---------------------+---------+------+---------+---------+-----+
|DSP                  |        -|     -|        -|        -|    -|
|Expression           |        -|     -|        0|      215|    -|
|FIFO                 |        -|     -|        -|        -|    -|
|Instance             |        -|     3|        0|       20|    -|
|Memory               |        -|     -|        -|        -|    -|
|Multiplexer          |        -|     -|        0|      117|    -|
|Register             |        -|     -|       79|        -|    -|
+---------------------+---------+------+---------+---------+-----+
|Total                |        0|     3|       79|      352|    0|
+---------------------+---------+------+---------+---------+-----+
|Available SLR        |     1440|  2280|   788160|   394080|  320|
+---------------------+---------+------+---------+---------+-----+
|Utilization SLR (%)  |        0|    ~0|       ~0|       ~0|    0|
+---------------------+---------+------+---------+---------+-----+
|Available            |     4320|  6840|  2364480|  1182240|  960|
+---------------------+---------+------+---------+---------+-----+
|Utilization (%)      |        0|    ~0|       ~0|       ~0|    0|
+---------------------+---------+------+---------+---------+-----+

+ Detail: 
    * Instance: 
    +-----------------------+--------------------+---------+----+---+----+-----+
    |        Instance       |       Module       | BRAM_18K| DSP| FF| LUT| URAM|
    +-----------------------+--------------------+---------+----+---+----+-----+
    |mul_32s_32s_32_1_1_U1  |mul_32s_32s_32_1_1  |        0|   3|  0|  20|    0|
    +-----------------------+--------------------+---------+----+---+----+-----+
    |Total                  |                    |        0|   3|  0|  20|    0|
    +-----------------------+--------------------+---------+----+---+----+-----+

    * DSP: 
    N/A

    * Memory: 
    N/A

    * FIFO: 
    N/A

    * Expression: 
    +-------------------------+----------+----+---+----+------------+------------+
    |      Variable Name      | Operation| DSP| FF| LUT| Bitwidth P0| Bitwidth P1|
    +-------------------------+----------+----+---+----+------------+------------+
    |acc_4_fu_280_p2          |         +|   0|  0|  39|          32|          32|
    |add_ln10_1_fu_231_p2     |         +|   0|  0|  18|          11|           1|
    |add_ln10_fu_237_p2       |         +|   0|  0|  15|           8|           1|
    |j_3_fu_219_p2            |         +|   0|  0|  12|           5|           1|
    |sub_ln15_fu_200_p2       |         -|   0|  0|  15|           8|           8|
    |ap_condition_253         |       and|   0|  0|   2|           1|           1|
    |ap_condition_258         |       and|   0|  0|   2|           1|           1|
    |ap_condition_77          |       and|   0|  0|   2|           1|           1|
    |icmp_ln10_fu_243_p2      |      icmp|   0|  0|  18|          11|           2|
    |icmp_ln13_fu_225_p2      |      icmp|   0|  0|  13|           5|           6|
    |acc_1_fu_286_p3          |    select|   0|  0|  32|           1|          32|
    |i_3_fu_178_p3            |    select|   0|  0|   8|           1|           8|
    |select_ln11_1_fu_272_p3  |    select|   0|  0|  32|           1|           1|
    |select_ln11_fu_170_p3    |    select|   0|  0|   5|           1|           1|
    |ap_enable_pp0            |       xor|   0|  0|   2|           1|           2|
    +-------------------------+----------+----+---+----+------------+------------+
    |Total                    |          |   0|  0| 215|          88|          98|
    +-------------------------+----------+----+---+----+------------+------------+

    * Multiplexer: 
    +---------------------------------------+----+-----------+-----+-----------+
    |                  Name                 | LUT| Input Size| Bits| Total Bits|
    +---------------------------------------+----+-----------+-----+-----------+
    |acc_fu_70                              |   9|          2|   32|         64|
    |add_ln107_fu_74                        |   9|          2|    8|         16|
    |ap_done_int                            |   9|          2|    1|          2|
    |ap_loop_exit_ready_pp0_iter1_reg       |   9|          2|    1|          2|
    |ap_phi_mux_icmp_ln136_phi_fu_119_p4    |   9|          2|    1|          2|
    |ap_sig_allocacmp_add_ln107_load        |   9|          2|    8|         16|
    |ap_sig_allocacmp_i_1                   |   9|          2|    8|         16|
    |ap_sig_allocacmp_indvar_flatten2_load  |   9|          2|   11|         22|
    |ap_sig_allocacmp_j_1                   |   9|          2|    5|         10|
    |i_fu_62                                |   9|          2|    8|         16|
    |icmp_ln136_reg_116                     |   9|          2|    1|          2|
    |indvar_flatten2_fu_58                  |   9|          2|   11|         22|
    |j_fu_66                                |   9|          2|    5|         10|
    +---------------------------------------+----+-----------+-----+-----------+
    |Total                                  | 117|         26|  100|        200|
    +---------------------------------------+----+-----------+-----+-----------+

    * Register: 
    +----------------------------------+----+----+-----+-----------+
    |               Name               | FF | LUT| Bits| Const Bits|
    +----------------------------------+----+----+-----+-----------+
    |acc_fu_70                         |  32|   0|   32|          0|
    |add_ln107_fu_74                   |   8|   0|    8|          0|
    |ap_CS_fsm                         |   1|   0|    1|          0|
    |ap_done_reg                       |   1|   0|    1|          0|
    |ap_enable_reg_pp0_iter1           |   1|   0|    1|          0|
    |ap_loop_exit_ready_pp0_iter1_reg  |   1|   0|    1|          0|
    |i_fu_62                           |   8|   0|    8|          0|
    |icmp_ln10_reg_359                 |   1|   0|    1|          0|
    |icmp_ln136_reg_116                |   1|   0|    1|          0|
    |icmp_ln13_reg_349                 |   1|   0|    1|          0|
    |indvar_flatten2_fu_58             |  11|   0|   11|          0|
    |j_fu_66                           |   5|   0|    5|          0|
    |output_r_addr_reg_354             |   7|   0|    7|          0|
    |tmp_reg_334                       |   1|   0|    1|          0|
    +----------------------------------+----+----+-----+-----------+
    |Total                             |  79|   0|   79|          0|
    +----------------------------------+----+----+-----+-----------+



================================================================
== Interface
================================================================
* Summary: 
+-------------------+-----+-----+------------+--------------+--------------+
|     RTL Ports     | Dir | Bits|  Protocol  | Source Object|    C Type    |
+-------------------+-----+-----+------------+--------------+--------------+
|ap_clk             |   in|    1|  ap_ctrl_hs|    fir_filter|  return value|
|ap_rst             |   in|    1|  ap_ctrl_hs|    fir_filter|  return value|
|ap_start           |   in|    1|  ap_ctrl_hs|    fir_filter|  return value|
|ap_done            |  out|    1|  ap_ctrl_hs|    fir_filter|  return value|
|ap_idle            |  out|    1|  ap_ctrl_hs|    fir_filter|  return value|
|ap_ready           |  out|    1|  ap_ctrl_hs|    fir_filter|  return value|
|input_r_address0   |  out|    7|   ap_memory|       input_r|         array|
|input_r_ce0        |  out|    1|   ap_memory|       input_r|         array|
|input_r_q0         |   in|   32|   ap_memory|       input_r|         array|
|output_r_address0  |  out|    7|   ap_memory|      output_r|         array|
|output_r_ce0       |  out|    1|   ap_memory|      output_r|         array|
|output_r_we0       |  out|    1|   ap_memory|      output_r|         array|
|output_r_d0        |  out|   32|   ap_memory|      output_r|         array|
|coeffs_address0    |  out|    4|   ap_memory|        coeffs|         array|
|coeffs_ce0         |  out|    1|   ap_memory|        coeffs|         array|
|coeffs_q0          |   in|   32|   ap_memory|        coeffs|         array|
+-------------------+-----+-----+------------+--------------+--------------+

