

================================================================
== Vitis HLS Report for 'gemm'
================================================================
* Date:           Sat Apr  4 13:48:49 2026

* Version:        2025.2 (Build 6295257 on Nov 14 2025)
* Project:        proj_gemm_opt
* Solution:       sol1 (Vivado IP Flow Target)
* Product family: virtexuplus
* Target device:  xcvu9p-flga2104-2-i


================================================================
== Performance Estimates
================================================================
+ Timing: 
    * Summary: 
    +--------+----------+----------+------------+
    |  Clock |  Target  | Estimated| Uncertainty|
    +--------+----------+----------+------------+
    |ap_clk  |  10.00 ns|  6.094 ns|     2.70 ns|
    +--------+----------+----------+------------+

+ Latency: 
    * Summary: 
    +---------+---------+----------+----------+-------+-------+------------------------------------------------+
    |  Latency (cycles) |  Latency (absolute) |    Interval   |                    Pipeline                    |
    |   min   |   max   |    min   |    max   |  min  |  max  |                      Type                      |
    +---------+---------+----------+----------+-------+-------+------------------------------------------------+
    |    16387|    16387|  0.164 ms|  0.164 ms|  16384|  16384|  loop auto-rewind stp (delay=0 clock cycles(s))|
    +---------+---------+----------+----------+-------+-------+------------------------------------------------+

    + Detail: 
        * Instance: 
        N/A

        * Loop: 
        +---------------------------------+---------+---------+----------+-----------+-----------+------+----------+
        |                                 |  Latency (cycles) | Iteration|  Initiation Interval  | Trip |          |
        |            Loop Name            |   min   |   max   |  Latency |  achieved |   target  | Count| Pipelined|
        +---------------------------------+---------+---------+----------+-----------+-----------+------+----------+
        |- VITIS_LOOP_5_1_VITIS_LOOP_6_2  |    16385|    16385|        18|         16|          1|  1024|       yes|
        +---------------------------------+---------+---------+----------+-----------+-----------+------+----------+



================================================================
== Utilization Estimates
================================================================
* Summary: 
+---------------------+---------+------+---------+---------+-----+
|         Name        | BRAM_18K|  DSP |    FF   |   LUT   | URAM|
+---------------------+---------+------+---------+---------+-----+
|DSP                  |        -|     -|        -|        -|    -|
|Expression           |        -|     -|        0|      500|    -|
|FIFO                 |        -|     -|        -|        -|    -|
|Instance             |        -|     6|        0|      120|    -|
|Memory               |        -|     -|        -|        -|    -|
|Multiplexer          |        -|     -|        0|     1073|    -|
|Register             |        -|     -|      584|        -|    -|
+---------------------+---------+------+---------+---------+-----+
|Total                |        0|     6|      584|     1693|    0|
+---------------------+---------+------+---------+---------+-----+
|Available SLR        |     1440|  2280|   788160|   394080|  320|
+---------------------+---------+------+---------+---------+-----+
|Utilization SLR (%)  |        0|    ~0|       ~0|       ~0|    0|
+---------------------+---------+------+---------+---------+-----+
|Available            |     4320|  6840|  2364480|  1182240|  960|
+---------------------+---------+------+---------+---------+-----+
|Utilization (%)      |        0|    ~0|       ~0|       ~0|    0|
+---------------------+---------+------+---------+---------+-----+

+ Detail: 
    * Instance: 
    +-------------------------+----------------------+---------+----+---+----+-----+
    |         Instance        |        Module        | BRAM_18K| DSP| FF| LUT| URAM|
    +-------------------------+----------------------+---------+----+---+----+-----+
    |mul_32s_32s_32_1_1_U1    |mul_32s_32s_32_1_1    |        0|   3|  0|  20|    0|
    |mul_32s_32s_32_1_1_U2    |mul_32s_32s_32_1_1    |        0|   3|  0|  20|    0|
    |sparsemux_9_2_32_1_1_U3  |sparsemux_9_2_32_1_1  |        0|   0|  0|  20|    0|
    |sparsemux_9_2_32_1_1_U4  |sparsemux_9_2_32_1_1  |        0|   0|  0|  20|    0|
    |sparsemux_9_2_32_1_1_U5  |sparsemux_9_2_32_1_1  |        0|   0|  0|  20|    0|
    |sparsemux_9_2_32_1_1_U6  |sparsemux_9_2_32_1_1  |        0|   0|  0|  20|    0|
    +-------------------------+----------------------+---------+----+---+----+-----+
    |Total                    |                      |        0|   6|  0| 120|    0|
    +-------------------------+----------------------+---------+----+---+----+-----+

    * DSP: 
    N/A

    * Memory: 
    N/A

    * FIFO: 
    N/A

    * Expression: 
    +------------------------+----------+----+---+----+------------+------------+
    |      Variable Name     | Operation| DSP| FF| LUT| Bitwidth P0| Bitwidth P1|
    +------------------------+----------+----+---+----+------------+------------+
    |add_ln11_14_fu_2627_p2  |         +|   0|  0|  32|          32|          32|
    |add_ln11_21_fu_2631_p2  |         +|   0|  0|  32|          32|          32|
    |add_ln11_25_fu_2635_p2  |         +|   0|  0|  32|          32|          32|
    |add_ln11_27_fu_2641_p2  |         +|   0|  0|  32|          32|          32|
    |add_ln11_28_fu_2646_p2  |         +|   0|  0|  32|          32|          32|
    |add_ln11_29_fu_2652_p2  |         +|   0|  0|  32|          32|          32|
    |add_ln13_fu_1725_p2     |         +|   0|  0|  17|          10|          10|
    |add_ln5_1_fu_2560_p2    |         +|   0|  0|  17|          10|           1|
    |add_ln5_fu_1669_p2      |         +|   0|  0|  13|           6|           1|
    |grp_fu_1590_p2          |         +|   0|  0|  39|          32|          32|
    |grp_fu_1624_p2          |         +|   0|  0|  32|          32|          32|
    |grp_fu_1630_p2          |         +|   0|  0|  32|          32|          32|
    |grp_fu_1636_p2          |         +|   0|  0|  32|          32|          32|
    |grp_fu_1642_p2          |         +|   0|  0|  32|          32|          32|
    |j_3_fu_1789_p2          |         +|   0|  0|  13|           6|           1|
    |sum_fu_2658_p2          |         +|   0|  0|  32|          32|          32|
    |ap_condition_1750       |       and|   0|  0|   2|           1|           1|
    |ap_condition_339        |       and|   0|  0|   2|           1|           1|
    |icmp_ln5_fu_2566_p2     |      icmp|   0|  0|  17|          10|           2|
    |icmp_ln6_fu_1795_p2     |      icmp|   0|  0|  14|           6|           7|
    |i_3_fu_1683_p3          |    select|   0|  0|   6|           1|           6|
    |select_ln4_fu_1675_p3   |    select|   0|  0|   6|           1|           1|
    |ap_enable_pp0           |       xor|   0|  0|   2|           1|           2|
    +------------------------+----------+----+---+----+------------+------------+
    |Total                   |          |   0|  0| 500|         437|         417|
    +------------------------+----------+----+---+----+------------+------------+

    * Multiplexer: 
    +-------------------------------------+----+-----------+-----+-----------+
    |                 Name                | LUT| Input Size| Bits| Total Bits|
    +-------------------------------------+----+-----------+-----+-----------+
    |A_address0_local                     |  81|         17|   10|        170|
    |A_address1_local                     |  81|         17|   10|        170|
    |B_0_address0_local                   |  81|         17|    8|        136|
    |B_0_address1_local                   |  81|         17|    8|        136|
    |B_1_address0_local                   |  81|         17|    8|        136|
    |B_1_address1_local                   |  81|         17|    8|        136|
    |B_2_address0_local                   |  81|         17|    8|        136|
    |B_2_address1_local                   |  81|         17|    8|        136|
    |B_3_address0_local                   |  81|         17|    8|        136|
    |B_3_address1_local                   |  81|         17|    8|        136|
    |ap_NS_fsm                            |  81|         17|    1|         17|
    |ap_done_int                          |   9|          2|    1|          2|
    |ap_enable_reg_pp0_iter0              |   9|          2|    1|          2|
    |ap_enable_reg_pp0_iter1              |   9|          2|    1|          2|
    |ap_loop_exit_ready_pp0_iter1_reg     |   9|          2|    1|          2|
    |ap_phi_mux_icmp_ln64_phi_fu_1523_p4  |   9|          2|    1|          2|
    |ap_sig_allocacmp_i_1                 |   9|          2|    6|         12|
    |ap_sig_allocacmp_j_1                 |   9|          2|    6|         12|
    |grp_fu_1530_p0                       |  20|          4|   32|        128|
    |grp_fu_1530_p1                       |  26|          5|   32|        160|
    |grp_fu_1534_p0                       |  20|          4|   32|        128|
    |grp_fu_1534_p1                       |  26|          5|   32|        160|
    |i_fu_174                             |   9|          2|    6|         12|
    |indvar_flatten1_fu_170               |   9|          2|   10|         20|
    |j_fu_178                             |   9|          2|    6|         12|
    +-------------------------------------+----+-----------+-----+-----------+
    |Total                                |1073|        225|  252|       2099|
    +-------------------------------------+----+-----------+-----+-----------+

    * Register: 
    +----------------------------------+----+----+-----+-----------+
    |               Name               | FF | LUT| Bits| Const Bits|
    +----------------------------------+----+----+-----+-----------+
    |add_ln11_13_reg_3327              |  32|   0|   32|          0|
    |add_ln11_17_reg_3432              |  32|   0|   32|          0|
    |add_ln11_20_reg_3537              |  32|   0|   32|          0|
    |add_ln11_26_reg_3656              |  32|   0|   32|          0|
    |add_ln11_6_reg_3112               |  32|   0|   32|          0|
    |add_ln13_reg_2730                 |  10|   0|   10|          0|
    |add_ln13_reg_2730_pp0_iter1_reg   |  10|   0|   10|          0|
    |ap_CS_fsm                         |  16|   0|   16|          0|
    |ap_done_reg                       |   1|   0|    1|          0|
    |ap_enable_reg_pp0_iter0_reg       |   1|   0|    1|          0|
    |ap_enable_reg_pp0_iter1           |   1|   0|    1|          0|
    |ap_loop_exit_ready_pp0_iter1_reg  |   1|   0|    1|          0|
    |i_fu_174                          |   6|   0|    6|          0|
    |icmp_ln5_reg_3642                 |   1|   0|    1|          0|
    |icmp_ln6_reg_2820                 |   1|   0|    1|          0|
    |indvar_flatten1_fu_170            |  10|   0|   10|          0|
    |j_fu_178                          |   6|   0|    6|          0|
    |lshr_ln4_reg_2743                 |   3|   0|    3|          0|
    |reg_1596                          |  32|   0|   32|          0|
    |reg_1602                          |  32|   0|   32|          0|
    |reg_1608                          |  32|   0|   32|          0|
    |reg_1612                          |  32|   0|   32|          0|
    |reg_1616                          |  32|   0|   32|          0|
    |reg_1620                          |  32|   0|   32|          0|
    |tmp_27_reg_3646                   |  32|   0|   32|          0|
    |tmp_28_reg_3651                   |  32|   0|   32|          0|
    |tmp_29_reg_2875                   |  32|   0|   32|          0|
    |tmp_30_reg_2880                   |  32|   0|   32|          0|
    |tmp_66_cast_reg_2773              |   3|   0|    5|          2|
    |tmp_69_cast_reg_2950              |   3|   0|    6|          3|
    |tmp_71_cast_reg_2961              |   3|   0|    6|          3|
    |tmp_76_cast_reg_3062              |   3|   0|    7|          4|
    |tmp_78_cast_reg_3072              |   3|   0|    7|          4|
    |tmp_80_cast_reg_3127              |   3|   0|    7|          4|
    |tmp_82_cast_reg_3137              |   3|   0|    7|          4|
    |trunc_ln11_reg_2686               |   5|   0|    5|          0|
    |trunc_ln6_reg_2735                |   2|   0|    2|          0|
    |zext_ln11_33_reg_2766             |   3|   0|    4|          1|
    |zext_ln11_s_reg_2758              |   3|   0|    4|          1|
    |zext_ln4_1_reg_2945               |   3|   0|    5|          2|
    +----------------------------------+----+----+-----+-----------+
    |Total                             | 584|   0|  612|         28|
    +----------------------------------+----+----+-----+-----------+



================================================================
== Interface
================================================================
* Summary: 
+--------------+-----+-----+------------+--------------+--------------+
|   RTL Ports  | Dir | Bits|  Protocol  | Source Object|    C Type    |
+--------------+-----+-----+------------+--------------+--------------+
|ap_clk        |   in|    1|  ap_ctrl_hs|          gemm|  return value|
|ap_rst        |   in|    1|  ap_ctrl_hs|          gemm|  return value|
|ap_start      |   in|    1|  ap_ctrl_hs|          gemm|  return value|
|ap_done       |  out|    1|  ap_ctrl_hs|          gemm|  return value|
|ap_idle       |  out|    1|  ap_ctrl_hs|          gemm|  return value|
|ap_ready      |  out|    1|  ap_ctrl_hs|          gemm|  return value|
|A_address0    |  out|   10|   ap_memory|             A|         array|
|A_ce0         |  out|    1|   ap_memory|             A|         array|
|A_q0          |   in|   32|   ap_memory|             A|         array|
|A_address1    |  out|   10|   ap_memory|             A|         array|
|A_ce1         |  out|    1|   ap_memory|             A|         array|
|A_q1          |   in|   32|   ap_memory|             A|         array|
|B_0_address0  |  out|    8|   ap_memory|           B_0|         array|
|B_0_ce0       |  out|    1|   ap_memory|           B_0|         array|
|B_0_q0        |   in|   32|   ap_memory|           B_0|         array|
|B_0_address1  |  out|    8|   ap_memory|           B_0|         array|
|B_0_ce1       |  out|    1|   ap_memory|           B_0|         array|
|B_0_q1        |   in|   32|   ap_memory|           B_0|         array|
|B_1_address0  |  out|    8|   ap_memory|           B_1|         array|
|B_1_ce0       |  out|    1|   ap_memory|           B_1|         array|
|B_1_q0        |   in|   32|   ap_memory|           B_1|         array|
|B_1_address1  |  out|    8|   ap_memory|           B_1|         array|
|B_1_ce1       |  out|    1|   ap_memory|           B_1|         array|
|B_1_q1        |   in|   32|   ap_memory|           B_1|         array|
|B_2_address0  |  out|    8|   ap_memory|           B_2|         array|
|B_2_ce0       |  out|    1|   ap_memory|           B_2|         array|
|B_2_q0        |   in|   32|   ap_memory|           B_2|         array|
|B_2_address1  |  out|    8|   ap_memory|           B_2|         array|
|B_2_ce1       |  out|    1|   ap_memory|           B_2|         array|
|B_2_q1        |   in|   32|   ap_memory|           B_2|         array|
|B_3_address0  |  out|    8|   ap_memory|           B_3|         array|
|B_3_ce0       |  out|    1|   ap_memory|           B_3|         array|
|B_3_q0        |   in|   32|   ap_memory|           B_3|         array|
|B_3_address1  |  out|    8|   ap_memory|           B_3|         array|
|B_3_ce1       |  out|    1|   ap_memory|           B_3|         array|
|B_3_q1        |   in|   32|   ap_memory|           B_3|         array|
|C_address0    |  out|   10|   ap_memory|             C|         array|
|C_ce0         |  out|    1|   ap_memory|             C|         array|
|C_we0         |  out|    1|   ap_memory|             C|         array|
|C_d0          |  out|   32|   ap_memory|             C|         array|
+--------------+-----+-----+------------+--------------+--------------+

