

================================================================
== Vitis HLS Report for 'reduction'
================================================================
* Date:           Sat Apr  4 20:27:24 2026

* Version:        2025.2 (Build 6295257 on Nov 14 2025)
* Project:        proj_reduction
* Solution:       sol1 (Vivado IP Flow Target)
* Product family: virtexuplus
* Target device:  xcvu9p-flga2104-2-i


================================================================
== Performance Estimates
================================================================
+ Timing: 
    * Summary: 
    +--------+----------+----------+------------+
    |  Clock |  Target  | Estimated| Uncertainty|
    +--------+----------+----------+------------+
    |ap_clk  |  10.00 ns|  1.499 ns|     2.70 ns|
    +--------+----------+----------+------------+

+ Latency: 
    * Summary: 
    +---------+---------+-----------+-----------+------+------+------------------------------------------------+
    |  Latency (cycles) |   Latency (absolute)  |   Interval  |                    Pipeline                    |
    |   min   |   max   |    min    |    max    |  min |  max |                      Type                      |
    +---------+---------+-----------+-----------+------+------+------------------------------------------------+
    |     1026|     1026|  10.260 us|  10.260 us|  1024|  1024|  loop auto-rewind stp (delay=0 clock cycles(s))|
    +---------+---------+-----------+-----------+------+------+------------------------------------------------+

    + Detail: 
        * Instance: 
        N/A

        * Loop: 
        +------------------+---------+---------+----------+-----------+-----------+------+----------+
        |                  |  Latency (cycles) | Iteration|  Initiation Interval  | Trip |          |
        |     Loop Name    |   min   |   max   |  Latency |  achieved |   target  | Count| Pipelined|
        +------------------+---------+---------+----------+-----------+-----------+------+----------+
        |- VITIS_LOOP_5_1  |     1024|     1024|         2|          1|          1|  1024|       yes|
        +------------------+---------+---------+----------+-----------+-----------+------+----------+



================================================================
== Utilization Estimates
================================================================
* Summary: 
+---------------------+---------+------+---------+---------+-----+
|         Name        | BRAM_18K|  DSP |    FF   |   LUT   | URAM|
+---------------------+---------+------+---------+---------+-----+
|DSP                  |        -|     -|        -|        -|    -|
|Expression           |        -|     -|        0|       77|    -|
|FIFO                 |        -|     -|        -|        -|    -|
|Instance             |        -|     -|        -|        -|    -|
|Memory               |        -|     -|        -|        -|    -|
|Multiplexer          |        -|     -|        0|       45|    -|
|Register             |        -|     -|       47|        -|    -|
+---------------------+---------+------+---------+---------+-----+
|Total                |        0|     0|       47|      122|    0|
+---------------------+---------+------+---------+---------+-----+
|Available SLR        |     1440|  2280|   788160|   394080|  320|
+---------------------+---------+------+---------+---------+-----+
|Utilization SLR (%)  |        0|     0|       ~0|       ~0|    0|
+---------------------+---------+------+---------+---------+-----+
|Available            |     4320|  6840|  2364480|  1182240|  960|
+---------------------+---------+------+---------+---------+-----+
|Utilization (%)      |        0|     0|       ~0|       ~0|    0|
+---------------------+---------+------+---------+---------+-----+

+ Detail: 
    * Instance: 
    N/A

    * DSP: 
    N/A

    * Memory: 
    N/A

    * FIFO: 
    N/A

    * Expression: 
    +-------------------+----------+----+---+----+------------+------------+
    |   Variable Name   | Operation| DSP| FF| LUT| Bitwidth P0| Bitwidth P1|
    +-------------------+----------+----+---+----+------------+------------+
    |i_3_fu_90_p2       |         +|   0|  0|  17|          10|           1|
    |result             |         +|   0|  0|  39|          32|          32|
    |ap_condition_71    |       and|   0|  0|   2|           1|           1|
    |icmp_ln5_fu_96_p2  |      icmp|   0|  0|  17|          10|           2|
    |ap_enable_pp0      |       xor|   0|  0|   2|           1|           2|
    +-------------------+----------+----+---+----+------------+------------+
    |Total              |          |   0|  0|  77|          54|          38|
    +-------------------+----------+----+---+----+------------+------------+

    * Multiplexer: 
    +----------------------------------+----+-----------+-----+-----------+
    |               Name               | LUT| Input Size| Bits| Total Bits|
    +----------------------------------+----+-----------+-----+-----------+
    |ap_done_int                       |   9|          2|    1|          2|
    |ap_loop_exit_ready_pp0_iter1_reg  |   9|          2|    1|          2|
    |ap_sig_allocacmp_i_1              |   9|          2|   10|         20|
    |i_fu_44                           |   9|          2|   10|         20|
    |sum_fu_48                         |   9|          2|   32|         64|
    +----------------------------------+----+-----------+-----+-----------+
    |Total                             |  45|         10|   54|        108|
    +----------------------------------+----+-----------+-----+-----------+

    * Register: 
    +----------------------------------+----+----+-----+-----------+
    |               Name               | FF | LUT| Bits| Const Bits|
    +----------------------------------+----+----+-----+-----------+
    |ap_CS_fsm                         |   1|   0|    1|          0|
    |ap_done_reg                       |   1|   0|    1|          0|
    |ap_enable_reg_pp0_iter1           |   1|   0|    1|          0|
    |ap_loop_exit_ready_pp0_iter1_reg  |   1|   0|    1|          0|
    |i_fu_44                           |  10|   0|   10|          0|
    |icmp_ln5_reg_141                  |   1|   0|    1|          0|
    |sum_fu_48                         |  32|   0|   32|          0|
    +----------------------------------+----+----+-----+-----------+
    |Total                             |  47|   0|   47|          0|
    +----------------------------------+----+----+-----+-----------+



================================================================
== Interface
================================================================
* Summary: 
+------------------+-----+-----+------------+--------------+--------------+
|     RTL Ports    | Dir | Bits|  Protocol  | Source Object|    C Type    |
+------------------+-----+-----+------------+--------------+--------------+
|ap_clk            |   in|    1|  ap_ctrl_hs|     reduction|  return value|
|ap_rst            |   in|    1|  ap_ctrl_hs|     reduction|  return value|
|ap_start          |   in|    1|  ap_ctrl_hs|     reduction|  return value|
|ap_done           |  out|    1|  ap_ctrl_hs|     reduction|  return value|
|ap_idle           |  out|    1|  ap_ctrl_hs|     reduction|  return value|
|ap_ready          |  out|    1|  ap_ctrl_hs|     reduction|  return value|
|input_r_address0  |  out|   10|   ap_memory|       input_r|         array|
|input_r_ce0       |  out|    1|   ap_memory|       input_r|         array|
|input_r_q0        |   in|   32|   ap_memory|       input_r|         array|
|result            |  out|   32|      ap_vld|        result|       pointer|
|result_ap_vld     |  out|    1|      ap_vld|        result|       pointer|
+------------------+-----+-----+------------+--------------+--------------+

