

================================================================
== Vitis HLS Report for 'bubble_sort'
================================================================
* Date:           Sat Apr  4 20:27:03 2026

* Version:        2025.2 (Build 6295257 on Nov 14 2025)
* Project:        proj_sort_bubble
* Solution:       sol1 (Vivado IP Flow Target)
* Product family: virtexuplus
* Target device:  xcvu9p-flga2104-2-i


================================================================
== Performance Estimates
================================================================
+ Timing: 
    * Summary: 
    +--------+----------+----------+------------+
    |  Clock |  Target  | Estimated| Uncertainty|
    +--------+----------+----------+------------+
    |ap_clk  |  10.00 ns|  1.093 ns|     2.70 ns|
    +--------+----------+----------+------------+

+ Latency: 
    * Summary: 
    +---------+---------+----------+-----------+-----+------+---------+
    |  Latency (cycles) |  Latency (absolute)  |  Interval  | Pipeline|
    |   min   |   max   |    min   |    max    | min |  max |   Type  |
    +---------+---------+----------+-----------+-----+------+---------+
    |      253|     8065|  2.530 us|  80.650 us|  254|  8066|       no|
    +---------+---------+----------+-----------+-----+------+---------+

    + Detail: 
        * Instance: 
        N/A

        * Loop: 
        +-------------------+---------+---------+----------+-----------+-----------+--------+----------+
        |                   |  Latency (cycles) | Iteration|  Initiation Interval  |  Trip  |          |
        |     Loop Name     |   min   |   max   |  Latency |  achieved |   target  |  Count | Pipelined|
        +-------------------+---------+---------+----------+-----------+-----------+--------+----------+
        |- VITIS_LOOP_4_1   |      252|     8064|   4 ~ 128|          -|          -|      63|        no|
        | + VITIS_LOOP_5_2  |        2|      126|         2|          -|          -|  1 ~ 63|        no|
        +-------------------+---------+---------+----------+-----------+-----------+--------+----------+



================================================================
== Utilization Estimates
================================================================
* Summary: 
+---------------------+---------+------+---------+---------+-----+
|         Name        | BRAM_18K|  DSP |    FF   |   LUT   | URAM|
+---------------------+---------+------+---------+---------+-----+
|DSP                  |        -|     -|        -|        -|    -|
|Expression           |        -|     -|        0|      104|    -|
|FIFO                 |        -|     -|        -|        -|    -|
|Instance             |        -|     -|        -|        -|    -|
|Memory               |        -|     -|        -|        -|    -|
|Multiplexer          |        -|     -|        0|       81|    -|
|Register             |        -|     -|       46|        -|    -|
+---------------------+---------+------+---------+---------+-----+
|Total                |        0|     0|       46|      185|    0|
+---------------------+---------+------+---------+---------+-----+
|Available SLR        |     1440|  2280|   788160|   394080|  320|
+---------------------+---------+------+---------+---------+-----+
|Utilization SLR (%)  |        0|     0|       ~0|       ~0|    0|
+---------------------+---------+------+---------+---------+-----+
|Available            |     4320|  6840|  2364480|  1182240|  960|
+---------------------+---------+------+---------+---------+-----+
|Utilization (%)      |        0|     0|       ~0|       ~0|    0|
+---------------------+---------+------+---------+---------+-----+

+ Detail: 
    * Instance: 
    N/A

    * DSP: 
    N/A

    * Memory: 
    N/A

    * FIFO: 
    N/A

    * Expression: 
    +--------------------+----------+----+---+----+------------+------------+
    |    Variable Name   | Operation| DSP| FF| LUT| Bitwidth P0| Bitwidth P1|
    +--------------------+----------+----+---+----+------------+------------+
    |add_ln4_fu_140_p2   |         +|   0|  0|  13|           6|           2|
    |add_ln7_fu_124_p2   |         +|   0|  0|  13|           6|           1|
    |i_2_fu_109_p2       |         +|   0|  0|  13|           6|           1|
    |icmp_ln4_fu_103_p2  |      icmp|   0|  0|  13|           6|           2|
    |icmp_ln5_fu_118_p2  |      icmp|   0|  0|  13|           6|           6|
    |icmp_ln7_fu_155_p2  |      icmp|   0|  0|  39|          32|          32|
    +--------------------+----------+----+---+----+------------+------------+
    |Total               |          |   0|  0| 104|          62|          44|
    +--------------------+----------+----+---+----+------------+------------+

    * Multiplexer: 
    +--------------------+----+-----------+-----+-----------+
    |        Name        | LUT| Input Size| Bits| Total Bits|
    +--------------------+----+-----------+-----+-----------+
    |ap_NS_fsm           |  26|          5|    1|          5|
    |arr_address0_local  |  14|          3|    6|         18|
    |arr_address1_local  |  14|          3|    6|         18|
    |i_fu_44             |   9|          2|    6|         12|
    |indvars_iv6_fu_48   |   9|          2|    6|         12|
    |j_reg_79            |   9|          2|    6|         12|
    +--------------------+----+-----------+-----+-----------+
    |Total               |  81|         17|   31|         77|
    +--------------------+----+-----------+-----+-----------+

    * Register: 
    +--------------------+---+----+-----+-----------+
    |        Name        | FF| LUT| Bits| Const Bits|
    +--------------------+---+----+-----+-----------+
    |add_ln7_reg_186     |  6|   0|    6|          0|
    |ap_CS_fsm           |  4|   0|    4|          0|
    |arr_addr_1_reg_196  |  6|   0|    6|          0|
    |arr_addr_reg_191    |  6|   0|    6|          0|
    |i_2_reg_178         |  6|   0|    6|          0|
    |i_fu_44             |  6|   0|    6|          0|
    |indvars_iv6_fu_48   |  6|   0|    6|          0|
    |j_reg_79            |  6|   0|    6|          0|
    +--------------------+---+----+-----+-----------+
    |Total               | 46|   0|   46|          0|
    +--------------------+---+----+-----+-----------+



================================================================
== Interface
================================================================
* Summary: 
+--------------+-----+-----+------------+--------------+--------------+
|   RTL Ports  | Dir | Bits|  Protocol  | Source Object|    C Type    |
+--------------+-----+-----+------------+--------------+--------------+
|ap_clk        |   in|    1|  ap_ctrl_hs|   bubble_sort|  return value|
|ap_rst        |   in|    1|  ap_ctrl_hs|   bubble_sort|  return value|
|ap_start      |   in|    1|  ap_ctrl_hs|   bubble_sort|  return value|
|ap_done       |  out|    1|  ap_ctrl_hs|   bubble_sort|  return value|
|ap_idle       |  out|    1|  ap_ctrl_hs|   bubble_sort|  return value|
|ap_ready      |  out|    1|  ap_ctrl_hs|   bubble_sort|  return value|
|arr_address0  |  out|    6|   ap_memory|           arr|         array|
|arr_ce0       |  out|    1|   ap_memory|           arr|         array|
|arr_we0       |  out|    1|   ap_memory|           arr|         array|
|arr_d0        |  out|   32|   ap_memory|           arr|         array|
|arr_q0        |   in|   32|   ap_memory|           arr|         array|
|arr_address1  |  out|    6|   ap_memory|           arr|         array|
|arr_ce1       |  out|    1|   ap_memory|           arr|         array|
|arr_we1       |  out|    1|   ap_memory|           arr|         array|
|arr_d1        |  out|   32|   ap_memory|           arr|         array|
|arr_q1        |   in|   32|   ap_memory|           arr|         array|
+--------------+-----+-----+------------+--------------+--------------+

