

================================================================
== Vitis HLS Report for 'viterbi'
================================================================
* Date:           Sun Apr  5 07:12:47 2026

* Version:        2025.2 (Build 6295257 on Nov 14 2025)
* Project:        proj_viterbi_opt
* Solution:       sol1 (Vivado IP Flow Target)
* Product family: virtexuplus
* Target device:  xcvu9p-flga2104-2-i


================================================================
== Performance Estimates
================================================================
+ Timing: 
    * Summary: 
    +--------+----------+----------+------------+
    |  Clock |  Target  | Estimated| Uncertainty|
    +--------+----------+----------+------------+
    |ap_clk  |  10.00 ns|  4.212 ns|     2.70 ns|
    +--------+----------+----------+------------+

+ Latency: 
    * Summary: 
    +---------+---------+-----------+-----------+------+------+---------+
    |  Latency (cycles) |   Latency (absolute)  |   Interval  | Pipeline|
    |   min   |   max   |    min    |    max    |  min |  max |   Type  |
    +---------+---------+-----------+-----------+------+------+---------+
    |     4814|     4814|  48.140 us|  48.140 us|  4815|  4815|       no|
    +---------+---------+-----------+-----------+------+------+---------+

    + Detail: 
        * Instance: 
        +---------------------------------------------+----------------------------------+---------+---------+----------+----------+-----+-----+-------------------+
        |                                             |                                  |  Latency (cycles) |  Latency (absolute) |  Interval |      Pipeline     |
        |                   Instance                  |              Module              |   min   |   max   |    min   |    max   | min | max |        Type       |
        +---------------------------------------------+----------------------------------+---------+---------+----------+----------+-----+-----+-------------------+
        |grp_viterbi_Pipeline_VITIS_LOOP_8_1_fu_286   |viterbi_Pipeline_VITIS_LOOP_8_1   |       18|       18|  0.180 us|  0.180 us|    0|    0|  loop pipeline stp|
        |grp_viterbi_Pipeline_VITIS_LOOP_23_6_fu_310  |viterbi_Pipeline_VITIS_LOOP_23_6  |       17|       17|  0.170 us|  0.170 us|    0|    0|  loop pipeline stp|
        |grp_viterbi_Pipeline_VITIS_LOOP_10_3_fu_331  |viterbi_Pipeline_VITIS_LOOP_10_3  |      131|      131|  1.310 us|  1.310 us|    0|    0|  loop pipeline stp|
        |grp_viterbi_Pipeline_VITIS_LOOP_20_5_fu_389  |viterbi_Pipeline_VITIS_LOOP_20_5  |       18|       18|  0.180 us|  0.180 us|    0|    0|  loop pipeline stp|
        +---------------------------------------------+----------------------------------+---------+---------+----------+----------+-----+-----+-------------------+

        * Loop: 
        +------------------+---------+---------+----------+-----------+-----------+------+----------+
        |                  |  Latency (cycles) | Iteration|  Initiation Interval  | Trip |          |
        |     Loop Name    |   min   |   max   |  Latency |  achieved |   target  | Count| Pipelined|
        +------------------+---------+---------+----------+-----------+-----------+------+----------+
        |- VITIS_LOOP_9_2  |     4774|     4774|       154|          -|          -|    31|        no|
        +------------------+---------+---------+----------+-----------+-----------+------+----------+



================================================================
== Utilization Estimates
================================================================
* Summary: 
+---------------------+---------+------+---------+---------+-----+
|         Name        | BRAM_18K|  DSP |    FF   |   LUT   | URAM|
+---------------------+---------+------+---------+---------+-----+
|DSP                  |        -|     -|        -|        -|    -|
|Expression           |        -|     -|        0|       27|    -|
|FIFO                 |        -|     -|        -|        -|    -|
|Instance             |        -|     -|      884|     2796|    -|
|Memory               |        -|     -|        -|        -|    -|
|Multiplexer          |        -|     -|        0|      254|    -|
|Register             |        -|     -|     1588|        -|    -|
+---------------------+---------+------+---------+---------+-----+
|Total                |        0|     0|     2472|     3077|    0|
+---------------------+---------+------+---------+---------+-----+
|Available SLR        |     1440|  2280|   788160|   394080|  320|
+---------------------+---------+------+---------+---------+-----+
|Utilization SLR (%)  |        0|     0|       ~0|       ~0|    0|
+---------------------+---------+------+---------+---------+-----+
|Available            |     4320|  6840|  2364480|  1182240|  960|
+---------------------+---------+------+---------+---------+-----+
|Utilization (%)      |        0|     0|       ~0|       ~0|    0|
+---------------------+---------+------+---------+---------+-----+

+ Detail: 
    * Instance: 
    +---------------------------------------------+----------------------------------+---------+----+-----+------+-----+
    |                   Instance                  |              Module              | BRAM_18K| DSP|  FF |  LUT | URAM|
    +---------------------------------------------+----------------------------------+---------+----+-----+------+-----+
    |grp_viterbi_Pipeline_VITIS_LOOP_10_3_fu_331  |viterbi_Pipeline_VITIS_LOOP_10_3  |        0|   0|  825|  2169|    0|
    |grp_viterbi_Pipeline_VITIS_LOOP_20_5_fu_389  |viterbi_Pipeline_VITIS_LOOP_20_5  |        0|   0|    7|   117|    0|
    |grp_viterbi_Pipeline_VITIS_LOOP_23_6_fu_310  |viterbi_Pipeline_VITIS_LOOP_23_6  |        0|   0|   40|   264|    0|
    |grp_viterbi_Pipeline_VITIS_LOOP_8_1_fu_286   |viterbi_Pipeline_VITIS_LOOP_8_1   |        0|   0|   12|   246|    0|
    +---------------------------------------------+----------------------------------+---------+----+-----+------+-----+
    |Total                                        |                                  |        0|   0|  884|  2796|    0|
    +---------------------------------------------+----------------------------------+---------+----+-----+------+-----+

    * DSP: 
    N/A

    * Memory: 
    N/A

    * FIFO: 
    N/A

    * Expression: 
    +--------------------+----------+----+---+----+------------+------------+
    |    Variable Name   | Operation| DSP| FF| LUT| Bitwidth P0| Bitwidth P1|
    +--------------------+----------+----+---+----+------------+------------+
    |add_ln9_fu_626_p2   |         +|   0|  0|  13|           6|           1|
    |icmp_ln9_fu_615_p2  |      icmp|   0|  0|  14|           6|           7|
    +--------------------+----------+----+---+----+------------+------------+
    |Total               |          |   0|  0|  27|          12|           8|
    +--------------------+----------+----+---+----+------------+------------+

    * Multiplexer: 
    +--------------------+----+-----------+-----+-----------+
    |        Name        | LUT| Input Size| Bits| Total Bits|
    +--------------------+----+-----------+-----+-----------+
    |ap_NS_fsm           |  59|         11|    1|         11|
    |cost_10_fu_94       |   9|          2|   32|         64|
    |cost_11_fu_98       |   9|          2|   32|         64|
    |cost_12_fu_102      |   9|          2|   32|         64|
    |cost_13_fu_106      |   9|          2|   32|         64|
    |cost_14_fu_110      |   9|          2|   32|         64|
    |cost_15_fu_114      |   9|          2|   32|         64|
    |cost_1_fu_58        |   9|          2|   32|         64|
    |cost_2_fu_62        |   9|          2|   32|         64|
    |cost_3_fu_66        |   9|          2|   32|         64|
    |cost_4_fu_70        |   9|          2|   32|         64|
    |cost_5_fu_74        |   9|          2|   32|         64|
    |cost_6_fu_78        |   9|          2|   32|         64|
    |cost_7_fu_82        |   9|          2|   32|         64|
    |cost_8_fu_86        |   9|          2|   32|         64|
    |cost_9_fu_90        |   9|          2|   32|         64|
    |cost_fu_54          |   9|          2|   32|         64|
    |emit_address0       |  14|          3|    4|         12|
    |emit_ce0            |  14|          3|    1|          3|
    |obs_address0_local  |  14|          3|    5|         15|
    |t_fu_50             |   9|          2|    6|         12|
    +--------------------+----+-----------+-----+-----------+
    |Total               | 254|         54|  529|       1077|
    +--------------------+----+-----------+-----+-----------+

    * Register: 
    +----------------------------------------------------------+----+----+-----+-----------+
    |                           Name                           | FF | LUT| Bits| Const Bits|
    +----------------------------------------------------------+----+----+-----+-----------+
    |ap_CS_fsm                                                 |  10|   0|   10|          0|
    |cost_10_fu_94                                             |  32|   0|   32|          0|
    |cost_11_fu_98                                             |  32|   0|   32|          0|
    |cost_12_fu_102                                            |  32|   0|   32|          0|
    |cost_13_fu_106                                            |  32|   0|   32|          0|
    |cost_14_fu_110                                            |  32|   0|   32|          0|
    |cost_15_fu_114                                            |  32|   0|   32|          0|
    |cost_1_fu_58                                              |  32|   0|   32|          0|
    |cost_2_fu_62                                              |  32|   0|   32|          0|
    |cost_3_fu_66                                              |  32|   0|   32|          0|
    |cost_4_fu_70                                              |  32|   0|   32|          0|
    |cost_5_fu_74                                              |  32|   0|   32|          0|
    |cost_6_fu_78                                              |  32|   0|   32|          0|
    |cost_7_fu_82                                              |  32|   0|   32|          0|
    |cost_8_fu_86                                              |  32|   0|   32|          0|
    |cost_9_fu_90                                              |  32|   0|   32|          0|
    |cost_fu_54                                                |  32|   0|   32|          0|
    |grp_viterbi_Pipeline_VITIS_LOOP_10_3_fu_331_ap_start_reg  |   1|   0|    1|          0|
    |grp_viterbi_Pipeline_VITIS_LOOP_20_5_fu_389_ap_start_reg  |   1|   0|    1|          0|
    |grp_viterbi_Pipeline_VITIS_LOOP_23_6_fu_310_ap_start_reg  |   1|   0|    1|          0|
    |grp_viterbi_Pipeline_VITIS_LOOP_8_1_fu_286_ap_start_reg   |   1|   0|    1|          0|
    |new_cost_10_fu_158                                        |  32|   0|   32|          0|
    |new_cost_11_fu_162                                        |  32|   0|   32|          0|
    |new_cost_12_fu_166                                        |  32|   0|   32|          0|
    |new_cost_13_fu_170                                        |  32|   0|   32|          0|
    |new_cost_14_fu_174                                        |  32|   0|   32|          0|
    |new_cost_15_fu_178                                        |  32|   0|   32|          0|
    |new_cost_1_fu_122                                         |  32|   0|   32|          0|
    |new_cost_2_fu_126                                         |  32|   0|   32|          0|
    |new_cost_3_fu_130                                         |  32|   0|   32|          0|
    |new_cost_4_fu_134                                         |  32|   0|   32|          0|
    |new_cost_5_fu_138                                         |  32|   0|   32|          0|
    |new_cost_6_fu_142                                         |  32|   0|   32|          0|
    |new_cost_7_fu_146                                         |  32|   0|   32|          0|
    |new_cost_8_fu_150                                         |  32|   0|   32|          0|
    |new_cost_9_fu_154                                         |  32|   0|   32|          0|
    |new_cost_fu_118                                           |  32|   0|   32|          0|
    |reg_505                                                   |  32|   0|   32|          0|
    |reg_511                                                   |  32|   0|   32|          0|
    |reg_517                                                   |  32|   0|   32|          0|
    |reg_523                                                   |  32|   0|   32|          0|
    |reg_529                                                   |  32|   0|   32|          0|
    |reg_535                                                   |  32|   0|   32|          0|
    |reg_541                                                   |  32|   0|   32|          0|
    |reg_547                                                   |  32|   0|   32|          0|
    |reg_553                                                   |  32|   0|   32|          0|
    |reg_559                                                   |  32|   0|   32|          0|
    |reg_565                                                   |  32|   0|   32|          0|
    |reg_571                                                   |  32|   0|   32|          0|
    |reg_577                                                   |  32|   0|   32|          0|
    |reg_583                                                   |  32|   0|   32|          0|
    |reg_589                                                   |  32|   0|   32|          0|
    |reg_595                                                   |  32|   0|   32|          0|
    |reg_601                                                   |  32|   0|   32|          0|
    |t_fu_50                                                   |   6|   0|    6|          0|
    +----------------------------------------------------------+----+----+-----+-----------+
    |Total                                                     |1588|   0| 1588|          0|
    +----------------------------------------------------------+----+----+-----+-----------+



================================================================
== Interface
================================================================
* Summary: 
+----------------+-----+-----+------------+--------------+--------------+
|    RTL Ports   | Dir | Bits|  Protocol  | Source Object|    C Type    |
+----------------+-----+-----+------------+--------------+--------------+
|ap_clk          |   in|    1|  ap_ctrl_hs|       viterbi|  return value|
|ap_rst          |   in|    1|  ap_ctrl_hs|       viterbi|  return value|
|ap_start        |   in|    1|  ap_ctrl_hs|       viterbi|  return value|
|ap_done         |  out|    1|  ap_ctrl_hs|       viterbi|  return value|
|ap_idle         |  out|    1|  ap_ctrl_hs|       viterbi|  return value|
|ap_ready        |  out|    1|  ap_ctrl_hs|       viterbi|  return value|
|obs_address0    |  out|    5|   ap_memory|           obs|         array|
|obs_ce0         |  out|    1|   ap_memory|           obs|         array|
|obs_q0          |   in|   32|   ap_memory|           obs|         array|
|trans_address0  |  out|    8|   ap_memory|         trans|         array|
|trans_ce0       |  out|    1|   ap_memory|         trans|         array|
|trans_q0        |   in|   32|   ap_memory|         trans|         array|
|trans_address1  |  out|    8|   ap_memory|         trans|         array|
|trans_ce1       |  out|    1|   ap_memory|         trans|         array|
|trans_q1        |   in|   32|   ap_memory|         trans|         array|
|emit_address0   |  out|    4|   ap_memory|          emit|         array|
|emit_ce0        |  out|    1|   ap_memory|          emit|         array|
|emit_q0         |   in|   32|   ap_memory|          emit|         array|
|path_address0   |  out|    5|   ap_memory|          path|         array|
|path_ce0        |  out|    1|   ap_memory|          path|         array|
|path_we0        |  out|    1|   ap_memory|          path|         array|
|path_d0         |  out|   32|   ap_memory|          path|         array|
+----------------+-----+-----+------------+--------------+--------------+

