

================================================================
== Vitis HLS Report for 'viterbi_Pipeline_VITIS_LOOP_23_6'
================================================================
* Date:           Sun Apr  5 07:12:47 2026

* Version:        2025.2 (Build 6295257 on Nov 14 2025)
* Project:        proj_viterbi_opt
* Solution:       sol1 (Vivado IP Flow Target)
* Product family: virtexuplus
* Target device:  xcvu9p-flga2104-2-i


================================================================
== Performance Estimates
================================================================
+ Timing: 
    * Summary: 
    +--------+----------+----------+------------+
    |  Clock |  Target  | Estimated| Uncertainty|
    +--------+----------+----------+------------+
    |ap_clk  |  10.00 ns|  2.018 ns|     2.70 ns|
    +--------+----------+----------+------------+

+ Latency: 
    * Summary: 
    +---------+---------+----------+----------+-----+-----+-------------------+
    |  Latency (cycles) |  Latency (absolute) |  Interval |      Pipeline     |
    |   min   |   max   |    min   |    max   | min | max |        Type       |
    +---------+---------+----------+----------+-----+-----+-------------------+
    |       17|       17|  0.170 us|  0.170 us|    0|    0|  loop pipeline stp|
    +---------+---------+----------+----------+-----+-----+-------------------+

    + Detail: 
        * Instance: 
        N/A

        * Loop: 
        +-------------------+---------+---------+----------+-----------+-----------+------+----------+
        |                   |  Latency (cycles) | Iteration|  Initiation Interval  | Trip |          |
        |     Loop Name     |   min   |   max   |  Latency |  achieved |   target  | Count| Pipelined|
        +-------------------+---------+---------+----------+-----------+-----------+------+----------+
        |- VITIS_LOOP_23_6  |       15|       15|         1|          1|          1|    15|       yes|
        +-------------------+---------+---------+----------+-----------+-----------+------+----------+



================================================================
== Utilization Estimates
================================================================
* Summary: 
+---------------------+---------+------+---------+---------+-----+
|         Name        | BRAM_18K|  DSP |    FF   |   LUT   | URAM|
+---------------------+---------+------+---------+---------+-----+
|DSP                  |        -|     -|        -|        -|    -|
|Expression           |        -|     -|        0|       98|    -|
|FIFO                 |        -|     -|        -|        -|    -|
|Instance             |        -|     -|        0|      130|    -|
|Memory               |        -|     -|        -|        -|    -|
|Multiplexer          |        -|     -|        0|       36|    -|
|Register             |        -|     -|       40|        -|    -|
+---------------------+---------+------+---------+---------+-----+
|Total                |        0|     0|       40|      264|    0|
+---------------------+---------+------+---------+---------+-----+
|Available SLR        |     1440|  2280|   788160|   394080|  320|
+---------------------+---------+------+---------+---------+-----+
|Utilization SLR (%)  |        0|     0|       ~0|       ~0|    0|
+---------------------+---------+------+---------+---------+-----+
|Available            |     4320|  6840|  2364480|  1182240|  960|
+---------------------+---------+------+---------+---------+-----+
|Utilization (%)      |        0|     0|       ~0|       ~0|    0|
+---------------------+---------+------+---------+---------+-----+

+ Detail: 
    * Instance: 
    +----------------------------+-----------------------+---------+----+---+----+-----+
    |          Instance          |         Module        | BRAM_18K| DSP| FF| LUT| URAM|
    +----------------------------+-----------------------+---------+----+---+----+-----+
    |sparsemux_31_4_32_1_1_U104  |sparsemux_31_4_32_1_1  |        0|   0|  0|  65|    0|
    |sparsemux_33_4_32_1_1_U105  |sparsemux_33_4_32_1_1  |        0|   0|  0|  65|    0|
    +----------------------------+-----------------------+---------+----+---+----+-----+
    |Total                       |                       |        0|   0|  0| 130|    0|
    +----------------------------+-----------------------+---------+----+---+----+-----+

    * DSP: 
    N/A

    * Memory: 
    N/A

    * FIFO: 
    N/A

    * Expression: 
    +-----------------------+----------+----+---+----+------------+------------+
    |     Variable Name     | Operation| DSP| FF| LUT| Bitwidth P0| Bitwidth P1|
    +-----------------------+----------+----+---+----+------------+------------+
    |add_ln23_fu_366_p2     |         +|   0|  0|  12|           5|           1|
    |icmp_ln23_1_fu_348_p2  |      icmp|   0|  0|  39|          32|          32|
    |icmp_ln23_fu_222_p2    |      icmp|   0|  0|  13|           5|           6|
    |best_1_fu_358_p3       |    select|   0|  0|  32|           1|          32|
    |ap_enable_pp0          |       xor|   0|  0|   2|           1|           2|
    +-----------------------+----------+----+---+----+------------+------------+
    |Total                  |          |   0|  0|  98|          44|          73|
    +-----------------------+----------+----+---+----+------------+------------+

    * Multiplexer: 
    +-------------------------+----+-----------+-----+-----------+
    |           Name          | LUT| Input Size| Bits| Total Bits|
    +-------------------------+----+-----------+-----+-----------+
    |ap_done_int              |   9|          2|    1|          2|
    |ap_enable_reg_pp0_iter1  |   9|          2|    1|          2|
    |best_fu_98               |   9|          2|   32|         64|
    |s_1_fu_102               |   9|          2|    5|         10|
    +-------------------------+----+-----------+-----+-----------+
    |Total                    |  36|          8|   39|         78|
    +-------------------------+----+-----------+-----+-----------+

    * Register: 
    +-------------------------+----+----+-----+-----------+
    |           Name          | FF | LUT| Bits| Const Bits|
    +-------------------------+----+----+-----+-----------+
    |ap_CS_fsm                |   1|   0|    1|          0|
    |ap_done_reg              |   1|   0|    1|          0|
    |ap_enable_reg_pp0_iter1  |   1|   0|    1|          0|
    |best_fu_98               |  32|   0|   32|          0|
    |s_1_fu_102               |   5|   0|    5|          0|
    +-------------------------+----+----+-----+-----------+
    |Total                    |  40|   0|   40|          0|
    +-------------------------+----+----+-----+-----------+



================================================================
== Interface
================================================================
* Summary: 
+-----------------+-----+-----+------------+----------------------------------+--------------+
|    RTL Ports    | Dir | Bits|  Protocol  |           Source Object          |    C Type    |
+-----------------+-----+-----+------------+----------------------------------+--------------+
|ap_clk           |   in|    1|  ap_ctrl_hs|  viterbi_Pipeline_VITIS_LOOP_23_6|  return value|
|ap_rst           |   in|    1|  ap_ctrl_hs|  viterbi_Pipeline_VITIS_LOOP_23_6|  return value|
|ap_start         |   in|    1|  ap_ctrl_hs|  viterbi_Pipeline_VITIS_LOOP_23_6|  return value|
|ap_done          |  out|    1|  ap_ctrl_hs|  viterbi_Pipeline_VITIS_LOOP_23_6|  return value|
|ap_idle          |  out|    1|  ap_ctrl_hs|  viterbi_Pipeline_VITIS_LOOP_23_6|  return value|
|ap_ready         |  out|    1|  ap_ctrl_hs|  viterbi_Pipeline_VITIS_LOOP_23_6|  return value|
|cost_34          |   in|   32|     ap_none|                           cost_34|        scalar|
|cost_35          |   in|   32|     ap_none|                           cost_35|        scalar|
|cost_36          |   in|   32|     ap_none|                           cost_36|        scalar|
|cost_37          |   in|   32|     ap_none|                           cost_37|        scalar|
|cost_38          |   in|   32|     ap_none|                           cost_38|        scalar|
|cost_39          |   in|   32|     ap_none|                           cost_39|        scalar|
|cost_40          |   in|   32|     ap_none|                           cost_40|        scalar|
|cost_41          |   in|   32|     ap_none|                           cost_41|        scalar|
|cost_42          |   in|   32|     ap_none|                           cost_42|        scalar|
|cost_43          |   in|   32|     ap_none|                           cost_43|        scalar|
|cost_44          |   in|   32|     ap_none|                           cost_44|        scalar|
|cost_45          |   in|   32|     ap_none|                           cost_45|        scalar|
|cost_46          |   in|   32|     ap_none|                           cost_46|        scalar|
|cost_47          |   in|   32|     ap_none|                           cost_47|        scalar|
|cost_48          |   in|   32|     ap_none|                           cost_48|        scalar|
|cost_33          |   in|   32|     ap_none|                           cost_33|        scalar|
|best_out         |  out|   32|      ap_vld|                          best_out|       pointer|
|best_out_ap_vld  |  out|    1|      ap_vld|                          best_out|       pointer|
+-----------------+-----+-----+------------+----------------------------------+--------------+

