

================================================================
== Vitis HLS Report for 'viterbi_Pipeline_VITIS_LOOP_20_5'
================================================================
* Date:           Sun Apr  5 07:12:47 2026

* Version:        2025.2 (Build 6295257 on Nov 14 2025)
* Project:        proj_viterbi_opt
* Solution:       sol1 (Vivado IP Flow Target)
* Product family: virtexuplus
* Target device:  xcvu9p-flga2104-2-i


================================================================
== Performance Estimates
================================================================
+ Timing: 
    * Summary: 
    +--------+----------+----------+------------+
    |  Clock |  Target  | Estimated| Uncertainty|
    +--------+----------+----------+------------+
    |ap_clk  |  10.00 ns|  1.481 ns|     2.70 ns|
    +--------+----------+----------+------------+

+ Latency: 
    * Summary: 
    +---------+---------+----------+----------+-----+-----+-------------------+
    |  Latency (cycles) |  Latency (absolute) |  Interval |      Pipeline     |
    |   min   |   max   |    min   |    max   | min | max |        Type       |
    +---------+---------+----------+----------+-----+-----+-------------------+
    |       18|       18|  0.180 us|  0.180 us|    0|    0|  loop pipeline stp|
    +---------+---------+----------+----------+-----+-----+-------------------+

    + Detail: 
        * Instance: 
        N/A

        * Loop: 
        +-------------------+---------+---------+----------+-----------+-----------+------+----------+
        |                   |  Latency (cycles) | Iteration|  Initiation Interval  | Trip |          |
        |     Loop Name     |   min   |   max   |  Latency |  achieved |   target  | Count| Pipelined|
        +-------------------+---------+---------+----------+-----------+-----------+------+----------+
        |- VITIS_LOOP_20_5  |       16|       16|         1|          1|          1|    16|       yes|
        +-------------------+---------+---------+----------+-----------+-----------+------+----------+



================================================================
== Utilization Estimates
================================================================
* Summary: 
+---------------------+---------+------+---------+---------+-----+
|         Name        | BRAM_18K|  DSP |    FF   |   LUT   | URAM|
+---------------------+---------+------+---------+---------+-----+
|DSP                  |        -|     -|        -|        -|    -|
|Expression           |        -|     -|        0|       25|    -|
|FIFO                 |        -|     -|        -|        -|    -|
|Instance             |        -|     -|        0|       65|    -|
|Memory               |        -|     -|        -|        -|    -|
|Multiplexer          |        -|     -|        0|       27|    -|
|Register             |        -|     -|        7|        -|    -|
+---------------------+---------+------+---------+---------+-----+
|Total                |        0|     0|        7|      117|    0|
+---------------------+---------+------+---------+---------+-----+
|Available SLR        |     1440|  2280|   788160|   394080|  320|
+---------------------+---------+------+---------+---------+-----+
|Utilization SLR (%)  |        0|     0|       ~0|       ~0|    0|
+---------------------+---------+------+---------+---------+-----+
|Available            |     4320|  6840|  2364480|  1182240|  960|
+---------------------+---------+------+---------+---------+-----+
|Utilization (%)      |        0|     0|       ~0|       ~0|    0|
+---------------------+---------+------+---------+---------+-----+

+ Detail: 
    * Instance: 
    +---------------------------+-----------------------+---------+----+---+----+-----+
    |          Instance         |         Module        | BRAM_18K| DSP| FF| LUT| URAM|
    +---------------------------+-----------------------+---------+----+---+----+-----+
    |sparsemux_33_4_32_1_1_U70  |sparsemux_33_4_32_1_1  |        0|   0|  0|  65|    0|
    +---------------------------+-----------------------+---------+----+---+----+-----+
    |Total                      |                       |        0|   0|  0|  65|    0|
    +---------------------------+-----------------------+---------+----+---+----+-----+

    * DSP: 
    N/A

    * Memory: 
    N/A

    * FIFO: 
    N/A

    * Expression: 
    +---------------------+----------+----+---+----+------------+------------+
    |    Variable Name    | Operation| DSP| FF| LUT| Bitwidth P0| Bitwidth P1|
    +---------------------+----------+----+---+----+------------+------------+
    |add_ln20_fu_240_p2   |         +|   0|  0|  12|           5|           1|
    |icmp_ln20_fu_234_p2  |      icmp|   0|  0|  13|           5|           6|
    +---------------------+----------+----+---+----+------------+------------+
    |Total                |          |   0|  0|  25|          10|           7|
    +---------------------+----------+----+---+----+------------+------------+

    * Multiplexer: 
    +----------------------+----+-----------+-----+-----------+
    |         Name         | LUT| Input Size| Bits| Total Bits|
    +----------------------+----+-----------+-----+-----------+
    |ap_done_int           |   9|          2|    1|          2|
    |ap_sig_allocacmp_s_2  |   9|          2|    5|         10|
    |s_fu_126              |   9|          2|    5|         10|
    +----------------------+----+-----------+-----+-----------+
    |Total                 |  27|          6|   11|         22|
    +----------------------+----+-----------+-----+-----------+

    * Register: 
    +-------------+---+----+-----+-----------+
    |     Name    | FF| LUT| Bits| Const Bits|
    +-------------+---+----+-----+-----------+
    |ap_CS_fsm    |  1|   0|    1|          0|
    |ap_done_reg  |  1|   0|    1|          0|
    |s_fu_126     |  5|   0|    5|          0|
    +-------------+---+----+-----+-----------+
    |Total        |  7|   0|    7|          0|
    +-------------+---+----+-----+-----------+



================================================================
== Interface
================================================================
* Summary: 
+--------------------+-----+-----+------------+----------------------------------+--------------+
|      RTL Ports     | Dir | Bits|  Protocol  |           Source Object          |    C Type    |
+--------------------+-----+-----+------------+----------------------------------+--------------+
|ap_clk              |   in|    1|  ap_ctrl_hs|  viterbi_Pipeline_VITIS_LOOP_20_5|  return value|
|ap_rst              |   in|    1|  ap_ctrl_hs|  viterbi_Pipeline_VITIS_LOOP_20_5|  return value|
|ap_start            |   in|    1|  ap_ctrl_hs|  viterbi_Pipeline_VITIS_LOOP_20_5|  return value|
|ap_done             |  out|    1|  ap_ctrl_hs|  viterbi_Pipeline_VITIS_LOOP_20_5|  return value|
|ap_idle             |  out|    1|  ap_ctrl_hs|  viterbi_Pipeline_VITIS_LOOP_20_5|  return value|
|ap_ready            |  out|    1|  ap_ctrl_hs|  viterbi_Pipeline_VITIS_LOOP_20_5|  return value|
|new_cost_16_reload  |   in|   32|     ap_none|                new_cost_16_reload|        scalar|
|new_cost_17_reload  |   in|   32|     ap_none|                new_cost_17_reload|        scalar|
|new_cost_18_reload  |   in|   32|     ap_none|                new_cost_18_reload|        scalar|
|new_cost_19_reload  |   in|   32|     ap_none|                new_cost_19_reload|        scalar|
|new_cost_20_reload  |   in|   32|     ap_none|                new_cost_20_reload|        scalar|
|new_cost_21_reload  |   in|   32|     ap_none|                new_cost_21_reload|        scalar|
|new_cost_22_reload  |   in|   32|     ap_none|                new_cost_22_reload|        scalar|
|new_cost_23_reload  |   in|   32|     ap_none|                new_cost_23_reload|        scalar|
|new_cost_24_reload  |   in|   32|     ap_none|                new_cost_24_reload|        scalar|
|new_cost_25_reload  |   in|   32|     ap_none|                new_cost_25_reload|        scalar|
|new_cost_26_reload  |   in|   32|     ap_none|                new_cost_26_reload|        scalar|
|new_cost_27_reload  |   in|   32|     ap_none|                new_cost_27_reload|        scalar|
|new_cost_28_reload  |   in|   32|     ap_none|                new_cost_28_reload|        scalar|
|new_cost_29_reload  |   in|   32|     ap_none|                new_cost_29_reload|        scalar|
|new_cost_30_reload  |   in|   32|     ap_none|                new_cost_30_reload|        scalar|
|new_cost_31_reload  |   in|   32|     ap_none|                new_cost_31_reload|        scalar|
|cost_64_out         |  out|   32|      ap_vld|                       cost_64_out|       pointer|
|cost_64_out_ap_vld  |  out|    1|      ap_vld|                       cost_64_out|       pointer|
|cost_63_out         |  out|   32|      ap_vld|                       cost_63_out|       pointer|
|cost_63_out_ap_vld  |  out|    1|      ap_vld|                       cost_63_out|       pointer|
|cost_62_out         |  out|   32|      ap_vld|                       cost_62_out|       pointer|
|cost_62_out_ap_vld  |  out|    1|      ap_vld|                       cost_62_out|       pointer|
|cost_61_out         |  out|   32|      ap_vld|                       cost_61_out|       pointer|
|cost_61_out_ap_vld  |  out|    1|      ap_vld|                       cost_61_out|       pointer|
|cost_60_out         |  out|   32|      ap_vld|                       cost_60_out|       pointer|
|cost_60_out_ap_vld  |  out|    1|      ap_vld|                       cost_60_out|       pointer|
|cost_59_out         |  out|   32|      ap_vld|                       cost_59_out|       pointer|
|cost_59_out_ap_vld  |  out|    1|      ap_vld|                       cost_59_out|       pointer|
|cost_58_out         |  out|   32|      ap_vld|                       cost_58_out|       pointer|
|cost_58_out_ap_vld  |  out|    1|      ap_vld|                       cost_58_out|       pointer|
|cost_57_out         |  out|   32|      ap_vld|                       cost_57_out|       pointer|
|cost_57_out_ap_vld  |  out|    1|      ap_vld|                       cost_57_out|       pointer|
|cost_56_out         |  out|   32|      ap_vld|                       cost_56_out|       pointer|
|cost_56_out_ap_vld  |  out|    1|      ap_vld|                       cost_56_out|       pointer|
|cost_55_out         |  out|   32|      ap_vld|                       cost_55_out|       pointer|
|cost_55_out_ap_vld  |  out|    1|      ap_vld|                       cost_55_out|       pointer|
|cost_54_out         |  out|   32|      ap_vld|                       cost_54_out|       pointer|
|cost_54_out_ap_vld  |  out|    1|      ap_vld|                       cost_54_out|       pointer|
|cost_53_out         |  out|   32|      ap_vld|                       cost_53_out|       pointer|
|cost_53_out_ap_vld  |  out|    1|      ap_vld|                       cost_53_out|       pointer|
|cost_52_out         |  out|   32|      ap_vld|                       cost_52_out|       pointer|
|cost_52_out_ap_vld  |  out|    1|      ap_vld|                       cost_52_out|       pointer|
|cost_51_out         |  out|   32|      ap_vld|                       cost_51_out|       pointer|
|cost_51_out_ap_vld  |  out|    1|      ap_vld|                       cost_51_out|       pointer|
|cost_50_out         |  out|   32|      ap_vld|                       cost_50_out|       pointer|
|cost_50_out_ap_vld  |  out|    1|      ap_vld|                       cost_50_out|       pointer|
|cost_49_out         |  out|   32|      ap_vld|                       cost_49_out|       pointer|
|cost_49_out_ap_vld  |  out|    1|      ap_vld|                       cost_49_out|       pointer|
+--------------------+-----+-----+------------+----------------------------------+--------------+

