

================================================================
== Vitis HLS Report for 'conv2d_Pipeline_VITIS_LOOP_9_1_VITIS_LOOP_10_2'
================================================================
* Date:           Sat Apr  4 19:38:53 2026

* Version:        2025.2 (Build 6295257 on Nov 14 2025)
* Project:        proj_conv2d_opt
* Solution:       sol1 (Vivado IP Flow Target)
* Product family: virtexuplus
* Target device:  xcvu9p-flga2104-2-i


================================================================
== Performance Estimates
================================================================
+ Timing: 
    * Summary: 
    +--------+----------+----------+------------+
    |  Clock |  Target  | Estimated| Uncertainty|
    +--------+----------+----------+------------+
    |ap_clk  |  10.00 ns|  5.363 ns|     2.70 ns|
    +--------+----------+----------+------------+

+ Latency: 
    * Summary: 
    +---------+---------+-----------+-----------+-----+-----+-------------------+
    |  Latency (cycles) |   Latency (absolute)  |  Interval |      Pipeline     |
    |   min   |   max   |    min    |    max    | min | max |        Type       |
    +---------+---------+-----------+-----------+-----+-----+-------------------+
    |     4502|     4502|  45.020 us|  45.020 us|    0|    0|  loop pipeline stp|
    +---------+---------+-----------+-----------+-----+-----+-------------------+

    + Detail: 
        * Instance: 
        N/A

        * Loop: 
        +----------------------------------+---------+---------+----------+-----------+-----------+------+----------+
        |                                  |  Latency (cycles) | Iteration|  Initiation Interval  | Trip |          |
        |             Loop Name            |   min   |   max   |  Latency |  achieved |   target  | Count| Pipelined|
        +----------------------------------+---------+---------+----------+-----------+-----------+------+----------+
        |- VITIS_LOOP_9_1_VITIS_LOOP_10_2  |     4500|     4500|         6|          5|          1|   900|       yes|
        +----------------------------------+---------+---------+----------+-----------+-----------+------+----------+



================================================================
== Utilization Estimates
================================================================
* Summary: 
+---------------------+---------+------+---------+---------+-----+
|         Name        | BRAM_18K|  DSP |    FF   |   LUT   | URAM|
+---------------------+---------+------+---------+---------+-----+
|DSP                  |        -|     -|        -|        -|    -|
|Expression           |        -|     -|        0|      392|    -|
|FIFO                 |        -|     -|        -|        -|    -|
|Instance             |        -|     6|        0|       40|    -|
|Memory               |        -|     -|        -|        -|    -|
|Multiplexer          |        -|     -|        0|      281|    -|
|Register             |        -|     -|      258|        -|    -|
+---------------------+---------+------+---------+---------+-----+
|Total                |        0|     6|      258|      713|    0|
+---------------------+---------+------+---------+---------+-----+
|Available SLR        |     1440|  2280|   788160|   394080|  320|
+---------------------+---------+------+---------+---------+-----+
|Utilization SLR (%)  |        0|    ~0|       ~0|       ~0|    0|
+---------------------+---------+------+---------+---------+-----+
|Available            |     4320|  6840|  2364480|  1182240|  960|
+---------------------+---------+------+---------+---------+-----+
|Utilization (%)      |        0|    ~0|       ~0|       ~0|    0|
+---------------------+---------+------+---------+---------+-----+

+ Detail: 
    * Instance: 
    +-----------------------+--------------------+---------+----+---+----+-----+
    |        Instance       |       Module       | BRAM_18K| DSP| FF| LUT| URAM|
    +-----------------------+--------------------+---------+----+---+----+-----+
    |mul_32s_32s_32_1_1_U1  |mul_32s_32s_32_1_1  |        0|   3|  0|  20|    0|
    |mul_32s_32s_32_1_1_U2  |mul_32s_32s_32_1_1  |        0|   3|  0|  20|    0|
    +-----------------------+--------------------+---------+----+---+----+-----+
    |Total                  |                    |        0|   6|  0|  40|    0|
    +-----------------------+--------------------+---------+----+---+----+-----+

    * DSP: 
    N/A

    * Memory: 
    N/A

    * FIFO: 
    N/A

    * Expression: 
    +------------------------+----------+----+---+----+------------+------------+
    |      Variable Name     | Operation| DSP| FF| LUT| Bitwidth P0| Bitwidth P1|
    +------------------------+----------+----+---+----+------------+------------+
    |add_ln16_10_fu_543_p2   |         +|   0|  0|  32|          32|          32|
    |add_ln16_11_fu_297_p2   |         +|   0|  0|  12|           5|           2|
    |add_ln16_1_fu_422_p2    |         +|   0|  0|  12|           5|           2|
    |add_ln16_3_fu_383_p2    |         +|   0|  0|  12|           5|           2|
    |add_ln16_6_fu_525_p2    |         +|   0|  0|  32|          32|          32|
    |add_ln16_7_fu_529_p2    |         +|   0|  0|  32|          32|          32|
    |add_ln16_8_fu_533_p2    |         +|   0|  0|  32|          32|          32|
    |add_ln16_9_fu_538_p2    |         +|   0|  0|  32|          32|          32|
    |add_ln16_fu_351_p2      |         +|   0|  0|  12|           5|           1|
    |add_ln17_fu_514_p2      |         +|   0|  0|  18|          10|          10|
    |add_ln9_fu_470_p2       |         +|   0|  0|  17|          10|           1|
    |grp_fu_254_p2           |         +|   0|  0|  39|          32|          32|
    |j_3_fu_332_p2           |         +|   0|  0|  12|           5|           1|
    |sum_fu_549_p2           |         +|   0|  0|  32|          32|          32|
    |sub_ln17_fu_505_p2      |         -|   0|  0|  18|          10|          10|
    |ap_condition_508        |       and|   0|  0|   2|           1|           1|
    |icmp_ln10_fu_451_p2     |      icmp|   0|  0|  12|           5|           3|
    |icmp_ln9_fu_476_p2      |      icmp|   0|  0|  17|          10|           8|
    |i_3_fu_303_p3           |    select|   0|  0|   5|           1|           5|
    |select_ln8_1_fu_311_p3  |    select|   0|  0|   5|           1|           5|
    |select_ln8_fu_289_p3    |    select|   0|  0|   5|           1|           1|
    |ap_enable_pp0           |       xor|   0|  0|   2|           1|           2|
    +------------------------+----------+----+---+----+------------+------------+
    |Total                   |          |   0|  0| 392|         299|         278|
    +------------------------+----------+----+---+----+------------+------------+

    * Multiplexer: 
    +-------------------------------------+----+-----------+-----+-----------+
    |                 Name                | LUT| Input Size| Bits| Total Bits|
    +-------------------------------------+----+-----------+-----+-----------+
    |add_ln164_fu_80                      |   9|          2|    5|         10|
    |ap_NS_fsm                            |  31|          6|    1|          6|
    |ap_done_int                          |   9|          2|    1|          2|
    |ap_enable_reg_pp0_iter0              |   9|          2|    1|          2|
    |ap_enable_reg_pp0_iter1              |   9|          2|    1|          2|
    |ap_loop_exit_ready_pp0_iter1_reg     |   9|          2|    1|          2|
    |ap_phi_mux_icmp_ln105_phi_fu_235_p4  |   9|          2|    1|          2|
    |ap_sig_allocacmp_add_ln164_load      |   9|          2|    5|         10|
    |ap_sig_allocacmp_i_2                 |   9|          2|    5|         10|
    |ap_sig_allocacmp_j_1                 |   9|          2|    5|         10|
    |grp_fu_242_p0                        |  14|          3|   32|         96|
    |grp_fu_242_p1                        |  31|          6|   32|        192|
    |grp_fu_247_p0                        |  14|          3|   32|         96|
    |grp_fu_247_p1                        |  26|          5|   32|        160|
    |i_fu_72                              |   9|          2|    5|         10|
    |indvar_flatten1_fu_68                |   9|          2|   10|         20|
    |input_r_address0_local               |  31|          6|   10|         60|
    |input_r_address1_local               |  26|          5|   10|         50|
    |j_fu_76                              |   9|          2|    5|         10|
    +-------------------------------------+----+-----------+-----+-----------+
    |Total                                | 281|         58|  194|        750|
    +-------------------------------------+----+-----------+-----+-----------+

    * Register: 
    +----------------------------------+----+----+-----+-----------+
    |               Name               | FF | LUT| Bits| Const Bits|
    +----------------------------------+----+----+-----+-----------+
    |add_ln164_fu_80                   |   5|   0|    5|          0|
    |add_ln16_1_reg_705                |   5|   0|    5|          0|
    |add_ln16_3_reg_674                |   5|   0|    5|          0|
    |add_ln16_4_reg_685                |  32|   0|   32|          0|
    |add_ln16_5_reg_700                |  32|   0|   32|          0|
    |ap_CS_fsm                         |   5|   0|    5|          0|
    |ap_done_reg                       |   1|   0|    1|          0|
    |ap_enable_reg_pp0_iter0_reg       |   1|   0|    1|          0|
    |ap_enable_reg_pp0_iter1           |   1|   0|    1|          0|
    |ap_loop_exit_ready_pp0_iter1_reg  |   1|   0|    1|          0|
    |i_3_reg_637                       |   5|   0|    5|          0|
    |i_fu_72                           |   5|   0|    5|          0|
    |icmp_ln10_reg_730                 |   1|   0|    1|          0|
    |icmp_ln9_reg_750                  |   1|   0|    1|          0|
    |indvar_flatten1_fu_68             |  10|   0|   10|          0|
    |j_3_reg_657                       |   5|   0|    5|          0|
    |j_fu_76                           |   5|   0|    5|          0|
    |mul_ln16_3_reg_740                |  32|   0|   32|          0|
    |mul_ln16_4_reg_745                |  32|   0|   32|          0|
    |mul_ln16_5_reg_720                |  32|   0|   32|          0|
    |mul_ln16_6_reg_725                |  32|   0|   32|          0|
    |select_ln8_1_reg_645              |   5|   0|    5|          0|
    |select_ln8_reg_629                |   5|   0|    5|          0|
    +----------------------------------+----+----+-----+-----------+
    |Total                             | 258|   0|  258|          0|
    +----------------------------------+----+----+-----+-----------+



================================================================
== Interface
================================================================
* Summary: 
+-------------------+-----+-----+------------+------------------------------------------------+--------------+
|     RTL Ports     | Dir | Bits|  Protocol  |                  Source Object                 |    C Type    |
+-------------------+-----+-----+------------+------------------------------------------------+--------------+
|ap_clk             |   in|    1|  ap_ctrl_hs|  conv2d_Pipeline_VITIS_LOOP_9_1_VITIS_LOOP_10_2|  return value|
|ap_rst             |   in|    1|  ap_ctrl_hs|  conv2d_Pipeline_VITIS_LOOP_9_1_VITIS_LOOP_10_2|  return value|
|ap_start           |   in|    1|  ap_ctrl_hs|  conv2d_Pipeline_VITIS_LOOP_9_1_VITIS_LOOP_10_2|  return value|
|ap_done            |  out|    1|  ap_ctrl_hs|  conv2d_Pipeline_VITIS_LOOP_9_1_VITIS_LOOP_10_2|  return value|
|ap_idle            |  out|    1|  ap_ctrl_hs|  conv2d_Pipeline_VITIS_LOOP_9_1_VITIS_LOOP_10_2|  return value|
|ap_ready           |  out|    1|  ap_ctrl_hs|  conv2d_Pipeline_VITIS_LOOP_9_1_VITIS_LOOP_10_2|  return value|
|input_r_address0   |  out|   10|   ap_memory|                                         input_r|         array|
|input_r_ce0        |  out|    1|   ap_memory|                                         input_r|         array|
|input_r_q0         |   in|   32|   ap_memory|                                         input_r|         array|
|input_r_address1   |  out|   10|   ap_memory|                                         input_r|         array|
|input_r_ce1        |  out|    1|   ap_memory|                                         input_r|         array|
|input_r_q1         |   in|   32|   ap_memory|                                         input_r|         array|
|output_r_address0  |  out|   10|   ap_memory|                                        output_r|         array|
|output_r_ce0       |  out|    1|   ap_memory|                                        output_r|         array|
|output_r_we0       |  out|    1|   ap_memory|                                        output_r|         array|
|output_r_d0        |  out|   32|   ap_memory|                                        output_r|         array|
|kernel_0_load      |   in|   32|     ap_none|                                   kernel_0_load|        scalar|
|kernel_0_load_1    |   in|   32|     ap_none|                                 kernel_0_load_1|        scalar|
|kernel_2_load_2    |   in|   32|     ap_none|                                 kernel_2_load_2|        scalar|
|kernel_2_load_1    |   in|   32|     ap_none|                                 kernel_2_load_1|        scalar|
|kernel_2_load      |   in|   32|     ap_none|                                   kernel_2_load|        scalar|
|kernel_1_load_2    |   in|   32|     ap_none|                                 kernel_1_load_2|        scalar|
|kernel_1_load_1    |   in|   32|     ap_none|                                 kernel_1_load_1|        scalar|
|kernel_1_load      |   in|   32|     ap_none|                                   kernel_1_load|        scalar|
|kernel_0_load_2    |   in|   32|     ap_none|                                 kernel_0_load_2|        scalar|
+-------------------+-----+-----+------------+------------------------------------------------+--------------+

