

================================================================
== Vitis HLS Report for 'aes_encrypt'
================================================================
* Date:           Sat Apr  4 14:26:59 2026

* Version:        2025.2 (Build 6295257 on Nov 14 2025)
* Project:        proj_aes_opt
* Solution:       sol1 (Vivado IP Flow Target)
* Product family: virtexuplus
* Target device:  xcvu9p-flga2104-2-i


================================================================
== Performance Estimates
================================================================
+ Timing: 
    * Summary: 
    +--------+----------+----------+------------+
    |  Clock |  Target  | Estimated| Uncertainty|
    +--------+----------+----------+------------+
    |ap_clk  |  10.00 ns|  1.682 ns|     2.70 ns|
    +--------+----------+----------+------------+

+ Latency: 
    * Summary: 
    +---------+---------+----------+----------+-----+-----+---------+
    |  Latency (cycles) |  Latency (absolute) |  Interval | Pipeline|
    |   min   |   max   |    min   |    max   | min | max |   Type  |
    +---------+---------+----------+----------+-----+-----+---------+
    |       16|       16|  0.160 us|  0.160 us|   17|   17|       no|
    +---------+---------+----------+----------+-----+-----+---------+

    + Detail: 
        * Instance: 
        +-------------------------------------------------+-------------------------------------+---------+---------+----------+----------+-----+-----+-------------------+
        |                                                 |                                     |  Latency (cycles) |  Latency (absolute) |  Interval |      Pipeline     |
        |                     Instance                    |                Module               |   min   |   max   |    min   |    max   | min | max |        Type       |
        +-------------------------------------------------+-------------------------------------+---------+---------+----------+----------+-----+-----+-------------------+
        |grp_aes_encrypt_Pipeline_VITIS_LOOP_9_1_fu_2518  |aes_encrypt_Pipeline_VITIS_LOOP_9_1  |       11|       11|  0.110 us|  0.110 us|    0|    0|  loop pipeline stp|
        +-------------------------------------------------+-------------------------------------+---------+---------+----------+----------+-----+-----+-------------------+

        * Loop: 
        N/A



================================================================
== Utilization Estimates
================================================================
* Summary: 
+---------------------+---------+------+---------+---------+-----+
|         Name        | BRAM_18K|  DSP |    FF   |   LUT   | URAM|
+---------------------+---------+------+---------+---------+-----+
|DSP                  |        -|     -|        -|        -|    -|
|Expression           |        -|     -|        -|        -|    -|
|FIFO                 |        -|     -|        -|        -|    -|
|Instance             |        -|     -|      135|    22117|    -|
|Memory               |        -|     -|        -|        -|    -|
|Multiplexer          |        -|     -|        0|      469|    -|
|Register             |        -|     -|     2439|        -|    -|
+---------------------+---------+------+---------+---------+-----+
|Total                |        0|     0|     2574|    22586|    0|
+---------------------+---------+------+---------+---------+-----+
|Available SLR        |     1440|  2280|   788160|   394080|  320|
+---------------------+---------+------+---------+---------+-----+
|Utilization SLR (%)  |        0|     0|       ~0|        5|    0|
+---------------------+---------+------+---------+---------+-----+
|Available            |     4320|  6840|  2364480|  1182240|  960|
+---------------------+---------+------+---------+---------+-----+
|Utilization (%)      |        0|     0|       ~0|        1|    0|
+---------------------+---------+------+---------+---------+-----+

+ Detail: 
    * Instance: 
    +-------------------------------------------------+-------------------------------------+---------+----+-----+-------+-----+
    |                     Instance                    |                Module               | BRAM_18K| DSP|  FF |  LUT  | URAM|
    +-------------------------------------------------+-------------------------------------+---------+----+-----+-------+-----+
    |grp_aes_encrypt_Pipeline_VITIS_LOOP_9_1_fu_2518  |aes_encrypt_Pipeline_VITIS_LOOP_9_1  |        0|   0|  135|  22117|    0|
    +-------------------------------------------------+-------------------------------------+---------+----+-----+-------+-----+
    |Total                                            |                                     |        0|   0|  135|  22117|    0|
    +-------------------------------------------------+-------------------------------------+---------+----+-----+-------+-----+

    * DSP: 
    N/A

    * Memory: 
    N/A

    * FIFO: 
    N/A

    * Expression: 
    N/A

    * Multiplexer: 
    +------------------------+----+-----------+-----+-----------+
    |          Name          | LUT| Input Size| Bits| Total Bits|
    +------------------------+----+-----------+-----+-----------+
    |ap_NS_fsm               |  37|          7|    1|          7|
    |key_0_address0_local    |  14|          3|    2|          6|
    |key_0_address1_local    |  14|          3|    2|          6|
    |key_1_address0_local    |  14|          3|    2|          6|
    |key_1_address1_local    |  14|          3|    2|          6|
    |key_2_address0_local    |  14|          3|    2|          6|
    |key_2_address1_local    |  14|          3|    2|          6|
    |key_3_address0_local    |  14|          3|    2|          6|
    |key_3_address1_local    |  14|          3|    2|          6|
    |state_0_address0_local  |  26|          5|    2|         10|
    |state_0_address1_local  |  26|          5|    2|         10|
    |state_0_d0_local        |  14|          3|    8|         24|
    |state_0_d1_local        |  14|          3|    8|         24|
    |state_1_address0_local  |  26|          5|    2|         10|
    |state_1_address1_local  |  26|          5|    2|         10|
    |state_1_d0_local        |  14|          3|    8|         24|
    |state_1_d1_local        |  14|          3|    8|         24|
    |state_2_address0_local  |  26|          5|    2|         10|
    |state_2_address1_local  |  26|          5|    2|         10|
    |state_2_d0_local        |  14|          3|    8|         24|
    |state_2_d1_local        |  14|          3|    8|         24|
    |state_3_address0_local  |  26|          5|    2|         10|
    |state_3_address1_local  |  26|          5|    2|         10|
    |state_3_d0_local        |  14|          3|    8|         24|
    |state_3_d1_local        |  14|          3|    8|         24|
    +------------------------+----+-----------+-----+-----------+
    |Total                   | 469|         95|   97|        327|
    +------------------------+----+-----------+-----+-----------+

    * Register: 
    +--------------------------------------------------------------+----+----+-----+-----------+
    |                             Name                             | FF | LUT| Bits| Const Bits|
    +--------------------------------------------------------------+----+----+-----+-----------+
    |ap_CS_fsm                                                     |   6|   0|    6|          0|
    |grp_aes_encrypt_Pipeline_VITIS_LOOP_9_1_fu_2518_ap_start_reg  |   1|   0|    1|          0|
    |key_0_load_1_reg_3343                                         |   8|   0|    8|          0|
    |key_0_load_2_reg_3498                                         |   8|   0|    8|          0|
    |key_0_load_3_reg_3503                                         |   8|   0|    8|          0|
    |key_0_load_reg_3338                                           |   8|   0|    8|          0|
    |key_1_load_1_reg_3363                                         |   8|   0|    8|          0|
    |key_1_load_2_reg_3508                                         |   8|   0|    8|          0|
    |key_1_load_3_reg_3513                                         |   8|   0|    8|          0|
    |key_1_load_reg_3358                                           |   8|   0|    8|          0|
    |key_2_load_1_reg_3383                                         |   8|   0|    8|          0|
    |key_2_load_2_reg_3518                                         |   8|   0|    8|          0|
    |key_2_load_3_reg_3523                                         |   8|   0|    8|          0|
    |key_2_load_reg_3378                                           |   8|   0|    8|          0|
    |key_3_load_1_reg_3403                                         |   8|   0|    8|          0|
    |key_3_load_2_reg_3528                                         |   8|   0|    8|          0|
    |key_3_load_3_reg_3533                                         |   8|   0|    8|          0|
    |key_3_load_reg_3398                                           |   8|   0|    8|          0|
    |sbox_0_read_reg_3578                                          |   8|   0|    8|          0|
    |sbox_100_read_reg_4078                                        |   8|   0|    8|          0|
    |sbox_101_read_reg_4083                                        |   8|   0|    8|          0|
    |sbox_102_read_reg_4088                                        |   8|   0|    8|          0|
    |sbox_103_read_reg_4093                                        |   8|   0|    8|          0|
    |sbox_104_read_reg_4098                                        |   8|   0|    8|          0|
    |sbox_105_read_reg_4103                                        |   8|   0|    8|          0|
    |sbox_106_read_reg_4108                                        |   8|   0|    8|          0|
    |sbox_107_read_reg_4113                                        |   8|   0|    8|          0|
    |sbox_108_read_reg_4118                                        |   8|   0|    8|          0|
    |sbox_109_read_reg_4123                                        |   8|   0|    8|          0|
    |sbox_10_read_reg_3628                                         |   8|   0|    8|          0|
    |sbox_110_read_reg_4128                                        |   8|   0|    8|          0|
    |sbox_111_read_reg_4133                                        |   8|   0|    8|          0|
    |sbox_112_read_reg_4138                                        |   8|   0|    8|          0|
    |sbox_113_read_reg_4143                                        |   8|   0|    8|          0|
    |sbox_114_read_reg_4148                                        |   8|   0|    8|          0|
    |sbox_115_read_reg_4153                                        |   8|   0|    8|          0|
    |sbox_116_read_reg_4158                                        |   8|   0|    8|          0|
    |sbox_117_read_reg_4163                                        |   8|   0|    8|          0|
    |sbox_118_read_reg_4168                                        |   8|   0|    8|          0|
    |sbox_119_read_reg_4173                                        |   8|   0|    8|          0|
    |sbox_11_read_reg_3633                                         |   8|   0|    8|          0|
    |sbox_120_read_reg_4178                                        |   8|   0|    8|          0|
    |sbox_121_read_reg_4183                                        |   8|   0|    8|          0|
    |sbox_122_read_reg_4188                                        |   8|   0|    8|          0|
    |sbox_123_read_reg_4193                                        |   8|   0|    8|          0|
    |sbox_124_read_reg_4198                                        |   8|   0|    8|          0|
    |sbox_125_read_reg_4203                                        |   8|   0|    8|          0|
    |sbox_126_read_reg_4208                                        |   8|   0|    8|          0|
    |sbox_127_read_reg_4213                                        |   8|   0|    8|          0|
    |sbox_128_read_reg_4218                                        |   8|   0|    8|          0|
    |sbox_129_read_reg_4223                                        |   8|   0|    8|          0|
    |sbox_12_read_reg_3638                                         |   8|   0|    8|          0|
    |sbox_130_read_reg_4228                                        |   8|   0|    8|          0|
    |sbox_131_read_reg_4233                                        |   8|   0|    8|          0|
    |sbox_132_read_reg_4238                                        |   8|   0|    8|          0|
    |sbox_133_read_reg_4243                                        |   8|   0|    8|          0|
    |sbox_134_read_reg_4248                                        |   8|   0|    8|          0|
    |sbox_135_read_reg_4253                                        |   8|   0|    8|          0|
    |sbox_136_read_reg_4258                                        |   8|   0|    8|          0|
    |sbox_137_read_reg_4263                                        |   8|   0|    8|          0|
    |sbox_138_read_reg_4268                                        |   8|   0|    8|          0|
    |sbox_139_read_reg_4273                                        |   8|   0|    8|          0|
    |sbox_13_read_reg_3643                                         |   8|   0|    8|          0|
    |sbox_140_read_reg_4278                                        |   8|   0|    8|          0|
    |sbox_141_read_reg_4283                                        |   8|   0|    8|          0|
    |sbox_142_read_reg_4288                                        |   8|   0|    8|          0|
    |sbox_143_read_reg_4293                                        |   8|   0|    8|          0|
    |sbox_144_read_reg_4298                                        |   8|   0|    8|          0|
    |sbox_145_read_reg_4303                                        |   8|   0|    8|          0|
    |sbox_146_read_reg_4308                                        |   8|   0|    8|          0|
    |sbox_147_read_reg_4313                                        |   8|   0|    8|          0|
    |sbox_148_read_reg_4318                                        |   8|   0|    8|          0|
    |sbox_149_read_reg_4323                                        |   8|   0|    8|          0|
    |sbox_14_read_reg_3648                                         |   8|   0|    8|          0|
    |sbox_150_read_reg_4328                                        |   8|   0|    8|          0|
    |sbox_151_read_reg_4333                                        |   8|   0|    8|          0|
    |sbox_152_read_reg_4338                                        |   8|   0|    8|          0|
    |sbox_153_read_reg_4343                                        |   8|   0|    8|          0|
    |sbox_154_read_reg_4348                                        |   8|   0|    8|          0|
    |sbox_155_read_reg_4353                                        |   8|   0|    8|          0|
    |sbox_156_read_reg_4358                                        |   8|   0|    8|          0|
    |sbox_157_read_reg_4363                                        |   8|   0|    8|          0|
    |sbox_158_read_reg_4368                                        |   8|   0|    8|          0|
    |sbox_159_read_reg_4373                                        |   8|   0|    8|          0|
    |sbox_15_read_reg_3653                                         |   8|   0|    8|          0|
    |sbox_160_read_reg_4378                                        |   8|   0|    8|          0|
    |sbox_161_read_reg_4383                                        |   8|   0|    8|          0|
    |sbox_162_read_reg_4388                                        |   8|   0|    8|          0|
    |sbox_163_read_reg_4393                                        |   8|   0|    8|          0|
    |sbox_164_read_reg_4398                                        |   8|   0|    8|          0|
    |sbox_165_read_reg_4403                                        |   8|   0|    8|          0|
    |sbox_166_read_reg_4408                                        |   8|   0|    8|          0|
    |sbox_167_read_reg_4413                                        |   8|   0|    8|          0|
    |sbox_168_read_reg_4418                                        |   8|   0|    8|          0|
    |sbox_169_read_reg_4423                                        |   8|   0|    8|          0|
    |sbox_16_read_reg_3658                                         |   8|   0|    8|          0|
    |sbox_170_read_reg_4428                                        |   8|   0|    8|          0|
    |sbox_171_read_reg_4433                                        |   8|   0|    8|          0|
    |sbox_172_read_reg_4438                                        |   8|   0|    8|          0|
    |sbox_173_read_reg_4443                                        |   8|   0|    8|          0|
    |sbox_174_read_reg_4448                                        |   8|   0|    8|          0|
    |sbox_175_read_reg_4453                                        |   8|   0|    8|          0|
    |sbox_176_read_reg_4458                                        |   8|   0|    8|          0|
    |sbox_177_read_reg_4463                                        |   8|   0|    8|          0|
    |sbox_178_read_reg_4468                                        |   8|   0|    8|          0|
    |sbox_179_read_reg_4473                                        |   8|   0|    8|          0|
    |sbox_17_read_reg_3663                                         |   8|   0|    8|          0|
    |sbox_180_read_reg_4478                                        |   8|   0|    8|          0|
    |sbox_181_read_reg_4483                                        |   8|   0|    8|          0|
    |sbox_182_read_reg_4488                                        |   8|   0|    8|          0|
    |sbox_183_read_reg_4493                                        |   8|   0|    8|          0|
    |sbox_184_read_reg_4498                                        |   8|   0|    8|          0|
    |sbox_185_read_reg_4503                                        |   8|   0|    8|          0|
    |sbox_186_read_reg_4508                                        |   8|   0|    8|          0|
    |sbox_187_read_reg_4513                                        |   8|   0|    8|          0|
    |sbox_188_read_reg_4518                                        |   8|   0|    8|          0|
    |sbox_189_read_reg_4523                                        |   8|   0|    8|          0|
    |sbox_18_read_reg_3668                                         |   8|   0|    8|          0|
    |sbox_190_read_reg_4528                                        |   8|   0|    8|          0|
    |sbox_191_read_reg_4533                                        |   8|   0|    8|          0|
    |sbox_192_read_reg_4538                                        |   8|   0|    8|          0|
    |sbox_193_read_reg_4543                                        |   8|   0|    8|          0|
    |sbox_194_read_reg_4548                                        |   8|   0|    8|          0|
    |sbox_195_read_reg_4553                                        |   8|   0|    8|          0|
    |sbox_196_read_reg_4558                                        |   8|   0|    8|          0|
    |sbox_197_read_reg_4563                                        |   8|   0|    8|          0|
    |sbox_198_read_reg_4568                                        |   8|   0|    8|          0|
    |sbox_199_read_reg_4573                                        |   8|   0|    8|          0|
    |sbox_19_read_reg_3673                                         |   8|   0|    8|          0|
    |sbox_1_read_reg_3583                                          |   8|   0|    8|          0|
    |sbox_200_read_reg_4578                                        |   8|   0|    8|          0|
    |sbox_201_read_reg_4583                                        |   8|   0|    8|          0|
    |sbox_202_read_reg_4588                                        |   8|   0|    8|          0|
    |sbox_203_read_reg_4593                                        |   8|   0|    8|          0|
    |sbox_204_read_reg_4598                                        |   8|   0|    8|          0|
    |sbox_205_read_reg_4603                                        |   8|   0|    8|          0|
    |sbox_206_read_reg_4608                                        |   8|   0|    8|          0|
    |sbox_207_read_reg_4613                                        |   8|   0|    8|          0|
    |sbox_208_read_reg_4618                                        |   8|   0|    8|          0|
    |sbox_209_read_reg_4623                                        |   8|   0|    8|          0|
    |sbox_20_read_reg_3678                                         |   8|   0|    8|          0|
    |sbox_210_read_reg_4628                                        |   8|   0|    8|          0|
    |sbox_211_read_reg_4633                                        |   8|   0|    8|          0|
    |sbox_212_read_reg_4638                                        |   8|   0|    8|          0|
    |sbox_213_read_reg_4643                                        |   8|   0|    8|          0|
    |sbox_214_read_reg_4648                                        |   8|   0|    8|          0|
    |sbox_215_read_reg_4653                                        |   8|   0|    8|          0|
    |sbox_216_read_reg_4658                                        |   8|   0|    8|          0|
    |sbox_217_read_reg_4663                                        |   8|   0|    8|          0|
    |sbox_218_read_reg_4668                                        |   8|   0|    8|          0|
    |sbox_219_read_reg_4673                                        |   8|   0|    8|          0|
    |sbox_21_read_reg_3683                                         |   8|   0|    8|          0|
    |sbox_220_read_reg_4678                                        |   8|   0|    8|          0|
    |sbox_221_read_reg_4683                                        |   8|   0|    8|          0|
    |sbox_222_read_reg_4688                                        |   8|   0|    8|          0|
    |sbox_223_read_reg_4693                                        |   8|   0|    8|          0|
    |sbox_224_read_reg_4698                                        |   8|   0|    8|          0|
    |sbox_225_read_reg_4703                                        |   8|   0|    8|          0|
    |sbox_226_read_reg_4708                                        |   8|   0|    8|          0|
    |sbox_227_read_reg_4713                                        |   8|   0|    8|          0|
    |sbox_228_read_reg_4718                                        |   8|   0|    8|          0|
    |sbox_229_read_reg_4723                                        |   8|   0|    8|          0|
    |sbox_22_read_reg_3688                                         |   8|   0|    8|          0|
    |sbox_230_read_reg_4728                                        |   8|   0|    8|          0|
    |sbox_231_read_reg_4733                                        |   8|   0|    8|          0|
    |sbox_232_read_reg_4738                                        |   8|   0|    8|          0|
    |sbox_233_read_reg_4743                                        |   8|   0|    8|          0|
    |sbox_234_read_reg_4748                                        |   8|   0|    8|          0|
    |sbox_235_read_reg_4753                                        |   8|   0|    8|          0|
    |sbox_236_read_reg_4758                                        |   8|   0|    8|          0|
    |sbox_237_read_reg_4763                                        |   8|   0|    8|          0|
    |sbox_238_read_reg_4768                                        |   8|   0|    8|          0|
    |sbox_239_read_reg_4773                                        |   8|   0|    8|          0|
    |sbox_23_read_reg_3693                                         |   8|   0|    8|          0|
    |sbox_240_read_reg_4778                                        |   8|   0|    8|          0|
    |sbox_241_read_reg_4783                                        |   8|   0|    8|          0|
    |sbox_242_read_reg_4788                                        |   8|   0|    8|          0|
    |sbox_243_read_reg_4793                                        |   8|   0|    8|          0|
    |sbox_244_read_reg_4798                                        |   8|   0|    8|          0|
    |sbox_245_read_reg_4803                                        |   8|   0|    8|          0|
    |sbox_246_read_reg_4808                                        |   8|   0|    8|          0|
    |sbox_247_read_reg_4813                                        |   8|   0|    8|          0|
    |sbox_248_read_reg_4818                                        |   8|   0|    8|          0|
    |sbox_249_read_reg_4823                                        |   8|   0|    8|          0|
    |sbox_24_read_reg_3698                                         |   8|   0|    8|          0|
    |sbox_250_read_reg_4828                                        |   8|   0|    8|          0|
    |sbox_251_read_reg_4833                                        |   8|   0|    8|          0|
    |sbox_252_read_reg_4838                                        |   8|   0|    8|          0|
    |sbox_253_read_reg_4843                                        |   8|   0|    8|          0|
    |sbox_254_read_reg_4848                                        |   8|   0|    8|          0|
    |sbox_255_read_reg_4853                                        |   8|   0|    8|          0|
    |sbox_25_read_reg_3703                                         |   8|   0|    8|          0|
    |sbox_26_read_reg_3708                                         |   8|   0|    8|          0|
    |sbox_27_read_reg_3713                                         |   8|   0|    8|          0|
    |sbox_28_read_reg_3718                                         |   8|   0|    8|          0|
    |sbox_29_read_reg_3723                                         |   8|   0|    8|          0|
    |sbox_2_read_reg_3588                                          |   8|   0|    8|          0|
    |sbox_30_read_reg_3728                                         |   8|   0|    8|          0|
    |sbox_31_read_reg_3733                                         |   8|   0|    8|          0|
    |sbox_32_read_reg_3738                                         |   8|   0|    8|          0|
    |sbox_33_read_reg_3743                                         |   8|   0|    8|          0|
    |sbox_34_read_reg_3748                                         |   8|   0|    8|          0|
    |sbox_35_read_reg_3753                                         |   8|   0|    8|          0|
    |sbox_36_read_reg_3758                                         |   8|   0|    8|          0|
    |sbox_37_read_reg_3763                                         |   8|   0|    8|          0|
    |sbox_38_read_reg_3768                                         |   8|   0|    8|          0|
    |sbox_39_read_reg_3773                                         |   8|   0|    8|          0|
    |sbox_3_read_reg_3593                                          |   8|   0|    8|          0|
    |sbox_40_read_reg_3778                                         |   8|   0|    8|          0|
    |sbox_41_read_reg_3783                                         |   8|   0|    8|          0|
    |sbox_42_read_reg_3788                                         |   8|   0|    8|          0|
    |sbox_43_read_reg_3793                                         |   8|   0|    8|          0|
    |sbox_44_read_reg_3798                                         |   8|   0|    8|          0|
    |sbox_45_read_reg_3803                                         |   8|   0|    8|          0|
    |sbox_46_read_reg_3808                                         |   8|   0|    8|          0|
    |sbox_47_read_reg_3813                                         |   8|   0|    8|          0|
    |sbox_48_read_reg_3818                                         |   8|   0|    8|          0|
    |sbox_49_read_reg_3823                                         |   8|   0|    8|          0|
    |sbox_4_read_reg_3598                                          |   8|   0|    8|          0|
    |sbox_50_read_reg_3828                                         |   8|   0|    8|          0|
    |sbox_51_read_reg_3833                                         |   8|   0|    8|          0|
    |sbox_52_read_reg_3838                                         |   8|   0|    8|          0|
    |sbox_53_read_reg_3843                                         |   8|   0|    8|          0|
    |sbox_54_read_reg_3848                                         |   8|   0|    8|          0|
    |sbox_55_read_reg_3853                                         |   8|   0|    8|          0|
    |sbox_56_read_reg_3858                                         |   8|   0|    8|          0|
    |sbox_57_read_reg_3863                                         |   8|   0|    8|          0|
    |sbox_58_read_reg_3868                                         |   8|   0|    8|          0|
    |sbox_59_read_reg_3873                                         |   8|   0|    8|          0|
    |sbox_5_read_reg_3603                                          |   8|   0|    8|          0|
    |sbox_60_read_reg_3878                                         |   8|   0|    8|          0|
    |sbox_61_read_reg_3883                                         |   8|   0|    8|          0|
    |sbox_62_read_reg_3888                                         |   8|   0|    8|          0|
    |sbox_63_read_reg_3893                                         |   8|   0|    8|          0|
    |sbox_64_read_reg_3898                                         |   8|   0|    8|          0|
    |sbox_65_read_reg_3903                                         |   8|   0|    8|          0|
    |sbox_66_read_reg_3908                                         |   8|   0|    8|          0|
    |sbox_67_read_reg_3913                                         |   8|   0|    8|          0|
    |sbox_68_read_reg_3918                                         |   8|   0|    8|          0|
    |sbox_69_read_reg_3923                                         |   8|   0|    8|          0|
    |sbox_6_read_reg_3608                                          |   8|   0|    8|          0|
    |sbox_70_read_reg_3928                                         |   8|   0|    8|          0|
    |sbox_71_read_reg_3933                                         |   8|   0|    8|          0|
    |sbox_72_read_reg_3938                                         |   8|   0|    8|          0|
    |sbox_73_read_reg_3943                                         |   8|   0|    8|          0|
    |sbox_74_read_reg_3948                                         |   8|   0|    8|          0|
    |sbox_75_read_reg_3953                                         |   8|   0|    8|          0|
    |sbox_76_read_reg_3958                                         |   8|   0|    8|          0|
    |sbox_77_read_reg_3963                                         |   8|   0|    8|          0|
    |sbox_78_read_reg_3968                                         |   8|   0|    8|          0|
    |sbox_79_read_reg_3973                                         |   8|   0|    8|          0|
    |sbox_7_read_reg_3613                                          |   8|   0|    8|          0|
    |sbox_80_read_reg_3978                                         |   8|   0|    8|          0|
    |sbox_81_read_reg_3983                                         |   8|   0|    8|          0|
    |sbox_82_read_reg_3988                                         |   8|   0|    8|          0|
    |sbox_83_read_reg_3993                                         |   8|   0|    8|          0|
    |sbox_84_read_reg_3998                                         |   8|   0|    8|          0|
    |sbox_85_read_reg_4003                                         |   8|   0|    8|          0|
    |sbox_86_read_reg_4008                                         |   8|   0|    8|          0|
    |sbox_87_read_reg_4013                                         |   8|   0|    8|          0|
    |sbox_88_read_reg_4018                                         |   8|   0|    8|          0|
    |sbox_89_read_reg_4023                                         |   8|   0|    8|          0|
    |sbox_8_read_reg_3618                                          |   8|   0|    8|          0|
    |sbox_90_read_reg_4028                                         |   8|   0|    8|          0|
    |sbox_91_read_reg_4033                                         |   8|   0|    8|          0|
    |sbox_92_read_reg_4038                                         |   8|   0|    8|          0|
    |sbox_93_read_reg_4043                                         |   8|   0|    8|          0|
    |sbox_94_read_reg_4048                                         |   8|   0|    8|          0|
    |sbox_95_read_reg_4053                                         |   8|   0|    8|          0|
    |sbox_96_read_reg_4058                                         |   8|   0|    8|          0|
    |sbox_97_read_reg_4063                                         |   8|   0|    8|          0|
    |sbox_98_read_reg_4068                                         |   8|   0|    8|          0|
    |sbox_99_read_reg_4073                                         |   8|   0|    8|          0|
    |sbox_9_read_reg_3623                                          |   8|   0|    8|          0|
    |state_0_load_1_reg_3423                                       |   8|   0|    8|          0|
    |state_0_load_2_reg_3538                                       |   8|   0|    8|          0|
    |state_0_load_3_reg_3543                                       |   8|   0|    8|          0|
    |state_0_load_reg_3418                                         |   8|   0|    8|          0|
    |state_1_load_1_reg_3443                                       |   8|   0|    8|          0|
    |state_1_load_2_reg_3548                                       |   8|   0|    8|          0|
    |state_1_load_3_reg_3553                                       |   8|   0|    8|          0|
    |state_1_load_reg_3438                                         |   8|   0|    8|          0|
    |state_2_load_1_reg_3463                                       |   8|   0|    8|          0|
    |state_2_load_2_reg_3558                                       |   8|   0|    8|          0|
    |state_2_load_3_reg_3563                                       |   8|   0|    8|          0|
    |state_2_load_reg_3458                                         |   8|   0|    8|          0|
    |state_3_load_1_reg_3483                                       |   8|   0|    8|          0|
    |state_3_load_2_reg_3568                                       |   8|   0|    8|          0|
    |state_3_load_3_reg_3573                                       |   8|   0|    8|          0|
    |state_3_load_reg_3478                                         |   8|   0|    8|          0|
    |xor_ln20_10_loc_fu_578                                        |   8|   0|    8|          0|
    |xor_ln20_11_loc_fu_574                                        |   8|   0|    8|          0|
    |xor_ln20_12_loc_fu_570                                        |   8|   0|    8|          0|
    |xor_ln20_13_loc_fu_566                                        |   8|   0|    8|          0|
    |xor_ln20_14_loc_fu_562                                        |   8|   0|    8|          0|
    |xor_ln20_15_loc_fu_558                                        |   8|   0|    8|          0|
    |xor_ln20_1_loc_fu_614                                         |   8|   0|    8|          0|
    |xor_ln20_2_loc_fu_610                                         |   8|   0|    8|          0|
    |xor_ln20_3_loc_fu_606                                         |   8|   0|    8|          0|
    |xor_ln20_4_loc_fu_602                                         |   8|   0|    8|          0|
    |xor_ln20_5_loc_fu_598                                         |   8|   0|    8|          0|
    |xor_ln20_6_loc_fu_594                                         |   8|   0|    8|          0|
    |xor_ln20_7_loc_fu_590                                         |   8|   0|    8|          0|
    |xor_ln20_8_loc_fu_586                                         |   8|   0|    8|          0|
    |xor_ln20_9_loc_fu_582                                         |   8|   0|    8|          0|
    |xor_ln20_loc_fu_618                                           |   8|   0|    8|          0|
    +--------------------------------------------------------------+----+----+-----+-----------+
    |Total                                                         |2439|   0| 2439|          0|
    +--------------------------------------------------------------+----+----+-----+-----------+



================================================================
== Interface
================================================================
* Summary: 
+------------------+-----+-----+------------+--------------+--------------+
|     RTL Ports    | Dir | Bits|  Protocol  | Source Object|    C Type    |
+------------------+-----+-----+------------+--------------+--------------+
|ap_clk            |   in|    1|  ap_ctrl_hs|   aes_encrypt|  return value|
|ap_rst            |   in|    1|  ap_ctrl_hs|   aes_encrypt|  return value|
|ap_start          |   in|    1|  ap_ctrl_hs|   aes_encrypt|  return value|
|ap_done           |  out|    1|  ap_ctrl_hs|   aes_encrypt|  return value|
|ap_idle           |  out|    1|  ap_ctrl_hs|   aes_encrypt|  return value|
|ap_ready          |  out|    1|  ap_ctrl_hs|   aes_encrypt|  return value|
|state_0_address0  |  out|    2|   ap_memory|       state_0|         array|
|state_0_ce0       |  out|    1|   ap_memory|       state_0|         array|
|state_0_we0       |  out|    1|   ap_memory|       state_0|         array|
|state_0_d0        |  out|    8|   ap_memory|       state_0|         array|
|state_0_q0        |   in|    8|   ap_memory|       state_0|         array|
|state_0_address1  |  out|    2|   ap_memory|       state_0|         array|
|state_0_ce1       |  out|    1|   ap_memory|       state_0|         array|
|state_0_we1       |  out|    1|   ap_memory|       state_0|         array|
|state_0_d1        |  out|    8|   ap_memory|       state_0|         array|
|state_0_q1        |   in|    8|   ap_memory|       state_0|         array|
|state_1_address0  |  out|    2|   ap_memory|       state_1|         array|
|state_1_ce0       |  out|    1|   ap_memory|       state_1|         array|
|state_1_we0       |  out|    1|   ap_memory|       state_1|         array|
|state_1_d0        |  out|    8|   ap_memory|       state_1|         array|
|state_1_q0        |   in|    8|   ap_memory|       state_1|         array|
|state_1_address1  |  out|    2|   ap_memory|       state_1|         array|
|state_1_ce1       |  out|    1|   ap_memory|       state_1|         array|
|state_1_we1       |  out|    1|   ap_memory|       state_1|         array|
|state_1_d1        |  out|    8|   ap_memory|       state_1|         array|
|state_1_q1        |   in|    8|   ap_memory|       state_1|         array|
|state_2_address0  |  out|    2|   ap_memory|       state_2|         array|
|state_2_ce0       |  out|    1|   ap_memory|       state_2|         array|
|state_2_we0       |  out|    1|   ap_memory|       state_2|         array|
|state_2_d0        |  out|    8|   ap_memory|       state_2|         array|
|state_2_q0        |   in|    8|   ap_memory|       state_2|         array|
|state_2_address1  |  out|    2|   ap_memory|       state_2|         array|
|state_2_ce1       |  out|    1|   ap_memory|       state_2|         array|
|state_2_we1       |  out|    1|   ap_memory|       state_2|         array|
|state_2_d1        |  out|    8|   ap_memory|       state_2|         array|
|state_2_q1        |   in|    8|   ap_memory|       state_2|         array|
|state_3_address0  |  out|    2|   ap_memory|       state_3|         array|
|state_3_ce0       |  out|    1|   ap_memory|       state_3|         array|
|state_3_we0       |  out|    1|   ap_memory|       state_3|         array|
|state_3_d0        |  out|    8|   ap_memory|       state_3|         array|
|state_3_q0        |   in|    8|   ap_memory|       state_3|         array|
|state_3_address1  |  out|    2|   ap_memory|       state_3|         array|
|state_3_ce1       |  out|    1|   ap_memory|       state_3|         array|
|state_3_we1       |  out|    1|   ap_memory|       state_3|         array|
|state_3_d1        |  out|    8|   ap_memory|       state_3|         array|
|state_3_q1        |   in|    8|   ap_memory|       state_3|         array|
|key_0_address0    |  out|    2|   ap_memory|         key_0|         array|
|key_0_ce0         |  out|    1|   ap_memory|         key_0|         array|
|key_0_q0          |   in|    8|   ap_memory|         key_0|         array|
|key_0_address1    |  out|    2|   ap_memory|         key_0|         array|
|key_0_ce1         |  out|    1|   ap_memory|         key_0|         array|
|key_0_q1          |   in|    8|   ap_memory|         key_0|         array|
|key_1_address0    |  out|    2|   ap_memory|         key_1|         array|
|key_1_ce0         |  out|    1|   ap_memory|         key_1|         array|
|key_1_q0          |   in|    8|   ap_memory|         key_1|         array|
|key_1_address1    |  out|    2|   ap_memory|         key_1|         array|
|key_1_ce1         |  out|    1|   ap_memory|         key_1|         array|
|key_1_q1          |   in|    8|   ap_memory|         key_1|         array|
|key_2_address0    |  out|    2|   ap_memory|         key_2|         array|
|key_2_ce0         |  out|    1|   ap_memory|         key_2|         array|
|key_2_q0          |   in|    8|   ap_memory|         key_2|         array|
|key_2_address1    |  out|    2|   ap_memory|         key_2|         array|
|key_2_ce1         |  out|    1|   ap_memory|         key_2|         array|
|key_2_q1          |   in|    8|   ap_memory|         key_2|         array|
|key_3_address0    |  out|    2|   ap_memory|         key_3|         array|
|key_3_ce0         |  out|    1|   ap_memory|         key_3|         array|
|key_3_q0          |   in|    8|   ap_memory|         key_3|         array|
|key_3_address1    |  out|    2|   ap_memory|         key_3|         array|
|key_3_ce1         |  out|    1|   ap_memory|         key_3|         array|
|key_3_q1          |   in|    8|   ap_memory|         key_3|         array|
|sbox_0            |   in|    8|     ap_none|        sbox_0|       pointer|
|sbox_1            |   in|    8|     ap_none|        sbox_1|       pointer|
|sbox_2            |   in|    8|     ap_none|        sbox_2|       pointer|
|sbox_3            |   in|    8|     ap_none|        sbox_3|       pointer|
|sbox_4            |   in|    8|     ap_none|        sbox_4|       pointer|
|sbox_5            |   in|    8|     ap_none|        sbox_5|       pointer|
|sbox_6            |   in|    8|     ap_none|        sbox_6|       pointer|
|sbox_7            |   in|    8|     ap_none|        sbox_7|       pointer|
|sbox_8            |   in|    8|     ap_none|        sbox_8|       pointer|
|sbox_9            |   in|    8|     ap_none|        sbox_9|       pointer|
|sbox_10           |   in|    8|     ap_none|       sbox_10|       pointer|
|sbox_11           |   in|    8|     ap_none|       sbox_11|       pointer|
|sbox_12           |   in|    8|     ap_none|       sbox_12|       pointer|
|sbox_13           |   in|    8|     ap_none|       sbox_13|       pointer|
|sbox_14           |   in|    8|     ap_none|       sbox_14|       pointer|
|sbox_15           |   in|    8|     ap_none|       sbox_15|       pointer|
|sbox_16           |   in|    8|     ap_none|       sbox_16|       pointer|
|sbox_17           |   in|    8|     ap_none|       sbox_17|       pointer|
|sbox_18           |   in|    8|     ap_none|       sbox_18|       pointer|
|sbox_19           |   in|    8|     ap_none|       sbox_19|       pointer|
|sbox_20           |   in|    8|     ap_none|       sbox_20|       pointer|
|sbox_21           |   in|    8|     ap_none|       sbox_21|       pointer|
|sbox_22           |   in|    8|     ap_none|       sbox_22|       pointer|
|sbox_23           |   in|    8|     ap_none|       sbox_23|       pointer|
|sbox_24           |   in|    8|     ap_none|       sbox_24|       pointer|
|sbox_25           |   in|    8|     ap_none|       sbox_25|       pointer|
|sbox_26           |   in|    8|     ap_none|       sbox_26|       pointer|
|sbox_27           |   in|    8|     ap_none|       sbox_27|       pointer|
|sbox_28           |   in|    8|     ap_none|       sbox_28|       pointer|
|sbox_29           |   in|    8|     ap_none|       sbox_29|       pointer|
|sbox_30           |   in|    8|     ap_none|       sbox_30|       pointer|
|sbox_31           |   in|    8|     ap_none|       sbox_31|       pointer|
|sbox_32           |   in|    8|     ap_none|       sbox_32|       pointer|
|sbox_33           |   in|    8|     ap_none|       sbox_33|       pointer|
|sbox_34           |   in|    8|     ap_none|       sbox_34|       pointer|
|sbox_35           |   in|    8|     ap_none|       sbox_35|       pointer|
|sbox_36           |   in|    8|     ap_none|       sbox_36|       pointer|
|sbox_37           |   in|    8|     ap_none|       sbox_37|       pointer|
|sbox_38           |   in|    8|     ap_none|       sbox_38|       pointer|
|sbox_39           |   in|    8|     ap_none|       sbox_39|       pointer|
|sbox_40           |   in|    8|     ap_none|       sbox_40|       pointer|
|sbox_41           |   in|    8|     ap_none|       sbox_41|       pointer|
|sbox_42           |   in|    8|     ap_none|       sbox_42|       pointer|
|sbox_43           |   in|    8|     ap_none|       sbox_43|       pointer|
|sbox_44           |   in|    8|     ap_none|       sbox_44|       pointer|
|sbox_45           |   in|    8|     ap_none|       sbox_45|       pointer|
|sbox_46           |   in|    8|     ap_none|       sbox_46|       pointer|
|sbox_47           |   in|    8|     ap_none|       sbox_47|       pointer|
|sbox_48           |   in|    8|     ap_none|       sbox_48|       pointer|
|sbox_49           |   in|    8|     ap_none|       sbox_49|       pointer|
|sbox_50           |   in|    8|     ap_none|       sbox_50|       pointer|
|sbox_51           |   in|    8|     ap_none|       sbox_51|       pointer|
|sbox_52           |   in|    8|     ap_none|       sbox_52|       pointer|
|sbox_53           |   in|    8|     ap_none|       sbox_53|       pointer|
|sbox_54           |   in|    8|     ap_none|       sbox_54|       pointer|
|sbox_55           |   in|    8|     ap_none|       sbox_55|       pointer|
|sbox_56           |   in|    8|     ap_none|       sbox_56|       pointer|
|sbox_57           |   in|    8|     ap_none|       sbox_57|       pointer|
|sbox_58           |   in|    8|     ap_none|       sbox_58|       pointer|
|sbox_59           |   in|    8|     ap_none|       sbox_59|       pointer|
|sbox_60           |   in|    8|     ap_none|       sbox_60|       pointer|
|sbox_61           |   in|    8|     ap_none|       sbox_61|       pointer|
|sbox_62           |   in|    8|     ap_none|       sbox_62|       pointer|
|sbox_63           |   in|    8|     ap_none|       sbox_63|       pointer|
|sbox_64           |   in|    8|     ap_none|       sbox_64|       pointer|
|sbox_65           |   in|    8|     ap_none|       sbox_65|       pointer|
|sbox_66           |   in|    8|     ap_none|       sbox_66|       pointer|
|sbox_67           |   in|    8|     ap_none|       sbox_67|       pointer|
|sbox_68           |   in|    8|     ap_none|       sbox_68|       pointer|
|sbox_69           |   in|    8|     ap_none|       sbox_69|       pointer|
|sbox_70           |   in|    8|     ap_none|       sbox_70|       pointer|
|sbox_71           |   in|    8|     ap_none|       sbox_71|       pointer|
|sbox_72           |   in|    8|     ap_none|       sbox_72|       pointer|
|sbox_73           |   in|    8|     ap_none|       sbox_73|       pointer|
|sbox_74           |   in|    8|     ap_none|       sbox_74|       pointer|
|sbox_75           |   in|    8|     ap_none|       sbox_75|       pointer|
|sbox_76           |   in|    8|     ap_none|       sbox_76|       pointer|
|sbox_77           |   in|    8|     ap_none|       sbox_77|       pointer|
|sbox_78           |   in|    8|     ap_none|       sbox_78|       pointer|
|sbox_79           |   in|    8|     ap_none|       sbox_79|       pointer|
|sbox_80           |   in|    8|     ap_none|       sbox_80|       pointer|
|sbox_81           |   in|    8|     ap_none|       sbox_81|       pointer|
|sbox_82           |   in|    8|     ap_none|       sbox_82|       pointer|
|sbox_83           |   in|    8|     ap_none|       sbox_83|       pointer|
|sbox_84           |   in|    8|     ap_none|       sbox_84|       pointer|
|sbox_85           |   in|    8|     ap_none|       sbox_85|       pointer|
|sbox_86           |   in|    8|     ap_none|       sbox_86|       pointer|
|sbox_87           |   in|    8|     ap_none|       sbox_87|       pointer|
|sbox_88           |   in|    8|     ap_none|       sbox_88|       pointer|
|sbox_89           |   in|    8|     ap_none|       sbox_89|       pointer|
|sbox_90           |   in|    8|     ap_none|       sbox_90|       pointer|
|sbox_91           |   in|    8|     ap_none|       sbox_91|       pointer|
|sbox_92           |   in|    8|     ap_none|       sbox_92|       pointer|
|sbox_93           |   in|    8|     ap_none|       sbox_93|       pointer|
|sbox_94           |   in|    8|     ap_none|       sbox_94|       pointer|
|sbox_95           |   in|    8|     ap_none|       sbox_95|       pointer|
|sbox_96           |   in|    8|     ap_none|       sbox_96|       pointer|
|sbox_97           |   in|    8|     ap_none|       sbox_97|       pointer|
|sbox_98           |   in|    8|     ap_none|       sbox_98|       pointer|
|sbox_99           |   in|    8|     ap_none|       sbox_99|       pointer|
|sbox_100          |   in|    8|     ap_none|      sbox_100|       pointer|
|sbox_101          |   in|    8|     ap_none|      sbox_101|       pointer|
|sbox_102          |   in|    8|     ap_none|      sbox_102|       pointer|
|sbox_103          |   in|    8|     ap_none|      sbox_103|       pointer|
|sbox_104          |   in|    8|     ap_none|      sbox_104|       pointer|
|sbox_105          |   in|    8|     ap_none|      sbox_105|       pointer|
|sbox_106          |   in|    8|     ap_none|      sbox_106|       pointer|
|sbox_107          |   in|    8|     ap_none|      sbox_107|       pointer|
|sbox_108          |   in|    8|     ap_none|      sbox_108|       pointer|
|sbox_109          |   in|    8|     ap_none|      sbox_109|       pointer|
|sbox_110          |   in|    8|     ap_none|      sbox_110|       pointer|
|sbox_111          |   in|    8|     ap_none|      sbox_111|       pointer|
|sbox_112          |   in|    8|     ap_none|      sbox_112|       pointer|
|sbox_113          |   in|    8|     ap_none|      sbox_113|       pointer|
|sbox_114          |   in|    8|     ap_none|      sbox_114|       pointer|
|sbox_115          |   in|    8|     ap_none|      sbox_115|       pointer|
|sbox_116          |   in|    8|     ap_none|      sbox_116|       pointer|
|sbox_117          |   in|    8|     ap_none|      sbox_117|       pointer|
|sbox_118          |   in|    8|     ap_none|      sbox_118|       pointer|
|sbox_119          |   in|    8|     ap_none|      sbox_119|       pointer|
|sbox_120          |   in|    8|     ap_none|      sbox_120|       pointer|
|sbox_121          |   in|    8|     ap_none|      sbox_121|       pointer|
|sbox_122          |   in|    8|     ap_none|      sbox_122|       pointer|
|sbox_123          |   in|    8|     ap_none|      sbox_123|       pointer|
|sbox_124          |   in|    8|     ap_none|      sbox_124|       pointer|
|sbox_125          |   in|    8|     ap_none|      sbox_125|       pointer|
|sbox_126          |   in|    8|     ap_none|      sbox_126|       pointer|
|sbox_127          |   in|    8|     ap_none|      sbox_127|       pointer|
|sbox_128          |   in|    8|     ap_none|      sbox_128|       pointer|
|sbox_129          |   in|    8|     ap_none|      sbox_129|       pointer|
|sbox_130          |   in|    8|     ap_none|      sbox_130|       pointer|
|sbox_131          |   in|    8|     ap_none|      sbox_131|       pointer|
|sbox_132          |   in|    8|     ap_none|      sbox_132|       pointer|
|sbox_133          |   in|    8|     ap_none|      sbox_133|       pointer|
|sbox_134          |   in|    8|     ap_none|      sbox_134|       pointer|
|sbox_135          |   in|    8|     ap_none|      sbox_135|       pointer|
|sbox_136          |   in|    8|     ap_none|      sbox_136|       pointer|
|sbox_137          |   in|    8|     ap_none|      sbox_137|       pointer|
|sbox_138          |   in|    8|     ap_none|      sbox_138|       pointer|
|sbox_139          |   in|    8|     ap_none|      sbox_139|       pointer|
|sbox_140          |   in|    8|     ap_none|      sbox_140|       pointer|
|sbox_141          |   in|    8|     ap_none|      sbox_141|       pointer|
|sbox_142          |   in|    8|     ap_none|      sbox_142|       pointer|
|sbox_143          |   in|    8|     ap_none|      sbox_143|       pointer|
|sbox_144          |   in|    8|     ap_none|      sbox_144|       pointer|
|sbox_145          |   in|    8|     ap_none|      sbox_145|       pointer|
|sbox_146          |   in|    8|     ap_none|      sbox_146|       pointer|
|sbox_147          |   in|    8|     ap_none|      sbox_147|       pointer|
|sbox_148          |   in|    8|     ap_none|      sbox_148|       pointer|
|sbox_149          |   in|    8|     ap_none|      sbox_149|       pointer|
|sbox_150          |   in|    8|     ap_none|      sbox_150|       pointer|
|sbox_151          |   in|    8|     ap_none|      sbox_151|       pointer|
|sbox_152          |   in|    8|     ap_none|      sbox_152|       pointer|
|sbox_153          |   in|    8|     ap_none|      sbox_153|       pointer|
|sbox_154          |   in|    8|     ap_none|      sbox_154|       pointer|
|sbox_155          |   in|    8|     ap_none|      sbox_155|       pointer|
|sbox_156          |   in|    8|     ap_none|      sbox_156|       pointer|
|sbox_157          |   in|    8|     ap_none|      sbox_157|       pointer|
|sbox_158          |   in|    8|     ap_none|      sbox_158|       pointer|
|sbox_159          |   in|    8|     ap_none|      sbox_159|       pointer|
|sbox_160          |   in|    8|     ap_none|      sbox_160|       pointer|
|sbox_161          |   in|    8|     ap_none|      sbox_161|       pointer|
|sbox_162          |   in|    8|     ap_none|      sbox_162|       pointer|
|sbox_163          |   in|    8|     ap_none|      sbox_163|       pointer|
|sbox_164          |   in|    8|     ap_none|      sbox_164|       pointer|
|sbox_165          |   in|    8|     ap_none|      sbox_165|       pointer|
|sbox_166          |   in|    8|     ap_none|      sbox_166|       pointer|
|sbox_167          |   in|    8|     ap_none|      sbox_167|       pointer|
|sbox_168          |   in|    8|     ap_none|      sbox_168|       pointer|
|sbox_169          |   in|    8|     ap_none|      sbox_169|       pointer|
|sbox_170          |   in|    8|     ap_none|      sbox_170|       pointer|
|sbox_171          |   in|    8|     ap_none|      sbox_171|       pointer|
|sbox_172          |   in|    8|     ap_none|      sbox_172|       pointer|
|sbox_173          |   in|    8|     ap_none|      sbox_173|       pointer|
|sbox_174          |   in|    8|     ap_none|      sbox_174|       pointer|
|sbox_175          |   in|    8|     ap_none|      sbox_175|       pointer|
|sbox_176          |   in|    8|     ap_none|      sbox_176|       pointer|
|sbox_177          |   in|    8|     ap_none|      sbox_177|       pointer|
|sbox_178          |   in|    8|     ap_none|      sbox_178|       pointer|
|sbox_179          |   in|    8|     ap_none|      sbox_179|       pointer|
|sbox_180          |   in|    8|     ap_none|      sbox_180|       pointer|
|sbox_181          |   in|    8|     ap_none|      sbox_181|       pointer|
|sbox_182          |   in|    8|     ap_none|      sbox_182|       pointer|
|sbox_183          |   in|    8|     ap_none|      sbox_183|       pointer|
|sbox_184          |   in|    8|     ap_none|      sbox_184|       pointer|
|sbox_185          |   in|    8|     ap_none|      sbox_185|       pointer|
|sbox_186          |   in|    8|     ap_none|      sbox_186|       pointer|
|sbox_187          |   in|    8|     ap_none|      sbox_187|       pointer|
|sbox_188          |   in|    8|     ap_none|      sbox_188|       pointer|
|sbox_189          |   in|    8|     ap_none|      sbox_189|       pointer|
|sbox_190          |   in|    8|     ap_none|      sbox_190|       pointer|
|sbox_191          |   in|    8|     ap_none|      sbox_191|       pointer|
|sbox_192          |   in|    8|     ap_none|      sbox_192|       pointer|
|sbox_193          |   in|    8|     ap_none|      sbox_193|       pointer|
|sbox_194          |   in|    8|     ap_none|      sbox_194|       pointer|
|sbox_195          |   in|    8|     ap_none|      sbox_195|       pointer|
|sbox_196          |   in|    8|     ap_none|      sbox_196|       pointer|
|sbox_197          |   in|    8|     ap_none|      sbox_197|       pointer|
|sbox_198          |   in|    8|     ap_none|      sbox_198|       pointer|
|sbox_199          |   in|    8|     ap_none|      sbox_199|       pointer|
|sbox_200          |   in|    8|     ap_none|      sbox_200|       pointer|
|sbox_201          |   in|    8|     ap_none|      sbox_201|       pointer|
|sbox_202          |   in|    8|     ap_none|      sbox_202|       pointer|
|sbox_203          |   in|    8|     ap_none|      sbox_203|       pointer|
|sbox_204          |   in|    8|     ap_none|      sbox_204|       pointer|
|sbox_205          |   in|    8|     ap_none|      sbox_205|       pointer|
|sbox_206          |   in|    8|     ap_none|      sbox_206|       pointer|
|sbox_207          |   in|    8|     ap_none|      sbox_207|       pointer|
|sbox_208          |   in|    8|     ap_none|      sbox_208|       pointer|
|sbox_209          |   in|    8|     ap_none|      sbox_209|       pointer|
|sbox_210          |   in|    8|     ap_none|      sbox_210|       pointer|
|sbox_211          |   in|    8|     ap_none|      sbox_211|       pointer|
|sbox_212          |   in|    8|     ap_none|      sbox_212|       pointer|
|sbox_213          |   in|    8|     ap_none|      sbox_213|       pointer|
|sbox_214          |   in|    8|     ap_none|      sbox_214|       pointer|
|sbox_215          |   in|    8|     ap_none|      sbox_215|       pointer|
|sbox_216          |   in|    8|     ap_none|      sbox_216|       pointer|
|sbox_217          |   in|    8|     ap_none|      sbox_217|       pointer|
|sbox_218          |   in|    8|     ap_none|      sbox_218|       pointer|
|sbox_219          |   in|    8|     ap_none|      sbox_219|       pointer|
|sbox_220          |   in|    8|     ap_none|      sbox_220|       pointer|
|sbox_221          |   in|    8|     ap_none|      sbox_221|       pointer|
|sbox_222          |   in|    8|     ap_none|      sbox_222|       pointer|
|sbox_223          |   in|    8|     ap_none|      sbox_223|       pointer|
|sbox_224          |   in|    8|     ap_none|      sbox_224|       pointer|
|sbox_225          |   in|    8|     ap_none|      sbox_225|       pointer|
|sbox_226          |   in|    8|     ap_none|      sbox_226|       pointer|
|sbox_227          |   in|    8|     ap_none|      sbox_227|       pointer|
|sbox_228          |   in|    8|     ap_none|      sbox_228|       pointer|
|sbox_229          |   in|    8|     ap_none|      sbox_229|       pointer|
|sbox_230          |   in|    8|     ap_none|      sbox_230|       pointer|
|sbox_231          |   in|    8|     ap_none|      sbox_231|       pointer|
|sbox_232          |   in|    8|     ap_none|      sbox_232|       pointer|
|sbox_233          |   in|    8|     ap_none|      sbox_233|       pointer|
|sbox_234          |   in|    8|     ap_none|      sbox_234|       pointer|
|sbox_235          |   in|    8|     ap_none|      sbox_235|       pointer|
|sbox_236          |   in|    8|     ap_none|      sbox_236|       pointer|
|sbox_237          |   in|    8|     ap_none|      sbox_237|       pointer|
|sbox_238          |   in|    8|     ap_none|      sbox_238|       pointer|
|sbox_239          |   in|    8|     ap_none|      sbox_239|       pointer|
|sbox_240          |   in|    8|     ap_none|      sbox_240|       pointer|
|sbox_241          |   in|    8|     ap_none|      sbox_241|       pointer|
|sbox_242          |   in|    8|     ap_none|      sbox_242|       pointer|
|sbox_243          |   in|    8|     ap_none|      sbox_243|       pointer|
|sbox_244          |   in|    8|     ap_none|      sbox_244|       pointer|
|sbox_245          |   in|    8|     ap_none|      sbox_245|       pointer|
|sbox_246          |   in|    8|     ap_none|      sbox_246|       pointer|
|sbox_247          |   in|    8|     ap_none|      sbox_247|       pointer|
|sbox_248          |   in|    8|     ap_none|      sbox_248|       pointer|
|sbox_249          |   in|    8|     ap_none|      sbox_249|       pointer|
|sbox_250          |   in|    8|     ap_none|      sbox_250|       pointer|
|sbox_251          |   in|    8|     ap_none|      sbox_251|       pointer|
|sbox_252          |   in|    8|     ap_none|      sbox_252|       pointer|
|sbox_253          |   in|    8|     ap_none|      sbox_253|       pointer|
|sbox_254          |   in|    8|     ap_none|      sbox_254|       pointer|
|sbox_255          |   in|    8|     ap_none|      sbox_255|       pointer|
+------------------+-----+-----+------------+--------------+--------------+

