

================================================================
== Vitis HLS Report for 'aes_encrypt_Pipeline_VITIS_LOOP_14_4_VITIS_LOOP_15_5'
================================================================
* Date:           Sat Apr  4 14:26:44 2026

* Version:        2025.2 (Build 6295257 on Nov 14 2025)
* Project:        proj_aes_worst
* Solution:       sol1 (Vivado IP Flow Target)
* Product family: virtexuplus
* Target device:  xcvu9p-flga2104-2-i


================================================================
== Performance Estimates
================================================================
+ Timing: 
    * Summary: 
    +--------+----------+----------+------------+
    |  Clock |  Target  | Estimated| Uncertainty|
    +--------+----------+----------+------------+
    |ap_clk  |  10.00 ns|  2.196 ns|     2.70 ns|
    +--------+----------+----------+------------+

+ Latency: 
    * Summary: 
    +---------+---------+----------+----------+-----+-----+-------------------+
    |  Latency (cycles) |  Latency (absolute) |  Interval |      Pipeline     |
    |   min   |   max   |    min   |    max   | min | max |        Type       |
    +---------+---------+----------+----------+-----+-----+-------------------+
    |       18|       18|  0.180 us|  0.180 us|    0|    0|  loop pipeline stp|
    +---------+---------+----------+----------+-----+-----+-------------------+

    + Detail: 
        * Instance: 
        N/A

        * Loop: 
        +-----------------------------------+---------+---------+----------+-----------+-----------+------+----------+
        |                                   |  Latency (cycles) | Iteration|  Initiation Interval  | Trip |          |
        |             Loop Name             |   min   |   max   |  Latency |  achieved |   target  | Count| Pipelined|
        +-----------------------------------+---------+---------+----------+-----------+-----------+------+----------+
        |- VITIS_LOOP_14_4_VITIS_LOOP_15_5  |       16|       16|         2|          1|          1|    16|       yes|
        +-----------------------------------+---------+---------+----------+-----------+-----------+------+----------+



================================================================
== Utilization Estimates
================================================================
* Summary: 
+---------------------+---------+------+---------+---------+-----+
|         Name        | BRAM_18K|  DSP |    FF   |   LUT   | URAM|
+---------------------+---------+------+---------+---------+-----+
|DSP                  |        -|     -|        -|        -|    -|
|Expression           |        -|     -|        0|       85|    -|
|FIFO                 |        -|     -|        -|        -|    -|
|Instance             |        -|     -|        -|        -|    -|
|Memory               |        -|     -|        -|        -|    -|
|Multiplexer          |        -|     -|        0|       72|    -|
|Register             |        -|     -|       18|        -|    -|
+---------------------+---------+------+---------+---------+-----+
|Total                |        0|     0|       18|      157|    0|
+---------------------+---------+------+---------+---------+-----+
|Available SLR        |     1440|  2280|   788160|   394080|  320|
+---------------------+---------+------+---------+---------+-----+
|Utilization SLR (%)  |        0|     0|       ~0|       ~0|    0|
+---------------------+---------+------+---------+---------+-----+
|Available            |     4320|  6840|  2364480|  1182240|  960|
+---------------------+---------+------+---------+---------+-----+
|Utilization (%)      |        0|     0|       ~0|       ~0|    0|
+---------------------+---------+------+---------+---------+-----+

+ Detail: 
    * Instance: 
    N/A

    * DSP: 
    N/A

    * Memory: 
    N/A

    * FIFO: 
    N/A

    * Expression: 
    +-----------------------+----------+----+---+----+------------+------------+
    |     Variable Name     | Operation| DSP| FF| LUT| Bitwidth P0| Bitwidth P1|
    +-----------------------+----------+----+---+----+------------+------------+
    |add_ln14_1_fu_110_p2   |         +|   0|  0|  12|           5|           1|
    |add_ln14_fu_122_p2     |         +|   0|  0|  10|           3|           1|
    |add_ln15_fu_178_p2     |         +|   0|  0|  10|           3|           1|
    |add_ln16_fu_166_p2     |         +|   0|  0|  12|           4|           4|
    |icmp_ln14_fu_104_p2    |      icmp|   0|  0|  13|           5|           6|
    |icmp_ln15_fu_128_p2    |      icmp|   0|  0|  12|           3|           4|
    |select_ln14_fu_142_p3  |    select|   0|  0|   3|           1|           3|
    |select_ln5_fu_134_p3   |    select|   0|  0|   3|           1|           1|
    |ap_enable_pp0          |       xor|   0|  0|   2|           1|           2|
    |xor_ln16_fu_199_p2     |       xor|   0|  0|   8|           8|           8|
    +-----------------------+----------+----+---+----+------------+------------+
    |Total                  |          |   0|  0|  85|          34|          31|
    +-----------------------+----------+----+---+----+------------+------------+

    * Multiplexer: 
    +---------------------------------------+----+-----------+-----+-----------+
    |                  Name                 | LUT| Input Size| Bits| Total Bits|
    +---------------------------------------+----+-----------+-----+-----------+
    |ap_done_int                            |   9|          2|    1|          2|
    |ap_enable_reg_pp0_iter1                |   9|          2|    1|          2|
    |ap_sig_allocacmp_i_load                |   9|          2|    3|          6|
    |ap_sig_allocacmp_indvar_flatten6_load  |   9|          2|    5|         10|
    |ap_sig_allocacmp_j_load                |   9|          2|    3|          6|
    |i_fu_48                                |   9|          2|    3|          6|
    |indvar_flatten6_fu_52                  |   9|          2|    5|         10|
    |j_fu_44                                |   9|          2|    3|          6|
    +---------------------------------------+----+-----------+-----+-----------+
    |Total                                  |  72|         16|   24|         48|
    +---------------------------------------+----+-----------+-----+-----------+

    * Register: 
    +-------------------------+---+----+-----+-----------+
    |           Name          | FF| LUT| Bits| Const Bits|
    +-------------------------+---+----+-----+-----------+
    |ap_CS_fsm                |  1|   0|    1|          0|
    |ap_done_reg              |  1|   0|    1|          0|
    |ap_enable_reg_pp0_iter1  |  1|   0|    1|          0|
    |i_fu_48                  |  3|   0|    3|          0|
    |indvar_flatten6_fu_52    |  5|   0|    5|          0|
    |j_fu_44                  |  3|   0|    3|          0|
    |state_addr_reg_230       |  4|   0|    4|          0|
    +-------------------------+---+----+-----+-----------+
    |Total                    | 18|   0|   18|          0|
    +-------------------------+---+----+-----+-----------+



================================================================
== Interface
================================================================
* Summary: 
+----------------+-----+-----+------------+------------------------------------------------------+--------------+
|    RTL Ports   | Dir | Bits|  Protocol  |                     Source Object                    |    C Type    |
+----------------+-----+-----+------------+------------------------------------------------------+--------------+
|ap_clk          |   in|    1|  ap_ctrl_hs|  aes_encrypt_Pipeline_VITIS_LOOP_14_4_VITIS_LOOP_15_5|  return value|
|ap_rst          |   in|    1|  ap_ctrl_hs|  aes_encrypt_Pipeline_VITIS_LOOP_14_4_VITIS_LOOP_15_5|  return value|
|ap_start        |   in|    1|  ap_ctrl_hs|  aes_encrypt_Pipeline_VITIS_LOOP_14_4_VITIS_LOOP_15_5|  return value|
|ap_done         |  out|    1|  ap_ctrl_hs|  aes_encrypt_Pipeline_VITIS_LOOP_14_4_VITIS_LOOP_15_5|  return value|
|ap_idle         |  out|    1|  ap_ctrl_hs|  aes_encrypt_Pipeline_VITIS_LOOP_14_4_VITIS_LOOP_15_5|  return value|
|ap_ready        |  out|    1|  ap_ctrl_hs|  aes_encrypt_Pipeline_VITIS_LOOP_14_4_VITIS_LOOP_15_5|  return value|
|state_address0  |  out|    4|   ap_memory|                                                 state|         array|
|state_ce0       |  out|    1|   ap_memory|                                                 state|         array|
|state_we0       |  out|    1|   ap_memory|                                                 state|         array|
|state_d0        |  out|    8|   ap_memory|                                                 state|         array|
|state_address1  |  out|    4|   ap_memory|                                                 state|         array|
|state_ce1       |  out|    1|   ap_memory|                                                 state|         array|
|state_q1        |   in|    8|   ap_memory|                                                 state|         array|
|key_address0    |  out|    4|   ap_memory|                                                   key|         array|
|key_ce0         |  out|    1|   ap_memory|                                                   key|         array|
|key_q0          |   in|    8|   ap_memory|                                                   key|         array|
+----------------+-----+-----+------------+------------------------------------------------------+--------------+

