

================================================================
== Vitis HLS Report for 'viterbi'
================================================================
* Date:           Sun Apr  5 07:12:36 2026

* Version:        2025.2 (Build 6295257 on Nov 14 2025)
* Project:        proj_viterbi
* Solution:       sol1 (Vivado IP Flow Target)
* Product family: virtexuplus
* Target device:  xcvu9p-flga2104-2-i


================================================================
== Performance Estimates
================================================================
+ Timing: 
    * Summary: 
    +--------+----------+----------+------------+
    |  Clock |  Target  | Estimated| Uncertainty|
    +--------+----------+----------+------------+
    |ap_clk  |  10.00 ns|  4.116 ns|     2.70 ns|
    +--------+----------+----------+------------+

+ Latency: 
    * Summary: 
    +---------+---------+-----------+-----------+------+------+---------+
    |  Latency (cycles) |   Latency (absolute)  |   Interval  | Pipeline|
    |   min   |   max   |    min    |    max    |  min |  max |   Type  |
    +---------+---------+-----------+-----------+------+------+---------+
    |     8689|     8689|  86.890 us|  86.890 us|  8690|  8690|       no|
    +---------+---------+-----------+-----------+------+------+---------+

    + Detail: 
        * Instance: 
        +---------------------------------------------+----------------------------------+---------+---------+----------+----------+-----+-----+-------------------+
        |                                             |                                  |  Latency (cycles) |  Latency (absolute) |  Interval |      Pipeline     |
        |                   Instance                  |              Module              |   min   |   max   |    min   |    max   | min | max |        Type       |
        +---------------------------------------------+----------------------------------+---------+---------+----------+----------+-----+-----+-------------------+
        |grp_viterbi_Pipeline_VITIS_LOOP_6_1_fu_218   |viterbi_Pipeline_VITIS_LOOP_6_1   |       18|       18|  0.180 us|  0.180 us|    0|    0|  loop pipeline stp|
        |grp_viterbi_Pipeline_VITIS_LOOP_21_6_fu_227  |viterbi_Pipeline_VITIS_LOOP_21_6  |       17|       17|  0.170 us|  0.170 us|    0|    0|  loop pipeline stp|
        |grp_viterbi_Pipeline_VITIS_LOOP_18_5_fu_233  |viterbi_Pipeline_VITIS_LOOP_18_5  |       18|       18|  0.180 us|  0.180 us|    0|    0|  loop pipeline stp|
        +---------------------------------------------+----------------------------------+---------+---------+----------+----------+-----+-----+-------------------+

        * Loop: 
        +-----------------------------------+---------+---------+----------+-----------+-----------+------+----------+
        |                                   |  Latency (cycles) | Iteration|  Initiation Interval  | Trip |          |
        |             Loop Name             |   min   |   max   |  Latency |  achieved |   target  | Count| Pipelined|
        +-----------------------------------+---------+---------+----------+-----------+-----------+------+----------+
        |- VITIS_LOOP_7_2                   |     8649|     8649|       279|          -|          -|    31|        no|
        | + VITIS_LOOP_8_3_VITIS_LOOP_11_4  |      256|      256|         2|          1|          1|   256|       yes|
        +-----------------------------------+---------+---------+----------+-----------+-----------+------+----------+



================================================================
== Utilization Estimates
================================================================
* Summary: 
+---------------------+---------+------+---------+---------+-----+
|         Name        | BRAM_18K|  DSP |    FF   |   LUT   | URAM|
+---------------------+---------+------+---------+---------+-----+
|DSP                  |        -|     -|        -|        -|    -|
|Expression           |        -|     -|        0|      345|    -|
|FIFO                 |        -|     -|        -|        -|    -|
|Instance             |        -|     -|      103|      317|    -|
|Memory               |        0|     -|       64|       66|    0|
|Multiplexer          |        -|     -|        0|      263|    -|
|Register             |        -|     -|      121|        -|    -|
+---------------------+---------+------+---------+---------+-----+
|Total                |        0|     0|      288|      991|    0|
+---------------------+---------+------+---------+---------+-----+
|Available SLR        |     1440|  2280|   788160|   394080|  320|
+---------------------+---------+------+---------+---------+-----+
|Utilization SLR (%)  |        0|     0|       ~0|       ~0|    0|
+---------------------+---------+------+---------+---------+-----+
|Available            |     4320|  6840|  2364480|  1182240|  960|
+---------------------+---------+------+---------+---------+-----+
|Utilization (%)      |        0|     0|       ~0|       ~0|    0|
+---------------------+---------+------+---------+---------+-----+

+ Detail: 
    * Instance: 
    +---------------------------------------------+----------------------------------+---------+----+----+-----+-----+
    |                   Instance                  |              Module              | BRAM_18K| DSP| FF | LUT | URAM|
    +---------------------------------------------+----------------------------------+---------+----+----+-----+-----+
    |grp_viterbi_Pipeline_VITIS_LOOP_18_5_fu_233  |viterbi_Pipeline_VITIS_LOOP_18_5  |        0|   0|  13|   63|    0|
    |grp_viterbi_Pipeline_VITIS_LOOP_21_6_fu_227  |viterbi_Pipeline_VITIS_LOOP_21_6  |        0|   0|  77|  152|    0|
    |grp_viterbi_Pipeline_VITIS_LOOP_6_1_fu_218   |viterbi_Pipeline_VITIS_LOOP_6_1   |        0|   0|  13|  102|    0|
    +---------------------------------------------+----------------------------------+---------+----+----+-----+-----+
    |Total                                        |                                  |        0|   0| 103|  317|    0|
    +---------------------------------------------+----------------------------------+---------+----+----+-----+-----+

    * DSP: 
    N/A

    * Memory: 
    +------------+------------------------+---------+----+----+-----+------+-----+------+-------------+
    |   Memory   |         Module         | BRAM_18K| FF | LUT| URAM| Words| Bits| Banks| W*Bits*Banks|
    +------------+------------------------+---------+----+----+-----+------+-----+------+-------------+
    |cost_U      |cost_RAM_AUTO_1R1W      |        0|  32|  33|    0|    16|   32|     1|          512|
    |new_cost_U  |new_cost_RAM_AUTO_1R1W  |        0|  32|  33|    0|    16|   32|     1|          512|
    +------------+------------------------+---------+----+----+-----+------+-----+------+-------------+
    |Total       |                        |        0|  64|  66|    0|    32|   64|     2|         1024|
    +------------+------------------------+---------+----+----+-----+------+-----+------+-------------+

    * FIFO: 
    N/A

    * Expression: 
    +-------------------------+----------+----+---+----+------------+------------+
    |      Variable Name      | Operation| DSP| FF| LUT| Bitwidth P0| Bitwidth P1|
    +-------------------------+----------+----+---+----+------------+------------+
    |add_ln11_fu_341_p2       |         +|   0|  0|  12|           5|           1|
    |add_ln13_fu_330_p2       |         +|   0|  0|  15|           8|           8|
    |add_ln16_1_fu_386_p2     |         +|   0|  0|  32|          32|          32|
    |add_ln16_fu_380_p2       |         +|   0|  0|  32|          32|          32|
    |add_ln7_fu_393_p2        |         +|   0|  0|  13|           6|           1|
    |add_ln8_1_fu_269_p2      |         +|   0|  0|  16|           9|           1|
    |add_ln8_fu_275_p2        |         +|   0|  0|  12|           5|           1|
    |c_fu_360_p2              |         +|   0|  0|  39|          32|          32|
    |icmp_ln11_1_fu_347_p2    |      icmp|   0|  0|  13|           5|           6|
    |icmp_ln11_fu_281_p2      |      icmp|   0|  0|  13|           5|           6|
    |icmp_ln14_fu_366_p2      |      icmp|   0|  0|  39|          32|          32|
    |icmp_ln7_fu_252_p2       |      icmp|   0|  0|  14|           6|           7|
    |icmp_ln8_fu_263_p2       |      icmp|   0|  0|  17|           9|          10|
    |min_c_1_fu_372_p3        |    select|   0|  0|  32|           1|          32|
    |select_ln8_fu_299_p3     |    select|   0|  0|   5|           1|           5|
    |select_ln9_1_fu_353_p3   |    select|   0|  0|  32|           1|          31|
    |select_ln9_fu_287_p3     |    select|   0|  0|   5|           1|           1|
    |ap_enable_pp0            |       xor|   0|  0|   2|           1|           2|
    |ap_enable_reg_pp0_iter1  |       xor|   0|  0|   2|           2|           1|
    +-------------------------+----------+----+---+----+------------+------------+
    |Total                    |          |   0|  0| 345|         193|         241|
    +-------------------------+----------+----+---+----+------------+------------+

    * Multiplexer: 
    +------------------------------+----+-----------+-----+-----------+
    |             Name             | LUT| Input Size| Bits| Total Bits|
    +------------------------------+----+-----------+-----+-----------+
    |ap_NS_fsm                     |  59|         11|    1|         11|
    |ap_enable_reg_pp0_iter1       |  14|          3|    1|          3|
    |ap_phi_mux_i_phi_fu_199_p4    |   9|          2|    5|         10|
    |ap_phi_mux_s_2_phi_fu_188_p4  |   9|          2|    5|         10|
    |cost_address0                 |  20|          4|    4|         16|
    |cost_ce0                      |  20|          4|    1|          4|
    |cost_ce1                      |   9|          2|    1|          2|
    |cost_d0                       |  14|          3|   32|         96|
    |cost_we0                      |  14|          3|    1|          3|
    |emit_address0                 |   9|          2|    4|          8|
    |emit_ce0                      |   9|          2|    1|          2|
    |i_reg_195                     |   9|          2|    5|         10|
    |indvar_flatten_reg_173        |   9|          2|    9|         18|
    |min_c_reg_206                 |   9|          2|   32|         64|
    |new_cost_address0             |   9|          2|    4|          8|
    |new_cost_ce0                  |   9|          2|    1|          2|
    |obs_address0_local            |  14|          3|    5|         15|
    |s_2_reg_184                   |   9|          2|    5|         10|
    |t_fu_72                       |   9|          2|    6|         12|
    +------------------------------+----+-----------+-----+-----------+
    |Total                         | 263|         55|  123|        304|
    +------------------------------+----+-----------+-----+-----------+

    * Register: 
    +----------------------------------------------------------+----+----+-----+-----------+
    |                           Name                           | FF | LUT| Bits| Const Bits|
    +----------------------------------------------------------+----+----+-----+-----------+
    |add_ln11_reg_465                                          |   5|   0|    5|          0|
    |ap_CS_fsm                                                 |  10|   0|   10|          0|
    |ap_enable_reg_pp0_iter0                                   |   1|   0|    1|          0|
    |ap_enable_reg_pp0_iter1                                   |   1|   0|    1|          0|
    |grp_viterbi_Pipeline_VITIS_LOOP_18_5_fu_233_ap_start_reg  |   1|   0|    1|          0|
    |grp_viterbi_Pipeline_VITIS_LOOP_21_6_fu_227_ap_start_reg  |   1|   0|    1|          0|
    |grp_viterbi_Pipeline_VITIS_LOOP_6_1_fu_218_ap_start_reg   |   1|   0|    1|          0|
    |i_reg_195                                                 |   5|   0|    5|          0|
    |icmp_ln11_1_reg_470                                       |   1|   0|    1|          0|
    |icmp_ln11_reg_445                                         |   1|   0|    1|          0|
    |icmp_ln8_reg_436                                          |   1|   0|    1|          0|
    |indvar_flatten_reg_173                                    |   9|   0|    9|          0|
    |min_c_reg_206                                             |  32|   0|   32|          0|
    |new_cost_addr_reg_479                                     |   4|   0|    4|          0|
    |reg_239                                                   |  32|   0|   32|          0|
    |s_2_reg_184                                               |   5|   0|    5|          0|
    |select_ln8_reg_450                                        |   5|   0|    5|          0|
    |t_fu_72                                                   |   6|   0|    6|          0|
    +----------------------------------------------------------+----+----+-----+-----------+
    |Total                                                     | 121|   0|  121|          0|
    +----------------------------------------------------------+----+----+-----+-----------+



================================================================
== Interface
================================================================
* Summary: 
+----------------+-----+-----+------------+--------------+--------------+
|    RTL Ports   | Dir | Bits|  Protocol  | Source Object|    C Type    |
+----------------+-----+-----+------------+--------------+--------------+
|ap_clk          |   in|    1|  ap_ctrl_hs|       viterbi|  return value|
|ap_rst          |   in|    1|  ap_ctrl_hs|       viterbi|  return value|
|ap_start        |   in|    1|  ap_ctrl_hs|       viterbi|  return value|
|ap_done         |  out|    1|  ap_ctrl_hs|       viterbi|  return value|
|ap_idle         |  out|    1|  ap_ctrl_hs|       viterbi|  return value|
|ap_ready        |  out|    1|  ap_ctrl_hs|       viterbi|  return value|
|obs_address0    |  out|    5|   ap_memory|           obs|         array|
|obs_ce0         |  out|    1|   ap_memory|           obs|         array|
|obs_q0          |   in|   32|   ap_memory|           obs|         array|
|trans_address0  |  out|    8|   ap_memory|         trans|         array|
|trans_ce0       |  out|    1|   ap_memory|         trans|         array|
|trans_q0        |   in|   32|   ap_memory|         trans|         array|
|emit_address0   |  out|    4|   ap_memory|          emit|         array|
|emit_ce0        |  out|    1|   ap_memory|          emit|         array|
|emit_q0         |   in|   32|   ap_memory|          emit|         array|
|path_address0   |  out|    5|   ap_memory|          path|         array|
|path_ce0        |  out|    1|   ap_memory|          path|         array|
|path_we0        |  out|    1|   ap_memory|          path|         array|
|path_d0         |  out|   32|   ap_memory|          path|         array|
+----------------+-----+-----+------------+--------------+--------------+

