

================================================================
== Vitis HLS Report for 'viterbi_Pipeline_VITIS_LOOP_21_6'
================================================================
* Date:           Sun Apr  5 07:12:35 2026

* Version:        2025.2 (Build 6295257 on Nov 14 2025)
* Project:        proj_viterbi
* Solution:       sol1 (Vivado IP Flow Target)
* Product family: virtexuplus
* Target device:  xcvu9p-flga2104-2-i


================================================================
== Performance Estimates
================================================================
+ Timing: 
    * Summary: 
    +--------+----------+----------+------------+
    |  Clock |  Target  | Estimated| Uncertainty|
    +--------+----------+----------+------------+
    |ap_clk  |  10.00 ns|  2.892 ns|     2.70 ns|
    +--------+----------+----------+------------+

+ Latency: 
    * Summary: 
    +---------+---------+----------+----------+-----+-----+-------------------+
    |  Latency (cycles) |  Latency (absolute) |  Interval |      Pipeline     |
    |   min   |   max   |    min   |    max   | min | max |        Type       |
    +---------+---------+----------+----------+-----+-----+-------------------+
    |       17|       17|  0.170 us|  0.170 us|    0|    0|  loop pipeline stp|
    +---------+---------+----------+----------+-----+-----+-------------------+

    + Detail: 
        * Instance: 
        N/A

        * Loop: 
        +-------------------+---------+---------+----------+-----------+-----------+------+----------+
        |                   |  Latency (cycles) | Iteration|  Initiation Interval  | Trip |          |
        |     Loop Name     |   min   |   max   |  Latency |  achieved |   target  | Count| Pipelined|
        +-------------------+---------+---------+----------+-----------+-----------+------+----------+
        |- VITIS_LOOP_21_6  |       15|       15|         2|          1|          1|    15|       yes|
        +-------------------+---------+---------+----------+-----------+-----------+------+----------+



================================================================
== Utilization Estimates
================================================================
* Summary: 
+---------------------+---------+------+---------+---------+-----+
|         Name        | BRAM_18K|  DSP |    FF   |   LUT   | URAM|
+---------------------+---------+------+---------+---------+-----+
|DSP                  |        -|     -|        -|        -|    -|
|Expression           |        -|     -|        0|       98|    -|
|FIFO                 |        -|     -|        -|        -|    -|
|Instance             |        -|     -|        -|        -|    -|
|Memory               |        -|     -|        -|        -|    -|
|Multiplexer          |        -|     -|        0|       54|    -|
|Register             |        -|     -|       77|        -|    -|
+---------------------+---------+------+---------+---------+-----+
|Total                |        0|     0|       77|      152|    0|
+---------------------+---------+------+---------+---------+-----+
|Available SLR        |     1440|  2280|   788160|   394080|  320|
+---------------------+---------+------+---------+---------+-----+
|Utilization SLR (%)  |        0|     0|       ~0|       ~0|    0|
+---------------------+---------+------+---------+---------+-----+
|Available            |     4320|  6840|  2364480|  1182240|  960|
+---------------------+---------+------+---------+---------+-----+
|Utilization (%)      |        0|     0|       ~0|       ~0|    0|
+---------------------+---------+------+---------+---------+-----+

+ Detail: 
    * Instance: 
    N/A

    * DSP: 
    N/A

    * Memory: 
    N/A

    * FIFO: 
    N/A

    * Expression: 
    +-----------------------+----------+----+---+----+------------+------------+
    |     Variable Name     | Operation| DSP| FF| LUT| Bitwidth P0| Bitwidth P1|
    +-----------------------+----------+----+---+----+------------+------------+
    |add_ln21_fu_106_p2     |         +|   0|  0|  12|           5|           1|
    |icmp_ln21_1_fu_117_p2  |      icmp|   0|  0|  39|          32|          32|
    |icmp_ln21_fu_83_p2     |      icmp|   0|  0|  13|           5|           6|
    |best_1_fu_126_p3       |    select|   0|  0|  32|           1|          32|
    |ap_enable_pp0          |       xor|   0|  0|   2|           1|           2|
    +-----------------------+----------+----+---+----+------------+------------+
    |Total                  |          |   0|  0|  98|          44|          73|
    +-----------------------+----------+----+---+----+------------+------------+

    * Multiplexer: 
    +------------------------------+----+-----------+-----+-----------+
    |             Name             | LUT| Input Size| Bits| Total Bits|
    +------------------------------+----+-----------+-----+-----------+
    |ap_done_int                   |   9|          2|    1|          2|
    |ap_enable_reg_pp0_iter1       |   9|          2|    1|          2|
    |ap_enable_reg_pp0_iter2       |   9|          2|    1|          2|
    |ap_sig_allocacmp_best_load_1  |   9|          2|   32|         64|
    |best_fu_30                    |   9|          2|   32|         64|
    |s_1_fu_34                     |   9|          2|    5|         10|
    +------------------------------+----+-----------+-----+-----------+
    |Total                         |  54|         12|   72|        144|
    +------------------------------+----+-----------+-----+-----------+

    * Register: 
    +-------------------------+----+----+-----+-----------+
    |           Name          | FF | LUT| Bits| Const Bits|
    +-------------------------+----+----+-----+-----------+
    |ap_CS_fsm                |   1|   0|    1|          0|
    |ap_done_reg              |   1|   0|    1|          0|
    |ap_enable_reg_pp0_iter1  |   1|   0|    1|          0|
    |ap_enable_reg_pp0_iter2  |   1|   0|    1|          0|
    |best_fu_30               |  32|   0|   32|          0|
    |best_load_1_reg_160      |  32|   0|   32|          0|
    |s_1_fu_34                |   5|   0|    5|          0|
    |trunc_ln21_reg_175       |   4|   0|    4|          0|
    +-------------------------+----+----+-----+-----------+
    |Total                    |  77|   0|   77|          0|
    +-------------------------+----+----+-----+-----------+



================================================================
== Interface
================================================================
* Summary: 
+-----------------+-----+-----+------------+----------------------------------+--------------+
|    RTL Ports    | Dir | Bits|  Protocol  |           Source Object          |    C Type    |
+-----------------+-----+-----+------------+----------------------------------+--------------+
|ap_clk           |   in|    1|  ap_ctrl_hs|  viterbi_Pipeline_VITIS_LOOP_21_6|  return value|
|ap_rst           |   in|    1|  ap_ctrl_hs|  viterbi_Pipeline_VITIS_LOOP_21_6|  return value|
|ap_start         |   in|    1|  ap_ctrl_hs|  viterbi_Pipeline_VITIS_LOOP_21_6|  return value|
|ap_done          |  out|    1|  ap_ctrl_hs|  viterbi_Pipeline_VITIS_LOOP_21_6|  return value|
|ap_idle          |  out|    1|  ap_ctrl_hs|  viterbi_Pipeline_VITIS_LOOP_21_6|  return value|
|ap_ready         |  out|    1|  ap_ctrl_hs|  viterbi_Pipeline_VITIS_LOOP_21_6|  return value|
|cost_address0    |  out|    4|   ap_memory|                              cost|         array|
|cost_ce0         |  out|    1|   ap_memory|                              cost|         array|
|cost_q0          |   in|   32|   ap_memory|                              cost|         array|
|cost_address1    |  out|    4|   ap_memory|                              cost|         array|
|cost_ce1         |  out|    1|   ap_memory|                              cost|         array|
|cost_q1          |   in|   32|   ap_memory|                              cost|         array|
|best_out         |  out|   32|      ap_vld|                          best_out|       pointer|
|best_out_ap_vld  |  out|    1|      ap_vld|                          best_out|       pointer|
+-----------------+-----+-----+------------+----------------------------------+--------------+

