

================================================================
== Vitis HLS Report for 'viterbi_Pipeline_VITIS_LOOP_6_1'
================================================================
* Date:           Sun Apr  5 07:12:35 2026

* Version:        2025.2 (Build 6295257 on Nov 14 2025)
* Project:        proj_viterbi
* Solution:       sol1 (Vivado IP Flow Target)
* Product family: virtexuplus
* Target device:  xcvu9p-flga2104-2-i


================================================================
== Performance Estimates
================================================================
+ Timing: 
    * Summary: 
    +--------+----------+----------+------------+
    |  Clock |  Target  | Estimated| Uncertainty|
    +--------+----------+----------+------------+
    |ap_clk  |  10.00 ns|  1.579 ns|     2.70 ns|
    +--------+----------+----------+------------+

+ Latency: 
    * Summary: 
    +---------+---------+----------+----------+-----+-----+-------------------+
    |  Latency (cycles) |  Latency (absolute) |  Interval |      Pipeline     |
    |   min   |   max   |    min   |    max   | min | max |        Type       |
    +---------+---------+----------+----------+-----+-----+-------------------+
    |       18|       18|  0.180 us|  0.180 us|    0|    0|  loop pipeline stp|
    +---------+---------+----------+----------+-----+-----+-------------------+

    + Detail: 
        * Instance: 
        N/A

        * Loop: 
        +------------------+---------+---------+----------+-----------+-----------+------+----------+
        |                  |  Latency (cycles) | Iteration|  Initiation Interval  | Trip |          |
        |     Loop Name    |   min   |   max   |  Latency |  achieved |   target  | Count| Pipelined|
        +------------------+---------+---------+----------+-----------+-----------+------+----------+
        |- VITIS_LOOP_6_1  |       16|       16|         2|          1|          1|    16|       yes|
        +------------------+---------+---------+----------+-----------+-----------+------+----------+



================================================================
== Utilization Estimates
================================================================
* Summary: 
+---------------------+---------+------+---------+---------+-----+
|         Name        | BRAM_18K|  DSP |    FF   |   LUT   | URAM|
+---------------------+---------+------+---------+---------+-----+
|DSP                  |        -|     -|        -|        -|    -|
|Expression           |        -|     -|        0|       66|    -|
|FIFO                 |        -|     -|        -|        -|    -|
|Instance             |        -|     -|        -|        -|    -|
|Memory               |        -|     -|        -|        -|    -|
|Multiplexer          |        -|     -|        0|       36|    -|
|Register             |        -|     -|       13|        -|    -|
+---------------------+---------+------+---------+---------+-----+
|Total                |        0|     0|       13|      102|    0|
+---------------------+---------+------+---------+---------+-----+
|Available SLR        |     1440|  2280|   788160|   394080|  320|
+---------------------+---------+------+---------+---------+-----+
|Utilization SLR (%)  |        0|     0|       ~0|       ~0|    0|
+---------------------+---------+------+---------+---------+-----+
|Available            |     4320|  6840|  2364480|  1182240|  960|
+---------------------+---------+------+---------+---------+-----+
|Utilization (%)      |        0|     0|       ~0|       ~0|    0|
+---------------------+---------+------+---------+---------+-----+

+ Detail: 
    * Instance: 
    N/A

    * DSP: 
    N/A

    * Memory: 
    N/A

    * FIFO: 
    N/A

    * Expression: 
    +--------------------+----------+----+---+----+------------+------------+
    |    Variable Name   | Operation| DSP| FF| LUT| Bitwidth P0| Bitwidth P1|
    +--------------------+----------+----+---+----+------------+------------+
    |add_ln6_1_fu_88_p2  |         +|   0|  0|  12|           5|           1|
    |add_ln6_fu_104_p2   |         +|   0|  0|  39|          32|          32|
    |icmp_ln6_fu_82_p2   |      icmp|   0|  0|  13|           5|           6|
    |ap_enable_pp0       |       xor|   0|  0|   2|           1|           2|
    +--------------------+----------+----+---+----+------------+------------+
    |Total               |          |   0|  0|  66|          43|          41|
    +--------------------+----------+----+---+----+------------+------------+

    * Multiplexer: 
    +-------------------------+----+-----------+-----+-----------+
    |           Name          | LUT| Input Size| Bits| Total Bits|
    +-------------------------+----+-----------+-----+-----------+
    |ap_done_int              |   9|          2|    1|          2|
    |ap_enable_reg_pp0_iter1  |   9|          2|    1|          2|
    |ap_sig_allocacmp_s_1     |   9|          2|    5|         10|
    |s_fu_38                  |   9|          2|    5|         10|
    +-------------------------+----+-----------+-----+-----------+
    |Total                    |  36|          8|   12|         24|
    +-------------------------+----+-----------+-----+-----------+

    * Register: 
    +-------------------------+---+----+-----+-----------+
    |           Name          | FF| LUT| Bits| Const Bits|
    +-------------------------+---+----+-----+-----------+
    |ap_CS_fsm                |  1|   0|    1|          0|
    |ap_done_reg              |  1|   0|    1|          0|
    |ap_enable_reg_pp0_iter1  |  1|   0|    1|          0|
    |s_fu_38                  |  5|   0|    5|          0|
    |zext_ln6_reg_125         |  5|   0|   64|         59|
    +-------------------------+---+----+-----+-----------+
    |Total                    | 13|   0|   72|         59|
    +-------------------------+---+----+-----+-----------+



================================================================
== Interface
================================================================
* Summary: 
+---------------+-----+-----+------------+---------------------------------+--------------+
|   RTL Ports   | Dir | Bits|  Protocol  |          Source Object          |    C Type    |
+---------------+-----+-----+------------+---------------------------------+--------------+
|ap_clk         |   in|    1|  ap_ctrl_hs|  viterbi_Pipeline_VITIS_LOOP_6_1|  return value|
|ap_rst         |   in|    1|  ap_ctrl_hs|  viterbi_Pipeline_VITIS_LOOP_6_1|  return value|
|ap_start       |   in|    1|  ap_ctrl_hs|  viterbi_Pipeline_VITIS_LOOP_6_1|  return value|
|ap_done        |  out|    1|  ap_ctrl_hs|  viterbi_Pipeline_VITIS_LOOP_6_1|  return value|
|ap_idle        |  out|    1|  ap_ctrl_hs|  viterbi_Pipeline_VITIS_LOOP_6_1|  return value|
|ap_ready       |  out|    1|  ap_ctrl_hs|  viterbi_Pipeline_VITIS_LOOP_6_1|  return value|
|emit_address0  |  out|    4|   ap_memory|                             emit|         array|
|emit_ce0       |  out|    1|   ap_memory|                             emit|         array|
|emit_q0        |   in|   32|   ap_memory|                             emit|         array|
|obs_load       |   in|   32|     ap_none|                         obs_load|        scalar|
|cost_address0  |  out|    4|   ap_memory|                             cost|         array|
|cost_ce0       |  out|    1|   ap_memory|                             cost|         array|
|cost_we0       |  out|    1|   ap_memory|                             cost|         array|
|cost_d0        |  out|   32|   ap_memory|                             cost|         array|
+---------------+-----+-----+------------+---------------------------------+--------------+

