

================================================================
== Vitis HLS Report for 'fir_filter_Pipeline_VITIS_LOOP_13_2'
================================================================
* Date:           Sat Apr  4 15:25:33 2026

* Version:        2025.2 (Build 6295257 on Nov 14 2025)
* Project:        proj_fir_worst_r1
* Solution:       sol1 (Vivado IP Flow Target)
* Product family: virtexuplus
* Target device:  xcvu9p-flga2104-2-i


================================================================
== Performance Estimates
================================================================
+ Timing: 
    * Summary: 
    +--------+----------+----------+------------+
    |  Clock |  Target  | Estimated| Uncertainty|
    +--------+----------+----------+------------+
    |ap_clk  |  10.00 ns|  5.117 ns|     2.70 ns|
    +--------+----------+----------+------------+

+ Latency: 
    * Summary: 
    +---------+---------+----------+----------+-----+-----+-------------------+
    |  Latency (cycles) |  Latency (absolute) |  Interval |      Pipeline     |
    |   min   |   max   |    min   |    max   | min | max |        Type       |
    +---------+---------+----------+----------+-----+-----+-------------------+
    |       18|       18|  0.180 us|  0.180 us|    0|    0|  loop pipeline stp|
    +---------+---------+----------+----------+-----+-----+-------------------+

    + Detail: 
        * Instance: 
        N/A

        * Loop: 
        +-------------------+---------+---------+----------+-----------+-----------+------+----------+
        |                   |  Latency (cycles) | Iteration|  Initiation Interval  | Trip |          |
        |     Loop Name     |   min   |   max   |  Latency |  achieved |   target  | Count| Pipelined|
        +-------------------+---------+---------+----------+-----------+-----------+------+----------+
        |- VITIS_LOOP_13_2  |       16|       16|         2|          1|          1|    16|       yes|
        +-------------------+---------+---------+----------+-----------+-----------+------+----------+



================================================================
== Utilization Estimates
================================================================
* Summary: 
+---------------------+---------+------+---------+---------+-----+
|         Name        | BRAM_18K|  DSP |    FF   |   LUT   | URAM|
+---------------------+---------+------+---------+---------+-----+
|DSP                  |        -|     -|        -|        -|    -|
|Expression           |        -|     -|        0|      113|    -|
|FIFO                 |        -|     -|        -|        -|    -|
|Instance             |        -|     3|        0|       40|    -|
|Memory               |        -|     -|        -|        -|    -|
|Multiplexer          |        -|     -|        0|       45|    -|
|Register             |        -|     -|       43|        -|    -|
+---------------------+---------+------+---------+---------+-----+
|Total                |        0|     3|       43|      198|    0|
+---------------------+---------+------+---------+---------+-----+
|Available SLR        |     1440|  2280|   788160|   394080|  320|
+---------------------+---------+------+---------+---------+-----+
|Utilization SLR (%)  |        0|    ~0|       ~0|       ~0|    0|
+---------------------+---------+------+---------+---------+-----+
|Available            |     4320|  6840|  2364480|  1182240|  960|
+---------------------+---------+------+---------+---------+-----+
|Utilization (%)      |        0|    ~0|       ~0|       ~0|    0|
+---------------------+---------+------+---------+---------+-----+

+ Detail: 
    * Instance: 
    +-------------------------+----------------------+---------+----+---+----+-----+
    |         Instance        |        Module        | BRAM_18K| DSP| FF| LUT| URAM|
    +-------------------------+----------------------+---------+----+---+----+-----+
    |mul_32s_32s_32_1_1_U1    |mul_32s_32s_32_1_1    |        0|   3|  0|  20|    0|
    |sparsemux_9_2_32_1_1_U2  |sparsemux_9_2_32_1_1  |        0|   0|  0|  20|    0|
    +-------------------------+----------------------+---------+----+---+----+-----+
    |Total                    |                      |        0|   3|  0|  40|    0|
    +-------------------------+----------------------+---------+----+---+----+-----+

    * DSP: 
    N/A

    * Memory: 
    N/A

    * FIFO: 
    N/A

    * Expression: 
    +---------------------+----------+----+---+----+------------+------------+
    |    Variable Name    | Operation| DSP| FF| LUT| Bitwidth P0| Bitwidth P1|
    +---------------------+----------+----+---+----+------------+------------+
    |acc_6_fu_267_p2      |         +|   0|  0|  39|          32|          32|
    |add_ln13_fu_184_p2   |         +|   0|  0|  12|           5|           1|
    |sub_ln15_fu_216_p2   |         -|   0|  0|  15|           8|           8|
    |icmp_ln13_fu_178_p2  |      icmp|   0|  0|  13|           5|           6|
    |acc_1_fu_273_p3      |    select|   0|  0|  32|           1|          32|
    |ap_enable_pp0        |       xor|   0|  0|   2|           1|           2|
    +---------------------+----------+----+---+----+------------+------------+
    |Total                |          |   0|  0| 113|          52|          81|
    +---------------------+----------+----+---+----+------------+------------+

    * Multiplexer: 
    +-------------------------+----+-----------+-----+-----------+
    |           Name          | LUT| Input Size| Bits| Total Bits|
    +-------------------------+----+-----------+-----+-----------+
    |acc_fu_70                |   9|          2|   32|         64|
    |ap_done_int              |   9|          2|    1|          2|
    |ap_enable_reg_pp0_iter1  |   9|          2|    1|          2|
    |ap_sig_allocacmp_j_3     |   9|          2|    5|         10|
    |j_fu_74                  |   9|          2|    5|         10|
    +-------------------------+----+-----------+-----+-----------+
    |Total                    |  45|         10|   44|         88|
    +-------------------------+----+-----------+-----+-----------+

    * Register: 
    +-------------------------+----+----+-----+-----------+
    |           Name          | FF | LUT| Bits| Const Bits|
    +-------------------------+----+----+-----+-----------+
    |acc_fu_70                |  32|   0|   32|          0|
    |ap_CS_fsm                |   1|   0|    1|          0|
    |ap_done_reg              |   1|   0|    1|          0|
    |ap_enable_reg_pp0_iter1  |   1|   0|    1|          0|
    |j_fu_74                  |   5|   0|    5|          0|
    |tmp_1_reg_312            |   1|   0|    1|          0|
    |trunc_ln13_reg_307       |   2|   0|    2|          0|
    +-------------------------+----+----+-----+-----------+
    |Total                    |  43|   0|   43|          0|
    +-------------------------+----+----+-----+-----------+



================================================================
== Interface
================================================================
* Summary: 
+-------------------+-----+-----+------------+-------------------------------------+--------------+
|     RTL Ports     | Dir | Bits|  Protocol  |            Source Object            |    C Type    |
+-------------------+-----+-----+------------+-------------------------------------+--------------+
|ap_clk             |   in|    1|  ap_ctrl_hs|  fir_filter_Pipeline_VITIS_LOOP_13_2|  return value|
|ap_rst             |   in|    1|  ap_ctrl_hs|  fir_filter_Pipeline_VITIS_LOOP_13_2|  return value|
|ap_start           |   in|    1|  ap_ctrl_hs|  fir_filter_Pipeline_VITIS_LOOP_13_2|  return value|
|ap_done            |  out|    1|  ap_ctrl_hs|  fir_filter_Pipeline_VITIS_LOOP_13_2|  return value|
|ap_idle            |  out|    1|  ap_ctrl_hs|  fir_filter_Pipeline_VITIS_LOOP_13_2|  return value|
|ap_ready           |  out|    1|  ap_ctrl_hs|  fir_filter_Pipeline_VITIS_LOOP_13_2|  return value|
|i                  |   in|    7|     ap_none|                                    i|        scalar|
|input_r_address0   |  out|    7|   ap_memory|                              input_r|         array|
|input_r_ce0        |  out|    1|   ap_memory|                              input_r|         array|
|input_r_q0         |   in|   32|   ap_memory|                              input_r|         array|
|coeffs_0_address0  |  out|    2|   ap_memory|                             coeffs_0|         array|
|coeffs_0_ce0       |  out|    1|   ap_memory|                             coeffs_0|         array|
|coeffs_0_q0        |   in|   32|   ap_memory|                             coeffs_0|         array|
|coeffs_1_address0  |  out|    2|   ap_memory|                             coeffs_1|         array|
|coeffs_1_ce0       |  out|    1|   ap_memory|                             coeffs_1|         array|
|coeffs_1_q0        |   in|   32|   ap_memory|                             coeffs_1|         array|
|coeffs_2_address0  |  out|    2|   ap_memory|                             coeffs_2|         array|
|coeffs_2_ce0       |  out|    1|   ap_memory|                             coeffs_2|         array|
|coeffs_2_q0        |   in|   32|   ap_memory|                             coeffs_2|         array|
|coeffs_3_address0  |  out|    2|   ap_memory|                             coeffs_3|         array|
|coeffs_3_ce0       |  out|    1|   ap_memory|                             coeffs_3|         array|
|coeffs_3_q0        |   in|   32|   ap_memory|                             coeffs_3|         array|
|acc_out            |  out|   32|      ap_vld|                              acc_out|       pointer|
|acc_out_ap_vld     |  out|    1|      ap_vld|                              acc_out|       pointer|
+-------------------+-----+-----+------------+-------------------------------------+--------------+

