

================================================================
== Vitis HLS Report for 'bubble_sort_Pipeline_VITIS_LOOP_6_2'
================================================================
* Date:           Sat Apr  4 20:27:13 2026

* Version:        2025.2 (Build 6295257 on Nov 14 2025)
* Project:        proj_sort_opt
* Solution:       sol1 (Vivado IP Flow Target)
* Product family: virtexuplus
* Target device:  xcvu9p-flga2104-2-i


================================================================
== Performance Estimates
================================================================
+ Timing: 
    * Summary: 
    +--------+----------+----------+------------+
    |  Clock |  Target  | Estimated| Uncertainty|
    +--------+----------+----------+------------+
    |ap_clk  |  10.00 ns|  1.333 ns|     2.70 ns|
    +--------+----------+----------+------------+

+ Latency: 
    * Summary: 
    +---------+---------+-----------+----------+-----+-----+-------------------+
    |  Latency (cycles) |  Latency (absolute)  |  Interval |      Pipeline     |
    |   min   |   max   |    min    |    max   | min | max |        Type       |
    +---------+---------+-----------+----------+-----+-----+-------------------+
    |        4|      128|  40.000 ns|  1.280 us|    0|    0|  loop pipeline stp|
    +---------+---------+-----------+----------+-----+-----+-------------------+

    + Detail: 
        * Instance: 
        N/A

        * Loop: 
        +------------------+---------+---------+----------+-----------+-----------+--------+----------+
        |                  |  Latency (cycles) | Iteration|  Initiation Interval  |  Trip  |          |
        |     Loop Name    |   min   |   max   |  Latency |  achieved |   target  |  Count | Pipelined|
        +------------------+---------+---------+----------+-----------+-----------+--------+----------+
        |- VITIS_LOOP_6_2  |        2|      126|         2|          2|          1|  1 ~ 63|       yes|
        +------------------+---------+---------+----------+-----------+-----------+--------+----------+



================================================================
== Utilization Estimates
================================================================
* Summary: 
+---------------------+---------+------+---------+---------+-----+
|         Name        | BRAM_18K|  DSP |    FF   |   LUT   | URAM|
+---------------------+---------+------+---------+---------+-----+
|DSP                  |        -|     -|        -|        -|    -|
|Expression           |        -|     -|        0|       65|    -|
|FIFO                 |        -|     -|        -|        -|    -|
|Instance             |        -|     -|        0|       40|    -|
|Memory               |        -|     -|        -|        -|    -|
|Multiplexer          |        -|     -|        0|      177|    -|
|Register             |        -|     -|       49|        -|    -|
+---------------------+---------+------+---------+---------+-----+
|Total                |        0|     0|       49|      282|    0|
+---------------------+---------+------+---------+---------+-----+
|Available SLR        |     1440|  2280|   788160|   394080|  320|
+---------------------+---------+------+---------+---------+-----+
|Utilization SLR (%)  |        0|     0|       ~0|       ~0|    0|
+---------------------+---------+------+---------+---------+-----+
|Available            |     4320|  6840|  2364480|  1182240|  960|
+---------------------+---------+------+---------+---------+-----+
|Utilization (%)      |        0|     0|       ~0|       ~0|    0|
+---------------------+---------+------+---------+---------+-----+

+ Detail: 
    * Instance: 
    +-------------------------+----------------------+---------+----+---+----+-----+
    |         Instance        |        Module        | BRAM_18K| DSP| FF| LUT| URAM|
    +-------------------------+----------------------+---------+----+---+----+-----+
    |sparsemux_9_2_32_1_1_U1  |sparsemux_9_2_32_1_1  |        0|   0|  0|  20|    0|
    |sparsemux_9_2_32_1_1_U2  |sparsemux_9_2_32_1_1  |        0|   0|  0|  20|    0|
    +-------------------------+----------------------+---------+----+---+----+-----+
    |Total                    |                      |        0|   0|  0|  40|    0|
    +-------------------------+----------------------+---------+----+---+----+-----+

    * DSP: 
    N/A

    * Memory: 
    N/A

    * FIFO: 
    N/A

    * Expression: 
    +--------------------+----------+----+---+----+------------+------------+
    |    Variable Name   | Operation| DSP| FF| LUT| Bitwidth P0| Bitwidth P1|
    +--------------------+----------+----+---+----+------------+------------+
    |add_ln8_fu_186_p2   |         +|   0|  0|  13|           6|           1|
    |icmp_ln6_fu_180_p2  |      icmp|   0|  0|  13|           6|           6|
    |icmp_ln8_fu_286_p2  |      icmp|   0|  0|  39|          32|          32|
    +--------------------+----------+----+---+----+------------+------------+
    |Total               |          |   0|  0|  65|          44|          39|
    +--------------------+----------+----+---+----+------------+------------+

    * Multiplexer: 
    +----------------------+----+-----------+-----+-----------+
    |         Name         | LUT| Input Size| Bits| Total Bits|
    +----------------------+----+-----------+-----+-----------+
    |ap_NS_fsm             |  14|          3|    1|          3|
    |ap_done_int           |   9|          2|    1|          2|
    |ap_sig_allocacmp_j_1  |   9|          2|    6|         12|
    |arr_0_address0_local  |  20|          4|    4|         16|
    |arr_0_d0_local        |  14|          3|   32|         96|
    |arr_1_address0_local  |  20|          4|    4|         16|
    |arr_1_d0_local        |  14|          3|   32|         96|
    |arr_2_address0_local  |  20|          4|    4|         16|
    |arr_2_d0_local        |  14|          3|   32|         96|
    |arr_3_address0_local  |  20|          4|    4|         16|
    |arr_3_d0_local        |  14|          3|   32|         96|
    |j_fu_62               |   9|          2|    6|         12|
    +----------------------+----+-----------+-----+-----------+
    |Total                 | 177|         37|  158|        477|
    +----------------------+----+-----------+-----+-----------+

    * Register: 
    +----------------------+---+----+-----+-----------+
    |         Name         | FF| LUT| Bits| Const Bits|
    +----------------------+---+----+-----+-----------+
    |add_ln8_reg_315       |  6|   0|    6|          0|
    |ap_CS_fsm             |  2|   0|    2|          0|
    |ap_done_reg           |  1|   0|    1|          0|
    |arr_0_addr_1_reg_351  |  4|   0|    4|          0|
    |arr_0_addr_reg_327    |  4|   0|    4|          0|
    |arr_1_addr_1_reg_356  |  4|   0|    4|          0|
    |arr_1_addr_reg_333    |  4|   0|    4|          0|
    |arr_2_addr_1_reg_361  |  4|   0|    4|          0|
    |arr_2_addr_reg_339    |  4|   0|    4|          0|
    |arr_3_addr_1_reg_366  |  4|   0|    4|          0|
    |arr_3_addr_reg_345    |  4|   0|    4|          0|
    |j_fu_62               |  6|   0|    6|          0|
    |trunc_ln6_reg_320     |  2|   0|    2|          0|
    +----------------------+---+----+-----+-----------+
    |Total                 | 49|   0|   49|          0|
    +----------------------+---+----+-----+-----------+



================================================================
== Interface
================================================================
* Summary: 
+----------------+-----+-----+------------+-------------------------------------+--------------+
|    RTL Ports   | Dir | Bits|  Protocol  |            Source Object            |    C Type    |
+----------------+-----+-----+------------+-------------------------------------+--------------+
|ap_clk          |   in|    1|  ap_ctrl_hs|  bubble_sort_Pipeline_VITIS_LOOP_6_2|  return value|
|ap_rst          |   in|    1|  ap_ctrl_hs|  bubble_sort_Pipeline_VITIS_LOOP_6_2|  return value|
|ap_start        |   in|    1|  ap_ctrl_hs|  bubble_sort_Pipeline_VITIS_LOOP_6_2|  return value|
|ap_done         |  out|    1|  ap_ctrl_hs|  bubble_sort_Pipeline_VITIS_LOOP_6_2|  return value|
|ap_idle         |  out|    1|  ap_ctrl_hs|  bubble_sort_Pipeline_VITIS_LOOP_6_2|  return value|
|ap_ready        |  out|    1|  ap_ctrl_hs|  bubble_sort_Pipeline_VITIS_LOOP_6_2|  return value|
|indvars_iv6     |   in|    6|     ap_none|                          indvars_iv6|        scalar|
|arr_0_address0  |  out|    4|   ap_memory|                                arr_0|         array|
|arr_0_ce0       |  out|    1|   ap_memory|                                arr_0|         array|
|arr_0_we0       |  out|    1|   ap_memory|                                arr_0|         array|
|arr_0_d0        |  out|   32|   ap_memory|                                arr_0|         array|
|arr_0_q0        |   in|   32|   ap_memory|                                arr_0|         array|
|arr_0_address1  |  out|    4|   ap_memory|                                arr_0|         array|
|arr_0_ce1       |  out|    1|   ap_memory|                                arr_0|         array|
|arr_0_q1        |   in|   32|   ap_memory|                                arr_0|         array|
|arr_1_address0  |  out|    4|   ap_memory|                                arr_1|         array|
|arr_1_ce0       |  out|    1|   ap_memory|                                arr_1|         array|
|arr_1_we0       |  out|    1|   ap_memory|                                arr_1|         array|
|arr_1_d0        |  out|   32|   ap_memory|                                arr_1|         array|
|arr_1_q0        |   in|   32|   ap_memory|                                arr_1|         array|
|arr_1_address1  |  out|    4|   ap_memory|                                arr_1|         array|
|arr_1_ce1       |  out|    1|   ap_memory|                                arr_1|         array|
|arr_1_q1        |   in|   32|   ap_memory|                                arr_1|         array|
|arr_2_address0  |  out|    4|   ap_memory|                                arr_2|         array|
|arr_2_ce0       |  out|    1|   ap_memory|                                arr_2|         array|
|arr_2_we0       |  out|    1|   ap_memory|                                arr_2|         array|
|arr_2_d0        |  out|   32|   ap_memory|                                arr_2|         array|
|arr_2_q0        |   in|   32|   ap_memory|                                arr_2|         array|
|arr_2_address1  |  out|    4|   ap_memory|                                arr_2|         array|
|arr_2_ce1       |  out|    1|   ap_memory|                                arr_2|         array|
|arr_2_q1        |   in|   32|   ap_memory|                                arr_2|         array|
|arr_3_address0  |  out|    4|   ap_memory|                                arr_3|         array|
|arr_3_ce0       |  out|    1|   ap_memory|                                arr_3|         array|
|arr_3_we0       |  out|    1|   ap_memory|                                arr_3|         array|
|arr_3_d0        |  out|   32|   ap_memory|                                arr_3|         array|
|arr_3_q0        |   in|   32|   ap_memory|                                arr_3|         array|
|arr_3_address1  |  out|    4|   ap_memory|                                arr_3|         array|
|arr_3_ce1       |  out|    1|   ap_memory|                                arr_3|         array|
|arr_3_q1        |   in|   32|   ap_memory|                                arr_3|         array|
+----------------+-----+-----+------------+-------------------------------------+--------------+

