

================================================================
== Vitis HLS Report for 'bubble_sort'
================================================================
* Date:           Sat Apr  4 20:27:14 2026

* Version:        2025.2 (Build 6295257 on Nov 14 2025)
* Project:        proj_sort_opt
* Solution:       sol1 (Vivado IP Flow Target)
* Product family: virtexuplus
* Target device:  xcvu9p-flga2104-2-i


================================================================
== Performance Estimates
================================================================
+ Timing: 
    * Summary: 
    +--------+----------+----------+------------+
    |  Clock |  Target  | Estimated| Uncertainty|
    +--------+----------+----------+------------+
    |ap_clk  |  10.00 ns|  1.800 ns|     2.70 ns|
    +--------+----------+----------+------------+

+ Latency: 
    * Summary: 
    +---------+---------+----------+-----------+-----+------+---------+
    |  Latency (cycles) |  Latency (absolute)  |  Interval  | Pipeline|
    |   min   |   max   |    min   |    max    | min |  max |   Type  |
    +---------+---------+----------+-----------+-----+------+---------+
    |      379|     8191|  3.790 us|  81.910 us|  380|  8192|       no|
    +---------+---------+----------+-----------+-----+------+---------+

    + Detail: 
        * Instance: 
        +-----------------------------------------------+-------------------------------------+---------+---------+-----------+----------+-----+-----+-------------------+
        |                                               |                                     |  Latency (cycles) |  Latency (absolute)  |  Interval |      Pipeline     |
        |                    Instance                   |                Module               |   min   |   max   |    min    |    max   | min | max |        Type       |
        +-----------------------------------------------+-------------------------------------+---------+---------+-----------+----------+-----+-----+-------------------+
        |grp_bubble_sort_Pipeline_VITIS_LOOP_6_2_fu_50  |bubble_sort_Pipeline_VITIS_LOOP_6_2  |        4|      128|  40.000 ns|  1.280 us|    0|    0|  loop pipeline stp|
        +-----------------------------------------------+-------------------------------------+---------+---------+-----------+----------+-----+-----+-------------------+

        * Loop: 
        +------------------+---------+---------+----------+-----------+-----------+------+----------+
        |                  |  Latency (cycles) | Iteration|  Initiation Interval  | Trip |          |
        |     Loop Name    |   min   |   max   |  Latency |  achieved |   target  | Count| Pipelined|
        +------------------+---------+---------+----------+-----------+-----------+------+----------+
        |- VITIS_LOOP_5_1  |      378|     8190|   6 ~ 130|          -|          -|    63|        no|
        +------------------+---------+---------+----------+-----------+-----------+------+----------+



================================================================
== Utilization Estimates
================================================================
* Summary: 
+---------------------+---------+------+---------+---------+-----+
|         Name        | BRAM_18K|  DSP |    FF   |   LUT   | URAM|
+---------------------+---------+------+---------+---------+-----+
|DSP                  |        -|     -|        -|        -|    -|
|Expression           |        -|     -|        0|       39|    -|
|FIFO                 |        -|     -|        -|        -|    -|
|Instance             |        -|     -|       49|      282|    -|
|Memory               |        -|     -|        -|        -|    -|
|Multiplexer          |        -|     -|        0|       38|    -|
|Register             |        -|     -|       22|        -|    -|
+---------------------+---------+------+---------+---------+-----+
|Total                |        0|     0|       71|      359|    0|
+---------------------+---------+------+---------+---------+-----+
|Available SLR        |     1440|  2280|   788160|   394080|  320|
+---------------------+---------+------+---------+---------+-----+
|Utilization SLR (%)  |        0|     0|       ~0|       ~0|    0|
+---------------------+---------+------+---------+---------+-----+
|Available            |     4320|  6840|  2364480|  1182240|  960|
+---------------------+---------+------+---------+---------+-----+
|Utilization (%)      |        0|     0|       ~0|       ~0|    0|
+---------------------+---------+------+---------+---------+-----+

+ Detail: 
    * Instance: 
    +-----------------------------------------------+-------------------------------------+---------+----+----+-----+-----+
    |                    Instance                   |                Module               | BRAM_18K| DSP| FF | LUT | URAM|
    +-----------------------------------------------+-------------------------------------+---------+----+----+-----+-----+
    |grp_bubble_sort_Pipeline_VITIS_LOOP_6_2_fu_50  |bubble_sort_Pipeline_VITIS_LOOP_6_2  |        0|   0|  49|  282|    0|
    +-----------------------------------------------+-------------------------------------+---------+----+----+-----+-----+
    |Total                                          |                                     |        0|   0|  49|  282|    0|
    +-----------------------------------------------+-------------------------------------+---------+----+----+-----+-----+

    * DSP: 
    N/A

    * Memory: 
    N/A

    * FIFO: 
    N/A

    * Expression: 
    +-------------------+----------+----+---+----+------------+------------+
    |   Variable Name   | Operation| DSP| FF| LUT| Bitwidth P0| Bitwidth P1|
    +-------------------+----------+----+---+----+------------+------------+
    |add_ln5_fu_92_p2   |         +|   0|  0|  13|           6|           2|
    |i_2_fu_82_p2       |         +|   0|  0|  13|           6|           1|
    |icmp_ln5_fu_76_p2  |      icmp|   0|  0|  13|           6|           2|
    +-------------------+----------+----+---+----+------------+------------+
    |Total              |          |   0|  0|  39|          18|           5|
    +-------------------+----------+----+---+----+------------+------------+

    * Multiplexer: 
    +-------------------+----+-----------+-----+-----------+
    |        Name       | LUT| Input Size| Bits| Total Bits|
    +-------------------+----+-----------+-----+-----------+
    |ap_NS_fsm          |  20|          4|    1|          4|
    |i_fu_42            |   9|          2|    6|         12|
    |indvars_iv6_fu_46  |   9|          2|    6|         12|
    +-------------------+----+-----------+-----+-----------+
    |Total              |  38|          8|   13|         28|
    +-------------------+----+-----------+-----+-----------+

    * Register: 
    +------------------------------------------------------------+---+----+-----+-----------+
    |                            Name                            | FF| LUT| Bits| Const Bits|
    +------------------------------------------------------------+---+----+-----+-----------+
    |ap_CS_fsm                                                   |  3|   0|    3|          0|
    |grp_bubble_sort_Pipeline_VITIS_LOOP_6_2_fu_50_ap_start_reg  |  1|   0|    1|          0|
    |i_fu_42                                                     |  6|   0|    6|          0|
    |indvars_iv6_fu_46                                           |  6|   0|    6|          0|
    |indvars_iv6_load_reg_125                                    |  6|   0|    6|          0|
    +------------------------------------------------------------+---+----+-----+-----------+
    |Total                                                       | 22|   0|   22|          0|
    +------------------------------------------------------------+---+----+-----+-----------+



================================================================
== Interface
================================================================
* Summary: 
+----------------+-----+-----+------------+--------------+--------------+
|    RTL Ports   | Dir | Bits|  Protocol  | Source Object|    C Type    |
+----------------+-----+-----+------------+--------------+--------------+
|ap_clk          |   in|    1|  ap_ctrl_hs|   bubble_sort|  return value|
|ap_rst          |   in|    1|  ap_ctrl_hs|   bubble_sort|  return value|
|ap_start        |   in|    1|  ap_ctrl_hs|   bubble_sort|  return value|
|ap_done         |  out|    1|  ap_ctrl_hs|   bubble_sort|  return value|
|ap_idle         |  out|    1|  ap_ctrl_hs|   bubble_sort|  return value|
|ap_ready        |  out|    1|  ap_ctrl_hs|   bubble_sort|  return value|
|arr_0_address0  |  out|    4|   ap_memory|         arr_0|         array|
|arr_0_ce0       |  out|    1|   ap_memory|         arr_0|         array|
|arr_0_we0       |  out|    1|   ap_memory|         arr_0|         array|
|arr_0_d0        |  out|   32|   ap_memory|         arr_0|         array|
|arr_0_q0        |   in|   32|   ap_memory|         arr_0|         array|
|arr_0_address1  |  out|    4|   ap_memory|         arr_0|         array|
|arr_0_ce1       |  out|    1|   ap_memory|         arr_0|         array|
|arr_0_q1        |   in|   32|   ap_memory|         arr_0|         array|
|arr_1_address0  |  out|    4|   ap_memory|         arr_1|         array|
|arr_1_ce0       |  out|    1|   ap_memory|         arr_1|         array|
|arr_1_we0       |  out|    1|   ap_memory|         arr_1|         array|
|arr_1_d0        |  out|   32|   ap_memory|         arr_1|         array|
|arr_1_q0        |   in|   32|   ap_memory|         arr_1|         array|
|arr_1_address1  |  out|    4|   ap_memory|         arr_1|         array|
|arr_1_ce1       |  out|    1|   ap_memory|         arr_1|         array|
|arr_1_q1        |   in|   32|   ap_memory|         arr_1|         array|
|arr_2_address0  |  out|    4|   ap_memory|         arr_2|         array|
|arr_2_ce0       |  out|    1|   ap_memory|         arr_2|         array|
|arr_2_we0       |  out|    1|   ap_memory|         arr_2|         array|
|arr_2_d0        |  out|   32|   ap_memory|         arr_2|         array|
|arr_2_q0        |   in|   32|   ap_memory|         arr_2|         array|
|arr_2_address1  |  out|    4|   ap_memory|         arr_2|         array|
|arr_2_ce1       |  out|    1|   ap_memory|         arr_2|         array|
|arr_2_q1        |   in|   32|   ap_memory|         arr_2|         array|
|arr_3_address0  |  out|    4|   ap_memory|         arr_3|         array|
|arr_3_ce0       |  out|    1|   ap_memory|         arr_3|         array|
|arr_3_we0       |  out|    1|   ap_memory|         arr_3|         array|
|arr_3_d0        |  out|   32|   ap_memory|         arr_3|         array|
|arr_3_q0        |   in|   32|   ap_memory|         arr_3|         array|
|arr_3_address1  |  out|    4|   ap_memory|         arr_3|         array|
|arr_3_ce1       |  out|    1|   ap_memory|         arr_3|         array|
|arr_3_q1        |   in|   32|   ap_memory|         arr_3|         array|
+----------------+-----+-----+------------+--------------+--------------+

