

================================================================
== Vitis HLS Report for 'histogram'
================================================================
* Date:           Sat Apr  4 14:27:36 2026

* Version:        2025.2 (Build 6295257 on Nov 14 2025)
* Project:        proj_histogram_worst
* Solution:       sol1 (Vivado IP Flow Target)
* Product family: virtexuplus
* Target device:  xcvu9p-flga2104-2-i


================================================================
== Performance Estimates
================================================================
+ Timing: 
    * Summary: 
    +--------+----------+----------+------------+
    |  Clock |  Target  | Estimated| Uncertainty|
    +--------+----------+----------+------------+
    |ap_clk  |  10.00 ns|  1.489 ns|     2.70 ns|
    +--------+----------+----------+------------+

+ Latency: 
    * Summary: 
    +---------+---------+-----------+-----------+------+------+---------+
    |  Latency (cycles) |   Latency (absolute)  |   Interval  | Pipeline|
    |   min   |   max   |    min    |    max    |  min |  max |   Type  |
    +---------+---------+-----------+-----------+------+------+---------+
    |     3332|     3332|  33.320 us|  33.320 us|  3333|  3333|       no|
    +---------+---------+-----------+-----------+------+------+---------+

    + Detail: 
        * Instance: 
        +---------------------------------------------+-----------------------------------+---------+---------+----------+----------+-----+-----+-------------------+
        |                                             |                                   |  Latency (cycles) |  Latency (absolute) |  Interval |      Pipeline     |
        |                   Instance                  |               Module              |   min   |   max   |    min   |    max   | min | max |        Type       |
        +---------------------------------------------+-----------------------------------+---------+---------+----------+----------+-----+-----+-------------------+
        |grp_histogram_Pipeline_VITIS_LOOP_5_1_fu_72  |histogram_Pipeline_VITIS_LOOP_5_1  |      258|      258|  2.580 us|  2.580 us|    0|    0|  loop pipeline stp|
        +---------------------------------------------+-----------------------------------+---------+---------+----------+----------+-----+-----+-------------------+

        * Loop: 
        +------------------+---------+---------+----------+-----------+-----------+------+----------+
        |                  |  Latency (cycles) | Iteration|  Initiation Interval  | Trip |          |
        |     Loop Name    |   min   |   max   |  Latency |  achieved |   target  | Count| Pipelined|
        +------------------+---------+---------+----------+-----------+-----------+------+----------+
        |- VITIS_LOOP_7_2  |     3072|     3072|         3|          -|          -|  1024|        no|
        +------------------+---------+---------+----------+-----------+-----------+------+----------+



================================================================
== Utilization Estimates
================================================================
* Summary: 
+---------------------+---------+------+---------+---------+-----+
|         Name        | BRAM_18K|  DSP |    FF   |   LUT   | URAM|
+---------------------+---------+------+---------+---------+-----+
|DSP                  |        -|     -|        -|        -|    -|
|Expression           |        -|     -|        0|       78|    -|
|FIFO                 |        -|     -|        -|        -|    -|
|Instance             |        -|     -|       11|       60|    -|
|Memory               |        -|     -|        -|        -|    -|
|Multiplexer          |        -|     -|        0|       90|    -|
|Register             |        -|     -|       25|        -|    -|
+---------------------+---------+------+---------+---------+-----+
|Total                |        0|     0|       36|      228|    0|
+---------------------+---------+------+---------+---------+-----+
|Available SLR        |     1440|  2280|   788160|   394080|  320|
+---------------------+---------+------+---------+---------+-----+
|Utilization SLR (%)  |        0|     0|       ~0|       ~0|    0|
+---------------------+---------+------+---------+---------+-----+
|Available            |     4320|  6840|  2364480|  1182240|  960|
+---------------------+---------+------+---------+---------+-----+
|Utilization (%)      |        0|     0|       ~0|       ~0|    0|
+---------------------+---------+------+---------+---------+-----+

+ Detail: 
    * Instance: 
    +---------------------------------------------+-----------------------------------+---------+----+----+----+-----+
    |                   Instance                  |               Module              | BRAM_18K| DSP| FF | LUT| URAM|
    +---------------------------------------------+-----------------------------------+---------+----+----+----+-----+
    |grp_histogram_Pipeline_VITIS_LOOP_5_1_fu_72  |histogram_Pipeline_VITIS_LOOP_5_1  |        0|   0|  11|  60|    0|
    +---------------------------------------------+-----------------------------------+---------+----+----+----+-----+
    |Total                                        |                                   |        0|   0|  11|  60|    0|
    +---------------------------------------------+-----------------------------------+---------+----+----+----+-----+

    * DSP: 
    N/A

    * Memory: 
    N/A

    * FIFO: 
    N/A

    * Expression: 
    +--------------------+----------+----+---+----+------------+------------+
    |    Variable Name   | Operation| DSP| FF| LUT| Bitwidth P0| Bitwidth P1|
    +--------------------+----------+----+---+----+------------+------------+
    |add_ln10_fu_117_p2  |         +|   0|  0|  39|          32|           1|
    |add_ln7_fu_92_p2    |         +|   0|  0|  18|          11|           1|
    |icmp_ln7_fu_86_p2   |      icmp|   0|  0|  19|          11|          12|
    |hist_we0            |        or|   0|  0|   2|           1|           1|
    +--------------------+----------+----+---+----+------------+------------+
    |Total               |          |   0|  0|  78|          55|          15|
    +--------------------+----------+----+---+----+------------+------------+

    * Multiplexer: 
    +---------------------+----+-----------+-----+-----------+
    |         Name        | LUT| Input Size| Bits| Total Bits|
    +---------------------+----+-----------+-----+-----------+
    |ap_NS_fsm            |  31|          6|    1|          6|
    |hist_address0        |   9|          2|    8|         16|
    |hist_address0_local  |  14|          3|    8|         24|
    |hist_ce0             |   9|          2|    1|          2|
    |hist_d0              |   9|          2|   32|         64|
    |hist_we0             |   9|          2|    1|          2|
    |i_1_fu_42            |   9|          2|   11|         22|
    +---------------------+----+-----------+-----+-----------+
    |Total                |  90|         19|   62|        136|
    +---------------------+----+-----------+-----+-----------+

    * Register: 
    +----------------------------------------------------------+----+----+-----+-----------+
    |                           Name                           | FF | LUT| Bits| Const Bits|
    +----------------------------------------------------------+----+----+-----+-----------+
    |ap_CS_fsm                                                 |   5|   0|    5|          0|
    |grp_histogram_Pipeline_VITIS_LOOP_5_1_fu_72_ap_start_reg  |   1|   0|    1|          0|
    |hist_addr_reg_139                                         |   8|   0|    8|          0|
    |i_1_fu_42                                                 |  11|   0|   11|          0|
    +----------------------------------------------------------+----+----+-----+-----------+
    |Total                                                     |  25|   0|   25|          0|
    +----------------------------------------------------------+----+----+-----+-----------+



================================================================
== Interface
================================================================
* Summary: 
+------------------+-----+-----+------------+--------------+--------------+
|     RTL Ports    | Dir | Bits|  Protocol  | Source Object|    C Type    |
+------------------+-----+-----+------------+--------------+--------------+
|ap_clk            |   in|    1|  ap_ctrl_hs|     histogram|  return value|
|ap_rst            |   in|    1|  ap_ctrl_hs|     histogram|  return value|
|ap_start          |   in|    1|  ap_ctrl_hs|     histogram|  return value|
|ap_done           |  out|    1|  ap_ctrl_hs|     histogram|  return value|
|ap_idle           |  out|    1|  ap_ctrl_hs|     histogram|  return value|
|ap_ready          |  out|    1|  ap_ctrl_hs|     histogram|  return value|
|input_r_address0  |  out|   10|   ap_memory|       input_r|         array|
|input_r_ce0       |  out|    1|   ap_memory|       input_r|         array|
|input_r_q0        |   in|   32|   ap_memory|       input_r|         array|
|hist_address0     |  out|    8|   ap_memory|          hist|         array|
|hist_ce0          |  out|    1|   ap_memory|          hist|         array|
|hist_we0          |  out|    1|   ap_memory|          hist|         array|
|hist_d0           |  out|   32|   ap_memory|          hist|         array|
|hist_q0           |   in|   32|   ap_memory|          hist|         array|
+------------------+-----+-----+------------+--------------+--------------+

