

================================================================
== Vitis HLS Report for 'prefix_sum_Pipeline_VITIS_LOOP_6_1'
================================================================
* Date:           Sun Apr  5 07:13:49 2026

* Version:        2025.2 (Build 6295257 on Nov 14 2025)
* Project:        proj_prefix_sum_opt
* Solution:       sol1 (Vivado IP Flow Target)
* Product family: virtexuplus
* Target device:  xcvu9p-flga2104-2-i


================================================================
== Performance Estimates
================================================================
+ Timing: 
    * Summary: 
    +--------+----------+----------+------------+
    |  Clock |  Target  | Estimated| Uncertainty|
    +--------+----------+----------+------------+
    |ap_clk  |  10.00 ns|  1.411 ns|     2.70 ns|
    +--------+----------+----------+------------+

+ Latency: 
    * Summary: 
    +---------+---------+----------+----------+-----+-----+-------------------+
    |  Latency (cycles) |  Latency (absolute) |  Interval |      Pipeline     |
    |   min   |   max   |    min   |    max   | min | max |        Type       |
    +---------+---------+----------+----------+-----+-----+-------------------+
    |      255|      255|  2.550 us|  2.550 us|    0|    0|  loop pipeline stp|
    +---------+---------+----------+----------+-----+-----+-------------------+

    + Detail: 
        * Instance: 
        N/A

        * Loop: 
        +------------------+---------+---------+----------+-----------+-----------+------+----------+
        |                  |  Latency (cycles) | Iteration|  Initiation Interval  | Trip |          |
        |     Loop Name    |   min   |   max   |  Latency |  achieved |   target  | Count| Pipelined|
        +------------------+---------+---------+----------+-----------+-----------+------+----------+
        |- VITIS_LOOP_6_1  |      253|      253|         2|          2|          1|   127|       yes|
        +------------------+---------+---------+----------+-----------+-----------+------+----------+



================================================================
== Utilization Estimates
================================================================
* Summary: 
+---------------------+---------+------+---------+---------+-----+
|         Name        | BRAM_18K|  DSP |    FF   |   LUT   | URAM|
+---------------------+---------+------+---------+---------+-----+
|DSP                  |        -|     -|        -|        -|    -|
|Expression           |        -|     -|        0|       84|    -|
|FIFO                 |        -|     -|        -|        -|    -|
|Instance             |        -|     -|        0|       40|    -|
|Memory               |        -|     -|        -|        -|    -|
|Multiplexer          |        -|     -|        0|       97|    -|
|Register             |        -|     -|       24|        -|    -|
+---------------------+---------+------+---------+---------+-----+
|Total                |        0|     0|       24|      221|    0|
+---------------------+---------+------+---------+---------+-----+
|Available SLR        |     1440|  2280|   788160|   394080|  320|
+---------------------+---------+------+---------+---------+-----+
|Utilization SLR (%)  |        0|     0|       ~0|       ~0|    0|
+---------------------+---------+------+---------+---------+-----+
|Available            |     4320|  6840|  2364480|  1182240|  960|
+---------------------+---------+------+---------+---------+-----+
|Utilization (%)      |        0|     0|       ~0|       ~0|    0|
+---------------------+---------+------+---------+---------+-----+

+ Detail: 
    * Instance: 
    +-------------------------+----------------------+---------+----+---+----+-----+
    |         Instance        |        Module        | BRAM_18K| DSP| FF| LUT| URAM|
    +-------------------------+----------------------+---------+----+---+----+-----+
    |sparsemux_9_2_32_1_1_U1  |sparsemux_9_2_32_1_1  |        0|   0|  0|  20|    0|
    |sparsemux_9_2_32_1_1_U2  |sparsemux_9_2_32_1_1  |        0|   0|  0|  20|    0|
    +-------------------------+----------------------+---------+----+---+----+-----+
    |Total                    |                      |        0|   0|  0|  40|    0|
    +-------------------------+----------------------+---------+----+---+----+-----+

    * DSP: 
    N/A

    * Memory: 
    N/A

    * FIFO: 
    N/A

    * Expression: 
    +---------------------+----------+----+---+----+------------+------------+
    |    Variable Name    | Operation| DSP| FF| LUT| Bitwidth P0| Bitwidth P1|
    +---------------------+----------+----+---+----+------------+------------+
    |add_ln8_1_fu_309_p2  |         +|   0|  0|  39|          32|          32|
    |add_ln8_fu_236_p2    |         +|   0|  0|  14|           7|           2|
    |i_3_fu_328_p2        |         +|   0|  0|  15|           8|           1|
    |icmp_ln6_fu_338_p2   |      icmp|   0|  0|  16|           8|           9|
    +---------------------+----------+----+---+----+------------+------------+
    |Total                |          |   0|  0|  84|          55|          44|
    +---------------------+----------+----+---+----+------------+------------+

    * Multiplexer: 
    +----------------------+----+-----------+-----+-----------+
    |         Name         | LUT| Input Size| Bits| Total Bits|
    +----------------------+----+-----------+-----+-----------+
    |ap_NS_fsm             |  14|          3|    1|          3|
    |ap_done_int           |   9|          2|    1|          2|
    |ap_sig_allocacmp_i_1  |   9|          2|    7|         14|
    |i_fu_66               |   9|          2|    7|         14|
    |out_0_address0_local  |  14|          3|    5|         15|
    |out_1_address0_local  |  14|          3|    5|         15|
    |out_2_address0_local  |  14|          3|    5|         15|
    |out_3_address0_local  |  14|          3|    5|         15|
    +----------------------+----+-----------+-----+-----------+
    |Total                 |  97|         21|   36|         93|
    +----------------------+----+-----------+-----+-----------+

    * Register: 
    +-------------------+---+----+-----+-----------+
    |        Name       | FF| LUT| Bits| Const Bits|
    +-------------------+---+----+-----+-----------+
    |ap_CS_fsm          |  2|   0|    2|          0|
    |ap_done_reg        |  1|   0|    1|          0|
    |i_1_reg_356        |  7|   0|    7|          0|
    |i_fu_66            |  7|   0|    7|          0|
    |trunc_ln6_reg_361  |  2|   0|    2|          0|
    |zext_ln6_reg_368   |  5|   0|   64|         59|
    +-------------------+---+----+-----+-----------+
    |Total              | 24|   0|   83|         59|
    +-------------------+---+----+-----+-----------+



================================================================
== Interface
================================================================
* Summary: 
+----------------+-----+-----+------------+------------------------------------+--------------+
|    RTL Ports   | Dir | Bits|  Protocol  |            Source Object           |    C Type    |
+----------------+-----+-----+------------+------------------------------------+--------------+
|ap_clk          |   in|    1|  ap_ctrl_hs|  prefix_sum_Pipeline_VITIS_LOOP_6_1|  return value|
|ap_rst          |   in|    1|  ap_ctrl_hs|  prefix_sum_Pipeline_VITIS_LOOP_6_1|  return value|
|ap_start        |   in|    1|  ap_ctrl_hs|  prefix_sum_Pipeline_VITIS_LOOP_6_1|  return value|
|ap_done         |  out|    1|  ap_ctrl_hs|  prefix_sum_Pipeline_VITIS_LOOP_6_1|  return value|
|ap_idle         |  out|    1|  ap_ctrl_hs|  prefix_sum_Pipeline_VITIS_LOOP_6_1|  return value|
|ap_ready        |  out|    1|  ap_ctrl_hs|  prefix_sum_Pipeline_VITIS_LOOP_6_1|  return value|
|out_0_address0  |  out|    5|   ap_memory|                               out_0|         array|
|out_0_ce0       |  out|    1|   ap_memory|                               out_0|         array|
|out_0_we0       |  out|    1|   ap_memory|                               out_0|         array|
|out_0_d0        |  out|   32|   ap_memory|                               out_0|         array|
|out_0_q0        |   in|   32|   ap_memory|                               out_0|         array|
|out_3_address0  |  out|    5|   ap_memory|                               out_3|         array|
|out_3_ce0       |  out|    1|   ap_memory|                               out_3|         array|
|out_3_we0       |  out|    1|   ap_memory|                               out_3|         array|
|out_3_d0        |  out|   32|   ap_memory|                               out_3|         array|
|out_3_q0        |   in|   32|   ap_memory|                               out_3|         array|
|out_2_address0  |  out|    5|   ap_memory|                               out_2|         array|
|out_2_ce0       |  out|    1|   ap_memory|                               out_2|         array|
|out_2_we0       |  out|    1|   ap_memory|                               out_2|         array|
|out_2_d0        |  out|   32|   ap_memory|                               out_2|         array|
|out_2_q0        |   in|   32|   ap_memory|                               out_2|         array|
|out_1_address0  |  out|    5|   ap_memory|                               out_1|         array|
|out_1_ce0       |  out|    1|   ap_memory|                               out_1|         array|
|out_1_we0       |  out|    1|   ap_memory|                               out_1|         array|
|out_1_d0        |  out|   32|   ap_memory|                               out_1|         array|
|out_1_q0        |   in|   32|   ap_memory|                               out_1|         array|
|in_0_address0   |  out|    5|   ap_memory|                                in_0|         array|
|in_0_ce0        |  out|    1|   ap_memory|                                in_0|         array|
|in_0_q0         |   in|   32|   ap_memory|                                in_0|         array|
|in_1_address0   |  out|    5|   ap_memory|                                in_1|         array|
|in_1_ce0        |  out|    1|   ap_memory|                                in_1|         array|
|in_1_q0         |   in|   32|   ap_memory|                                in_1|         array|
|in_2_address0   |  out|    5|   ap_memory|                                in_2|         array|
|in_2_ce0        |  out|    1|   ap_memory|                                in_2|         array|
|in_2_q0         |   in|   32|   ap_memory|                                in_2|         array|
|in_3_address0   |  out|    5|   ap_memory|                                in_3|         array|
|in_3_ce0        |  out|    1|   ap_memory|                                in_3|         array|
|in_3_q0         |   in|   32|   ap_memory|                                in_3|         array|
+----------------+-----+-----+------------+------------------------------------+--------------+

