

================================================================
== Vitis HLS Report for 'prefix_sum'
================================================================
* Date:           Sun Apr  5 07:13:49 2026

* Version:        2025.2 (Build 6295257 on Nov 14 2025)
* Project:        proj_prefix_sum_opt
* Solution:       sol1 (Vivado IP Flow Target)
* Product family: virtexuplus
* Target device:  xcvu9p-flga2104-2-i


================================================================
== Performance Estimates
================================================================
+ Timing: 
    * Summary: 
    +--------+----------+----------+------------+
    |  Clock |  Target  | Estimated| Uncertainty|
    +--------+----------+----------+------------+
    |ap_clk  |  10.00 ns|  1.798 ns|     2.70 ns|
    +--------+----------+----------+------------+

+ Latency: 
    * Summary: 
    +---------+---------+----------+----------+-----+-----+---------+
    |  Latency (cycles) |  Latency (absolute) |  Interval | Pipeline|
    |   min   |   max   |    min   |    max   | min | max |   Type  |
    +---------+---------+----------+----------+-----+-----+---------+
    |      258|      258|  2.580 us|  2.580 us|  259|  259|       no|
    +---------+---------+----------+----------+-----+-----+---------+

    + Detail: 
        * Instance: 
        +----------------------------------------------+------------------------------------+---------+---------+----------+----------+-----+-----+-------------------+
        |                                              |                                    |  Latency (cycles) |  Latency (absolute) |  Interval |      Pipeline     |
        |                   Instance                   |               Module               |   min   |   max   |    min   |    max   | min | max |        Type       |
        +----------------------------------------------+------------------------------------+---------+---------+----------+----------+-----+-----+-------------------+
        |grp_prefix_sum_Pipeline_VITIS_LOOP_6_1_fu_65  |prefix_sum_Pipeline_VITIS_LOOP_6_1  |      255|      255|  2.550 us|  2.550 us|    0|    0|  loop pipeline stp|
        +----------------------------------------------+------------------------------------+---------+---------+----------+----------+-----+-----+-------------------+

        * Loop: 
        N/A



================================================================
== Utilization Estimates
================================================================
* Summary: 
+---------------------+---------+------+---------+---------+-----+
|         Name        | BRAM_18K|  DSP |    FF   |   LUT   | URAM|
+---------------------+---------+------+---------+---------+-----+
|DSP                  |        -|     -|        -|        -|    -|
|Expression           |        -|     -|        0|        2|    -|
|FIFO                 |        -|     -|        -|        -|    -|
|Instance             |        -|     -|       24|      221|    -|
|Memory               |        -|     -|        -|        -|    -|
|Multiplexer          |        -|     -|        0|       80|    -|
|Register             |        -|     -|        5|        -|    -|
+---------------------+---------+------+---------+---------+-----+
|Total                |        0|     0|       29|      303|    0|
+---------------------+---------+------+---------+---------+-----+
|Available SLR        |     1440|  2280|   788160|   394080|  320|
+---------------------+---------+------+---------+---------+-----+
|Utilization SLR (%)  |        0|     0|       ~0|       ~0|    0|
+---------------------+---------+------+---------+---------+-----+
|Available            |     4320|  6840|  2364480|  1182240|  960|
+---------------------+---------+------+---------+---------+-----+
|Utilization (%)      |        0|     0|       ~0|       ~0|    0|
+---------------------+---------+------+---------+---------+-----+

+ Detail: 
    * Instance: 
    +----------------------------------------------+------------------------------------+---------+----+----+-----+-----+
    |                   Instance                   |               Module               | BRAM_18K| DSP| FF | LUT | URAM|
    +----------------------------------------------+------------------------------------+---------+----+----+-----+-----+
    |grp_prefix_sum_Pipeline_VITIS_LOOP_6_1_fu_65  |prefix_sum_Pipeline_VITIS_LOOP_6_1  |        0|   0|  24|  221|    0|
    +----------------------------------------------+------------------------------------+---------+----+----+-----+-----+
    |Total                                         |                                    |        0|   0|  24|  221|    0|
    +----------------------------------------------+------------------------------------+---------+----+----+-----+-----+

    * DSP: 
    N/A

    * Memory: 
    N/A

    * FIFO: 
    N/A

    * Expression: 
    +--------------+----------+----+---+----+------------+------------+
    | Variable Name| Operation| DSP| FF| LUT| Bitwidth P0| Bitwidth P1|
    +--------------+----------+----+---+----+------------+------------+
    |out_0_we0     |        or|   0|  0|   2|           1|           1|
    +--------------+----------+----+---+----+------------+------------+
    |Total         |          |   0|  0|   2|           1|           1|
    +--------------+----------+----+---+----+------------+------------+

    * Multiplexer: 
    +----------------+----+-----------+-----+-----------+
    |      Name      | LUT| Input Size| Bits| Total Bits|
    +----------------+----+-----------+-----+-----------+
    |ap_NS_fsm       |  26|          5|    1|          5|
    |in_0_address0   |   9|          2|    5|         10|
    |in_0_ce0        |   9|          2|    1|          2|
    |out_0_address0  |   9|          2|    5|         10|
    |out_0_ce0       |   9|          2|    1|          2|
    |out_0_d0        |   9|          2|   32|         64|
    |out_0_we0       |   9|          2|    1|          2|
    +----------------+----+-----------+-----+-----------+
    |Total           |  80|         17|   46|         95|
    +----------------+----+-----------+-----+-----------+

    * Register: 
    +-----------------------------------------------------------+---+----+-----+-----------+
    |                            Name                           | FF| LUT| Bits| Const Bits|
    +-----------------------------------------------------------+---+----+-----+-----------+
    |ap_CS_fsm                                                  |  4|   0|    4|          0|
    |grp_prefix_sum_Pipeline_VITIS_LOOP_6_1_fu_65_ap_start_reg  |  1|   0|    1|          0|
    +-----------------------------------------------------------+---+----+-----+-----------+
    |Total                                                      |  5|   0|    5|          0|
    +-----------------------------------------------------------+---+----+-----+-----------+



================================================================
== Interface
================================================================
* Summary: 
+----------------+-----+-----+------------+--------------+--------------+
|    RTL Ports   | Dir | Bits|  Protocol  | Source Object|    C Type    |
+----------------+-----+-----+------------+--------------+--------------+
|ap_clk          |   in|    1|  ap_ctrl_hs|    prefix_sum|  return value|
|ap_rst          |   in|    1|  ap_ctrl_hs|    prefix_sum|  return value|
|ap_start        |   in|    1|  ap_ctrl_hs|    prefix_sum|  return value|
|ap_done         |  out|    1|  ap_ctrl_hs|    prefix_sum|  return value|
|ap_idle         |  out|    1|  ap_ctrl_hs|    prefix_sum|  return value|
|ap_ready        |  out|    1|  ap_ctrl_hs|    prefix_sum|  return value|
|in_0_address0   |  out|    5|   ap_memory|          in_0|         array|
|in_0_ce0        |  out|    1|   ap_memory|          in_0|         array|
|in_0_q0         |   in|   32|   ap_memory|          in_0|         array|
|in_1_address0   |  out|    5|   ap_memory|          in_1|         array|
|in_1_ce0        |  out|    1|   ap_memory|          in_1|         array|
|in_1_q0         |   in|   32|   ap_memory|          in_1|         array|
|in_2_address0   |  out|    5|   ap_memory|          in_2|         array|
|in_2_ce0        |  out|    1|   ap_memory|          in_2|         array|
|in_2_q0         |   in|   32|   ap_memory|          in_2|         array|
|in_3_address0   |  out|    5|   ap_memory|          in_3|         array|
|in_3_ce0        |  out|    1|   ap_memory|          in_3|         array|
|in_3_q0         |   in|   32|   ap_memory|          in_3|         array|
|out_0_address0  |  out|    5|   ap_memory|         out_0|         array|
|out_0_ce0       |  out|    1|   ap_memory|         out_0|         array|
|out_0_we0       |  out|    1|   ap_memory|         out_0|         array|
|out_0_d0        |  out|   32|   ap_memory|         out_0|         array|
|out_0_q0        |   in|   32|   ap_memory|         out_0|         array|
|out_1_address0  |  out|    5|   ap_memory|         out_1|         array|
|out_1_ce0       |  out|    1|   ap_memory|         out_1|         array|
|out_1_we0       |  out|    1|   ap_memory|         out_1|         array|
|out_1_d0        |  out|   32|   ap_memory|         out_1|         array|
|out_1_q0        |   in|   32|   ap_memory|         out_1|         array|
|out_2_address0  |  out|    5|   ap_memory|         out_2|         array|
|out_2_ce0       |  out|    1|   ap_memory|         out_2|         array|
|out_2_we0       |  out|    1|   ap_memory|         out_2|         array|
|out_2_d0        |  out|   32|   ap_memory|         out_2|         array|
|out_2_q0        |   in|   32|   ap_memory|         out_2|         array|
|out_3_address0  |  out|    5|   ap_memory|         out_3|         array|
|out_3_ce0       |  out|    1|   ap_memory|         out_3|         array|
|out_3_we0       |  out|    1|   ap_memory|         out_3|         array|
|out_3_d0        |  out|   32|   ap_memory|         out_3|         array|
|out_3_q0        |   in|   32|   ap_memory|         out_3|         array|
+----------------+-----+-----+------------+--------------+--------------+

