

================================================================
== Vitis HLS Report for 'histogram_Pipeline_VITIS_LOOP_5_1'
================================================================
* Date:           Sat Apr  4 14:27:36 2026

* Version:        2025.2 (Build 6295257 on Nov 14 2025)
* Project:        proj_histogram_worst
* Solution:       sol1 (Vivado IP Flow Target)
* Product family: virtexuplus
* Target device:  xcvu9p-flga2104-2-i


================================================================
== Performance Estimates
================================================================
+ Timing: 
    * Summary: 
    +--------+----------+----------+------------+
    |  Clock |  Target  | Estimated| Uncertainty|
    +--------+----------+----------+------------+
    |ap_clk  |  10.00 ns|  1.489 ns|     2.70 ns|
    +--------+----------+----------+------------+

+ Latency: 
    * Summary: 
    +---------+---------+----------+----------+-----+-----+-------------------+
    |  Latency (cycles) |  Latency (absolute) |  Interval |      Pipeline     |
    |   min   |   max   |    min   |    max   | min | max |        Type       |
    +---------+---------+----------+----------+-----+-----+-------------------+
    |      258|      258|  2.580 us|  2.580 us|    0|    0|  loop pipeline stp|
    +---------+---------+----------+----------+-----+-----+-------------------+

    + Detail: 
        * Instance: 
        N/A

        * Loop: 
        +------------------+---------+---------+----------+-----------+-----------+------+----------+
        |                  |  Latency (cycles) | Iteration|  Initiation Interval  | Trip |          |
        |     Loop Name    |   min   |   max   |  Latency |  achieved |   target  | Count| Pipelined|
        +------------------+---------+---------+----------+-----------+-----------+------+----------+
        |- VITIS_LOOP_5_1  |      256|      256|         1|          1|          1|   256|       yes|
        +------------------+---------+---------+----------+-----------+-----------+------+----------+



================================================================
== Utilization Estimates
================================================================
* Summary: 
+---------------------+---------+------+---------+---------+-----+
|         Name        | BRAM_18K|  DSP |    FF   |   LUT   | URAM|
+---------------------+---------+------+---------+---------+-----+
|DSP                  |        -|     -|        -|        -|    -|
|Expression           |        -|     -|        0|       33|    -|
|FIFO                 |        -|     -|        -|        -|    -|
|Instance             |        -|     -|        -|        -|    -|
|Memory               |        -|     -|        -|        -|    -|
|Multiplexer          |        -|     -|        0|       27|    -|
|Register             |        -|     -|       11|        -|    -|
+---------------------+---------+------+---------+---------+-----+
|Total                |        0|     0|       11|       60|    0|
+---------------------+---------+------+---------+---------+-----+
|Available SLR        |     1440|  2280|   788160|   394080|  320|
+---------------------+---------+------+---------+---------+-----+
|Utilization SLR (%)  |        0|     0|       ~0|       ~0|    0|
+---------------------+---------+------+---------+---------+-----+
|Available            |     4320|  6840|  2364480|  1182240|  960|
+---------------------+---------+------+---------+---------+-----+
|Utilization (%)      |        0|     0|       ~0|       ~0|    0|
+---------------------+---------+------+---------+---------+-----+

+ Detail: 
    * Instance: 
    N/A

    * DSP: 
    N/A

    * Memory: 
    N/A

    * FIFO: 
    N/A

    * Expression: 
    +-------------------+----------+----+---+----+------------+------------+
    |   Variable Name   | Operation| DSP| FF| LUT| Bitwidth P0| Bitwidth P1|
    +-------------------+----------+----+---+----+------------+------------+
    |add_ln5_fu_64_p2   |         +|   0|  0|  16|           9|           1|
    |icmp_ln5_fu_58_p2  |      icmp|   0|  0|  17|           9|          10|
    +-------------------+----------+----+---+----+------------+------------+
    |Total              |          |   0|  0|  33|          18|          11|
    +-------------------+----------+----+---+----+------------+------------+

    * Multiplexer: 
    +----------------------+----+-----------+-----+-----------+
    |         Name         | LUT| Input Size| Bits| Total Bits|
    +----------------------+----+-----------+-----+-----------+
    |ap_done_int           |   9|          2|    1|          2|
    |ap_sig_allocacmp_i_1  |   9|          2|    9|         18|
    |i_fu_32               |   9|          2|    9|         18|
    +----------------------+----+-----------+-----+-----------+
    |Total                 |  27|          6|   19|         38|
    +----------------------+----+-----------+-----+-----------+

    * Register: 
    +-------------+---+----+-----+-----------+
    |     Name    | FF| LUT| Bits| Const Bits|
    +-------------+---+----+-----+-----------+
    |ap_CS_fsm    |  1|   0|    1|          0|
    |ap_done_reg  |  1|   0|    1|          0|
    |i_fu_32      |  9|   0|    9|          0|
    +-------------+---+----+-----+-----------+
    |Total        | 11|   0|   11|          0|
    +-------------+---+----+-----+-----------+



================================================================
== Interface
================================================================
* Summary: 
+---------------+-----+-----+------------+-----------------------------------+--------------+
|   RTL Ports   | Dir | Bits|  Protocol  |           Source Object           |    C Type    |
+---------------+-----+-----+------------+-----------------------------------+--------------+
|ap_clk         |   in|    1|  ap_ctrl_hs|  histogram_Pipeline_VITIS_LOOP_5_1|  return value|
|ap_rst         |   in|    1|  ap_ctrl_hs|  histogram_Pipeline_VITIS_LOOP_5_1|  return value|
|ap_start       |   in|    1|  ap_ctrl_hs|  histogram_Pipeline_VITIS_LOOP_5_1|  return value|
|ap_done        |  out|    1|  ap_ctrl_hs|  histogram_Pipeline_VITIS_LOOP_5_1|  return value|
|ap_idle        |  out|    1|  ap_ctrl_hs|  histogram_Pipeline_VITIS_LOOP_5_1|  return value|
|ap_ready       |  out|    1|  ap_ctrl_hs|  histogram_Pipeline_VITIS_LOOP_5_1|  return value|
|hist_address0  |  out|    8|   ap_memory|                               hist|         array|
|hist_ce0       |  out|    1|   ap_memory|                               hist|         array|
|hist_we0       |  out|    1|   ap_memory|                               hist|         array|
|hist_d0        |  out|   32|   ap_memory|                               hist|         array|
+---------------+-----+-----+------------+-----------------------------------+--------------+

