

================================================================
== Vitis HLS Report for 'aes_encrypt'
================================================================
* Date:           Sat Apr  4 14:26:44 2026

* Version:        2025.2 (Build 6295257 on Nov 14 2025)
* Project:        proj_aes_worst
* Solution:       sol1 (Vivado IP Flow Target)
* Product family: virtexuplus
* Target device:  xcvu9p-flga2104-2-i


================================================================
== Performance Estimates
================================================================
+ Timing: 
    * Summary: 
    +--------+----------+----------+------------+
    |  Clock |  Target  | Estimated| Uncertainty|
    +--------+----------+----------+------------+
    |ap_clk  |  10.00 ns|  2.196 ns|     2.70 ns|
    +--------+----------+----------+------------+

+ Latency: 
    * Summary: 
    +---------+---------+----------+----------+-----+-----+---------+
    |  Latency (cycles) |  Latency (absolute) |  Interval | Pipeline|
    |   min   |   max   |    min   |    max   | min | max |   Type  |
    +---------+---------+----------+----------+-----+-----+---------+
    |      411|      411|  4.110 us|  4.110 us|  412|  412|       no|
    +---------+---------+----------+----------+-----+-----+---------+

    + Detail: 
        * Instance: 
        +----------------------------------------------------------------+------------------------------------------------------+---------+---------+----------+----------+-----+-----+-------------------+
        |                                                                |                                                      |  Latency (cycles) |  Latency (absolute) |  Interval |      Pipeline     |
        |                            Instance                            |                        Module                        |   min   |   max   |    min   |    max   | min | max |        Type       |
        +----------------------------------------------------------------+------------------------------------------------------+---------+---------+----------+----------+-----+-----+-------------------+
        |grp_aes_encrypt_Pipeline_VITIS_LOOP_9_2_VITIS_LOOP_10_3_fu_48   |aes_encrypt_Pipeline_VITIS_LOOP_9_2_VITIS_LOOP_10_3   |       19|       19|  0.190 us|  0.190 us|    0|    0|  loop pipeline stp|
        |grp_aes_encrypt_Pipeline_VITIS_LOOP_14_4_VITIS_LOOP_15_5_fu_56  |aes_encrypt_Pipeline_VITIS_LOOP_14_4_VITIS_LOOP_15_5  |       18|       18|  0.180 us|  0.180 us|    0|    0|  loop pipeline stp|
        +----------------------------------------------------------------+------------------------------------------------------+---------+---------+----------+----------+-----+-----+-------------------+

        * Loop: 
        +------------------+---------+---------+----------+-----------+-----------+------+----------+
        |                  |  Latency (cycles) | Iteration|  Initiation Interval  | Trip |          |
        |     Loop Name    |   min   |   max   |  Latency |  achieved |   target  | Count| Pipelined|
        +------------------+---------+---------+----------+-----------+-----------+------+----------+
        |- VITIS_LOOP_6_1  |      410|      410|        41|          -|          -|    10|        no|
        +------------------+---------+---------+----------+-----------+-----------+------+----------+



================================================================
== Utilization Estimates
================================================================
* Summary: 
+---------------------+---------+------+---------+---------+-----+
|         Name        | BRAM_18K|  DSP |    FF   |   LUT   | URAM|
+---------------------+---------+------+---------+---------+-----+
|DSP                  |        -|     -|        -|        -|    -|
|Expression           |        -|     -|        0|       24|    -|
|FIFO                 |        -|     -|        -|        -|    -|
|Instance             |        -|     -|       42|      306|    -|
|Memory               |        -|     -|        -|        -|    -|
|Multiplexer          |        -|     -|        0|      124|    -|
|Register             |        -|     -|       11|        -|    -|
+---------------------+---------+------+---------+---------+-----+
|Total                |        0|     0|       53|      454|    0|
+---------------------+---------+------+---------+---------+-----+
|Available SLR        |     1440|  2280|   788160|   394080|  320|
+---------------------+---------+------+---------+---------+-----+
|Utilization SLR (%)  |        0|     0|       ~0|       ~0|    0|
+---------------------+---------+------+---------+---------+-----+
|Available            |     4320|  6840|  2364480|  1182240|  960|
+---------------------+---------+------+---------+---------+-----+
|Utilization (%)      |        0|     0|       ~0|       ~0|    0|
+---------------------+---------+------+---------+---------+-----+

+ Detail: 
    * Instance: 
    +----------------------------------------------------------------+------------------------------------------------------+---------+----+----+-----+-----+
    |                            Instance                            |                        Module                        | BRAM_18K| DSP| FF | LUT | URAM|
    +----------------------------------------------------------------+------------------------------------------------------+---------+----+----+-----+-----+
    |grp_aes_encrypt_Pipeline_VITIS_LOOP_14_4_VITIS_LOOP_15_5_fu_56  |aes_encrypt_Pipeline_VITIS_LOOP_14_4_VITIS_LOOP_15_5  |        0|   0|  18|  157|    0|
    |grp_aes_encrypt_Pipeline_VITIS_LOOP_9_2_VITIS_LOOP_10_3_fu_48   |aes_encrypt_Pipeline_VITIS_LOOP_9_2_VITIS_LOOP_10_3   |        0|   0|  24|  149|    0|
    +----------------------------------------------------------------+------------------------------------------------------+---------+----+----+-----+-----+
    |Total                                                           |                                                      |        0|   0|  42|  306|    0|
    +----------------------------------------------------------------+------------------------------------------------------+---------+----+----+-----+-----+

    * DSP: 
    N/A

    * Memory: 
    N/A

    * FIFO: 
    N/A

    * Expression: 
    +-------------------+----------+----+---+----+------------+------------+
    |   Variable Name   | Operation| DSP| FF| LUT| Bitwidth P0| Bitwidth P1|
    +-------------------+----------+----+---+----+------------+------------+
    |round_2_fu_78_p2   |         +|   0|  0|  12|           4|           1|
    |icmp_ln6_fu_72_p2  |      icmp|   0|  0|  12|           4|           4|
    +-------------------+----------+----+---+----+------------+------------+
    |Total              |          |   0|  0|  24|           8|           5|
    +-------------------+----------+----+---+----+------------+------------+

    * Multiplexer: 
    +----------------+----+-----------+-----+-----------+
    |      Name      | LUT| Input Size| Bits| Total Bits|
    +----------------+----+-----------+-----+-----------+
    |ap_NS_fsm       |  31|          6|    1|          6|
    |round_fu_44     |   9|          2|    4|          8|
    |state_address0  |  14|          3|    4|         12|
    |state_address1  |  14|          3|    4|         12|
    |state_ce0       |  14|          3|    1|          3|
    |state_ce1       |  14|          3|    1|          3|
    |state_d0        |  14|          3|    8|         24|
    |state_we0       |  14|          3|    1|          3|
    +----------------+----+-----------+-----+-----------+
    |Total           | 124|         26|   24|         71|
    +----------------+----+-----------+-----+-----------+

    * Register: 
    +-----------------------------------------------------------------------------+---+----+-----+-----------+
    |                                     Name                                    | FF| LUT| Bits| Const Bits|
    +-----------------------------------------------------------------------------+---+----+-----+-----------+
    |ap_CS_fsm                                                                    |  5|   0|    5|          0|
    |grp_aes_encrypt_Pipeline_VITIS_LOOP_14_4_VITIS_LOOP_15_5_fu_56_ap_start_reg  |  1|   0|    1|          0|
    |grp_aes_encrypt_Pipeline_VITIS_LOOP_9_2_VITIS_LOOP_10_3_fu_48_ap_start_reg   |  1|   0|    1|          0|
    |round_fu_44                                                                  |  4|   0|    4|          0|
    +-----------------------------------------------------------------------------+---+----+-----+-----------+
    |Total                                                                        | 11|   0|   11|          0|
    +-----------------------------------------------------------------------------+---+----+-----+-----------+



================================================================
== Interface
================================================================
* Summary: 
+----------------+-----+-----+------------+--------------+--------------+
|    RTL Ports   | Dir | Bits|  Protocol  | Source Object|    C Type    |
+----------------+-----+-----+------------+--------------+--------------+
|ap_clk          |   in|    1|  ap_ctrl_hs|   aes_encrypt|  return value|
|ap_rst          |   in|    1|  ap_ctrl_hs|   aes_encrypt|  return value|
|ap_start        |   in|    1|  ap_ctrl_hs|   aes_encrypt|  return value|
|ap_done         |  out|    1|  ap_ctrl_hs|   aes_encrypt|  return value|
|ap_idle         |  out|    1|  ap_ctrl_hs|   aes_encrypt|  return value|
|ap_ready        |  out|    1|  ap_ctrl_hs|   aes_encrypt|  return value|
|state_address0  |  out|    4|   ap_memory|         state|         array|
|state_ce0       |  out|    1|   ap_memory|         state|         array|
|state_we0       |  out|    1|   ap_memory|         state|         array|
|state_d0        |  out|    8|   ap_memory|         state|         array|
|state_address1  |  out|    4|   ap_memory|         state|         array|
|state_ce1       |  out|    1|   ap_memory|         state|         array|
|state_q1        |   in|    8|   ap_memory|         state|         array|
|key_address0    |  out|    4|   ap_memory|           key|         array|
|key_ce0         |  out|    1|   ap_memory|           key|         array|
|key_q0          |   in|    8|   ap_memory|           key|         array|
|sbox_address0   |  out|    8|   ap_memory|          sbox|         array|
|sbox_ce0        |  out|    1|   ap_memory|          sbox|         array|
|sbox_q0         |   in|    8|   ap_memory|          sbox|         array|
+----------------+-----+-----+------------+--------------+--------------+

