

================================================================
== Vitis HLS Report for 'fft_radix2'
================================================================
* Date:           Sat Apr  4 19:38:07 2026

* Version:        2025.2 (Build 6295257 on Nov 14 2025)
* Project:        proj_fft
* Solution:       sol1 (Vivado IP Flow Target)
* Product family: virtexuplus
* Target device:  xcvu9p-flga2104-2-i


================================================================
== Performance Estimates
================================================================
+ Timing: 
    * Summary: 
    +--------+----------+----------+------------+
    |  Clock |  Target  | Estimated| Uncertainty|
    +--------+----------+----------+------------+
    |ap_clk  |  10.00 ns|  4.930 ns|     2.70 ns|
    +--------+----------+----------+------------+

+ Latency: 
    * Summary: 
    +---------+---------+----------+----------+-----+-----+---------+
    |  Latency (cycles) |  Latency (absolute) |  Interval | Pipeline|
    |   min   |   max   |    min   |    max   | min | max |   Type  |
    +---------+---------+----------+----------+-----+-----+---------+
    |        ?|        ?|         ?|         ?|    ?|    ?|       no|
    +---------+---------+----------+----------+-----+-----+---------+

    + Detail: 
        * Instance: 
        +----------------------------------------------+------------------------------------+---------+---------+----------+----------+-----+-----+-------------------+
        |                                              |                                    |  Latency (cycles) |  Latency (absolute) |  Interval |      Pipeline     |
        |                   Instance                   |               Module               |   min   |   max   |    min   |    max   | min | max |        Type       |
        +----------------------------------------------+------------------------------------+---------+---------+----------+----------+-----+-----+-------------------+
        |grp_fft_radix2_Pipeline_VITIS_LOOP_8_3_fu_71  |fft_radix2_Pipeline_VITIS_LOOP_8_3  |        ?|        ?|         ?|         ?|    0|    0|  loop pipeline stp|
        +----------------------------------------------+------------------------------------+---------+---------+----------+----------+-----+-----+-------------------+

        * Loop: 
        +-------------------+---------+---------+----------+-----------+-----------+------+----------+
        |                   |  Latency (cycles) | Iteration|  Initiation Interval  | Trip |          |
        |     Loop Name     |   min   |   max   |  Latency |  achieved |   target  | Count| Pipelined|
        +-------------------+---------+---------+----------+-----------+-----------+------+----------+
        |- VITIS_LOOP_5_1   |        ?|        ?|         ?|          -|          -|     6|        no|
        | + VITIS_LOOP_7_2  |        ?|        ?|         ?|          -|          -|     ?|        no|
        +-------------------+---------+---------+----------+-----------+-----------+------+----------+



================================================================
== Utilization Estimates
================================================================
* Summary: 
+---------------------+---------+------+---------+---------+-----+
|         Name        | BRAM_18K|  DSP |    FF   |   LUT   | URAM|
+---------------------+---------+------+---------+---------+-----+
|DSP                  |        -|     -|        -|        -|    -|
|Expression           |        -|     -|        0|      169|    -|
|FIFO                 |        -|     -|        -|        -|    -|
|Instance             |        -|    12|       99|      541|    -|
|Memory               |        -|     -|        -|        -|    -|
|Multiplexer          |        -|     -|        0|       44|    -|
|Register             |        -|     -|      305|        -|    -|
+---------------------+---------+------+---------+---------+-----+
|Total                |        0|    12|      404|      754|    0|
+---------------------+---------+------+---------+---------+-----+
|Available SLR        |     1440|  2280|   788160|   394080|  320|
+---------------------+---------+------+---------+---------+-----+
|Utilization SLR (%)  |        0|    ~0|       ~0|       ~0|    0|
+---------------------+---------+------+---------+---------+-----+
|Available            |     4320|  6840|  2364480|  1182240|  960|
+---------------------+---------+------+---------+---------+-----+
|Utilization (%)      |        0|    ~0|       ~0|       ~0|    0|
+---------------------+---------+------+---------+---------+-----+

+ Detail: 
    * Instance: 
    +----------------------------------------------+------------------------------------+---------+----+----+-----+-----+
    |                   Instance                   |               Module               | BRAM_18K| DSP| FF | LUT | URAM|
    +----------------------------------------------+------------------------------------+---------+----+----+-----+-----+
    |grp_fft_radix2_Pipeline_VITIS_LOOP_8_3_fu_71  |fft_radix2_Pipeline_VITIS_LOOP_8_3  |        0|  12|  99|  541|    0|
    +----------------------------------------------+------------------------------------+---------+----+----+-----+-----+
    |Total                                         |                                    |        0|  12|  99|  541|    0|
    +----------------------------------------------+------------------------------------+---------+----+----+-----+-----+

    * DSP: 
    N/A

    * Memory: 
    N/A

    * FIFO: 
    N/A

    * Expression: 
    +--------------------+----------+----+---+----+------------+------------+
    |    Variable Name   | Operation| DSP| FF| LUT| Bitwidth P0| Bitwidth P1|
    +--------------------+----------+----+---+----+------------+------------+
    |add_ln7_fu_145_p2   |         +|   0|  0|  71|          64|          64|
    |icmp_ln5_fu_104_p2  |      icmp|   0|  0|  33|          26|           1|
    |icmp_ln7_fu_134_p2  |      icmp|   0|  0|  65|          58|           1|
    +--------------------+----------+----+---+----+------------+------------+
    |Total               |          |   0|  0| 169|         148|          66|
    +--------------------+----------+----+---+----+------------+------------+

    * Multiplexer: 
    +-------------+----+-----------+-----+-----------+
    |     Name    | LUT| Input Size| Bits| Total Bits|
    +-------------+----+-----------+-----+-----------+
    |ap_NS_fsm    |  26|          5|    1|          5|
    |bfly_reg_60  |   9|          2|   64|        128|
    |half_fu_56   |   9|          2|   32|         64|
    +-------------+----+-----------+-----+-----------+
    |Total        |  44|          9|   97|        197|
    +-------------+----+-----------+-----+-----------+

    * Register: 
    +-----------------------------------------------------------+----+----+-----+-----------+
    |                            Name                           | FF | LUT| Bits| Const Bits|
    +-----------------------------------------------------------+----+----+-----+-----------+
    |add_ln7_reg_192                                            |  64|   0|   64|          0|
    |ap_CS_fsm                                                  |   4|   0|    4|          0|
    |bfly_reg_60                                                |  64|   0|   64|          0|
    |grp_fft_radix2_Pipeline_VITIS_LOOP_8_3_fu_71_ap_start_reg  |   1|   0|    1|          0|
    |half_fu_56                                                 |  32|   0|   32|          0|
    |sext_ln7_reg_179                                           |  64|   0|   64|          0|
    |stage_1_reg_161                                            |  32|   0|   32|          0|
    |stage_reg_169                                              |  32|   0|   32|          0|
    |trunc_ln4_reg_187                                          |   6|   0|    6|          0|
    |trunc_ln7_reg_174                                          |   6|   0|    6|          0|
    +-----------------------------------------------------------+----+----+-----+-----------+
    |Total                                                      | 305|   0|  305|          0|
    +-----------------------------------------------------------+----+----+-----+-----------+



================================================================
== Interface
================================================================
* Summary: 
+------------------+-----+-----+------------+--------------+--------------+
|     RTL Ports    | Dir | Bits|  Protocol  | Source Object|    C Type    |
+------------------+-----+-----+------------+--------------+--------------+
|ap_clk            |   in|    1|  ap_ctrl_hs|    fft_radix2|  return value|
|ap_rst            |   in|    1|  ap_ctrl_hs|    fft_radix2|  return value|
|ap_start          |   in|    1|  ap_ctrl_hs|    fft_radix2|  return value|
|ap_done           |  out|    1|  ap_ctrl_hs|    fft_radix2|  return value|
|ap_idle           |  out|    1|  ap_ctrl_hs|    fft_radix2|  return value|
|ap_ready          |  out|    1|  ap_ctrl_hs|    fft_radix2|  return value|
|real_r_address0   |  out|    6|   ap_memory|        real_r|         array|
|real_r_ce0        |  out|    1|   ap_memory|        real_r|         array|
|real_r_we0        |  out|    1|   ap_memory|        real_r|         array|
|real_r_d0         |  out|   32|   ap_memory|        real_r|         array|
|real_r_q0         |   in|   32|   ap_memory|        real_r|         array|
|real_r_address1   |  out|    6|   ap_memory|        real_r|         array|
|real_r_ce1        |  out|    1|   ap_memory|        real_r|         array|
|real_r_q1         |   in|   32|   ap_memory|        real_r|         array|
|imag_address0     |  out|    6|   ap_memory|          imag|         array|
|imag_ce0          |  out|    1|   ap_memory|          imag|         array|
|imag_we0          |  out|    1|   ap_memory|          imag|         array|
|imag_d0           |  out|   32|   ap_memory|          imag|         array|
|imag_q0           |   in|   32|   ap_memory|          imag|         array|
|imag_address1     |  out|    6|   ap_memory|          imag|         array|
|imag_ce1          |  out|    1|   ap_memory|          imag|         array|
|imag_q1           |   in|   32|   ap_memory|          imag|         array|
|tw_real_address0  |  out|    5|   ap_memory|       tw_real|         array|
|tw_real_ce0       |  out|    1|   ap_memory|       tw_real|         array|
|tw_real_q0        |   in|   32|   ap_memory|       tw_real|         array|
|tw_imag_address0  |  out|    5|   ap_memory|       tw_imag|         array|
|tw_imag_ce0       |  out|    1|   ap_memory|       tw_imag|         array|
|tw_imag_q0        |   in|   32|   ap_memory|       tw_imag|         array|
+------------------+-----+-----+------------+--------------+--------------+

