

================================================================
== Vitis HLS Report for 'conv2d'
================================================================
* Date:           Sat Apr  4 19:38:38 2026

* Version:        2025.2 (Build 6295257 on Nov 14 2025)
* Project:        proj_conv2d
* Solution:       sol1 (Vivado IP Flow Target)
* Product family: virtexuplus
* Target device:  xcvu9p-flga2104-2-i


================================================================
== Performance Estimates
================================================================
+ Timing: 
    * Summary: 
    +--------+----------+----------+------------+
    |  Clock |  Target  | Estimated| Uncertainty|
    +--------+----------+----------+------------+
    |ap_clk  |  10.00 ns|  4.050 ns|     2.70 ns|
    +--------+----------+----------+------------+

+ Latency: 
    * Summary: 
    +---------+---------+-----------+-----------+------+------+---------+
    |  Latency (cycles) |   Latency (absolute)  |   Interval  | Pipeline|
    |   min   |   max   |    min    |    max    |  min |  max |   Type  |
    +---------+---------+-----------+-----------+------+------+---------+
    |     8191|     8191|  81.910 us|  81.910 us|  8192|  8192|       no|
    +---------+---------+-----------+-----------+------+------+---------+

    + Detail: 
        * Instance: 
        N/A

        * Loop: 
        +---------------------------------------------------+---------+---------+----------+-----------+-----------+------+----------+
        |                                                   |  Latency (cycles) | Iteration|  Initiation Interval  | Trip |          |
        |                     Loop Name                     |   min   |   max   |  Latency |  achieved |   target  | Count| Pipelined|
        +---------------------------------------------------+---------+---------+----------+-----------+-----------+------+----------+
        |- VITIS_LOOP_8_1                                   |     8190|     8190|       273|          -|          -|    30|        no|
        | + VITIS_LOOP_9_2_VITIS_LOOP_12_3_VITIS_LOOP_13_4  |      270|      270|         2|          1|          1|   270|       yes|
        +---------------------------------------------------+---------+---------+----------+-----------+-----------+------+----------+



================================================================
== Utilization Estimates
================================================================
* Summary: 
+---------------------+---------+------+---------+---------+-----+
|         Name        | BRAM_18K|  DSP |    FF   |   LUT   | URAM|
+---------------------+---------+------+---------+---------+-----+
|DSP                  |        -|     -|        -|        -|    -|
|Expression           |        -|     -|        0|      308|    -|
|FIFO                 |        -|     -|        -|        -|    -|
|Instance             |        -|     3|        0|       20|    -|
|Memory               |        -|     -|        -|        -|    -|
|Multiplexer          |        -|     -|        0|      130|    -|
|Register             |        -|     -|       88|        -|    -|
+---------------------+---------+------+---------+---------+-----+
|Total                |        0|     3|       88|      458|    0|
+---------------------+---------+------+---------+---------+-----+
|Available SLR        |     1440|  2280|   788160|   394080|  320|
+---------------------+---------+------+---------+---------+-----+
|Utilization SLR (%)  |        0|    ~0|       ~0|       ~0|    0|
+---------------------+---------+------+---------+---------+-----+
|Available            |     4320|  6840|  2364480|  1182240|  960|
+---------------------+---------+------+---------+---------+-----+
|Utilization (%)      |        0|    ~0|       ~0|       ~0|    0|
+---------------------+---------+------+---------+---------+-----+

+ Detail: 
    * Instance: 
    +-----------------------+--------------------+---------+----+---+----+-----+
    |        Instance       |       Module       | BRAM_18K| DSP| FF| LUT| URAM|
    +-----------------------+--------------------+---------+----+---+----+-----+
    |mul_32s_32s_32_1_1_U1  |mul_32s_32s_32_1_1  |        0|   3|  0|  20|    0|
    +-----------------------+--------------------+---------+----+---+----+-----+
    |Total                  |                    |        0|   3|  0|  20|    0|
    +-----------------------+--------------------+---------+----+---+----+-----+

    * DSP: 
    N/A

    * Memory: 
    N/A

    * FIFO: 
    N/A

    * Expression: 
    +--------------------------------+----------+----+---+----+------------+------------+
    |          Variable Name         | Operation| DSP| FF| LUT| Bitwidth P0| Bitwidth P1|
    +--------------------------------+----------+----+---+----+------------+------------+
    |add_ln12_1_fu_381_p2            |         +|   0|  0|  12|           4|           1|
    |add_ln12_fu_270_p2              |         +|   0|  0|   9|           2|           1|
    |add_ln13_fu_363_p2              |         +|   0|  0|   9|           2|           1|
    |add_ln15_1_fu_344_p2            |         +|   0|  0|  12|           5|           5|
    |add_ln15_2_fu_329_p2            |         +|   0|  0|   7|           4|           4|
    |add_ln15_fu_320_p2              |         +|   0|  0|  12|           5|           5|
    |add_ln16_fu_429_p2              |         +|   0|  0|  18|          10|          10|
    |add_ln8_fu_206_p2               |         +|   0|  0|  12|           5|           1|
    |add_ln9_1_fu_218_p2             |         +|   0|  0|  16|           9|           1|
    |add_ln9_fu_224_p2               |         +|   0|  0|  12|           5|           1|
    |sum_fu_440_p2                   |         +|   0|  0|  39|          32|          32|
    |sub_ln15_fu_310_p2              |         -|   0|  0|   7|           4|           4|
    |sub_ln16_fu_420_p2              |         -|   0|  0|  18|          10|          10|
    |icmp_ln13_mid213_fu_256_p2      |       and|   0|  0|   2|           1|           1|
    |icmp_ln12_1_fu_375_p2           |      icmp|   0|  0|  10|           2|           3|
    |icmp_ln12_fu_230_p2             |      icmp|   0|  0|  12|           4|           4|
    |icmp_ln13_1_fu_369_p2           |      icmp|   0|  0|   9|           2|           2|
    |icmp_ln13_fu_250_p2             |      icmp|   0|  0|   9|           2|           2|
    |icmp_ln8_fu_200_p2              |      icmp|   0|  0|  12|           5|           3|
    |icmp_ln9_fu_212_p2              |      icmp|   0|  0|  16|           9|           9|
    |empty_fu_276_p2                 |        or|   0|  0|   2|           1|           1|
    |ki_mid26_fu_236_p3              |    select|   0|  0|   2|           1|           1|
    |kj_mid2_fu_282_p3               |    select|   0|  0|   2|           1|           1|
    |select_ln12_1_fu_387_p3         |    select|   0|  0|   4|           1|           1|
    |select_ln12_fu_290_p3           |    select|   0|  0|   2|           1|           2|
    |select_ln9_fu_262_p3            |    select|   0|  0|   5|           1|           5|
    |sum_2_mid29_fu_395_p3           |    select|   0|  0|  32|           1|           1|
    |ap_enable_pp0                   |       xor|   0|  0|   2|           1|           2|
    |ap_enable_reg_pp0_iter1         |       xor|   0|  0|   2|           2|           1|
    |not_exitcond_flatten_fu_244_p2  |       xor|   0|  0|   2|           1|           2|
    +--------------------------------+----------+----+---+----+------------+------------+
    |Total                           |          |   0|  0| 308|         133|         117|
    +--------------------------------+----------+----+---+----+------------+------------+

    * Multiplexer: 
    +-----------------------------+----+-----------+-----+-----------+
    |             Name            | LUT| Input Size| Bits| Total Bits|
    +-----------------------------+----+-----------+-----+-----------+
    |ap_NS_fsm                    |  26|          5|    1|          5|
    |ap_enable_reg_pp0_iter1      |  14|          3|    1|          3|
    |ap_phi_mux_j_phi_fu_134_p4   |   9|          2|    5|         10|
    |ap_phi_mux_ki_phi_fu_156_p4  |   9|          2|    2|          4|
    |ap_phi_mux_kj_phi_fu_167_p4  |   9|          2|    2|          4|
    |i_fu_76                      |   9|          2|    5|         10|
    |indvar_flatten14_reg_119     |   9|          2|    9|         18|
    |indvar_flatten_reg_141       |   9|          2|    4|          8|
    |j_reg_130                    |   9|          2|    5|         10|
    |ki_reg_152                   |   9|          2|    2|          4|
    |kj_reg_163                   |   9|          2|    2|          4|
    |sum_1_reg_174                |   9|          2|   32|         64|
    +-----------------------------+----+-----------+-----+-----------+
    |Total                        | 130|         28|   70|        144|
    +-----------------------------+----+-----------+-----+-----------+

    * Register: 
    +--------------------------+----+----+-----+-----------+
    |           Name           | FF | LUT| Bits| Const Bits|
    +--------------------------+----+----+-----+-----------+
    |add_ln13_reg_509          |   2|   0|    2|          0|
    |add_ln8_reg_469           |   5|   0|    5|          0|
    |ap_CS_fsm                 |   4|   0|    4|          0|
    |ap_enable_reg_pp0_iter0   |   1|   0|    1|          0|
    |ap_enable_reg_pp0_iter1   |   1|   0|    1|          0|
    |i_1_reg_458               |   5|   0|    5|          0|
    |i_fu_76                   |   5|   0|    5|          0|
    |icmp_ln12_1_reg_518       |   1|   0|    1|          0|
    |icmp_ln12_reg_483         |   1|   0|    1|          0|
    |icmp_ln13_1_reg_514       |   1|   0|    1|          0|
    |icmp_ln9_reg_474          |   1|   0|    1|          0|
    |indvar_flatten14_reg_119  |   9|   0|    9|          0|
    |indvar_flatten_reg_141    |   4|   0|    4|          0|
    |j_reg_130                 |   5|   0|    5|          0|
    |ki_reg_152                |   2|   0|    2|          0|
    |kj_reg_163                |   2|   0|    2|          0|
    |select_ln12_reg_494       |   2|   0|    2|          0|
    |select_ln9_reg_488        |   5|   0|    5|          0|
    |sum_1_reg_174             |  32|   0|   32|          0|
    +--------------------------+----+----+-----+-----------+
    |Total                     |  88|   0|   88|          0|
    +--------------------------+----+----+-----+-----------+



================================================================
== Interface
================================================================
* Summary: 
+-------------------+-----+-----+------------+--------------+--------------+
|     RTL Ports     | Dir | Bits|  Protocol  | Source Object|    C Type    |
+-------------------+-----+-----+------------+--------------+--------------+
|ap_clk             |   in|    1|  ap_ctrl_hs|        conv2d|  return value|
|ap_rst             |   in|    1|  ap_ctrl_hs|        conv2d|  return value|
|ap_start           |   in|    1|  ap_ctrl_hs|        conv2d|  return value|
|ap_done            |  out|    1|  ap_ctrl_hs|        conv2d|  return value|
|ap_idle            |  out|    1|  ap_ctrl_hs|        conv2d|  return value|
|ap_ready           |  out|    1|  ap_ctrl_hs|        conv2d|  return value|
|input_r_address0   |  out|   10|   ap_memory|       input_r|         array|
|input_r_ce0        |  out|    1|   ap_memory|       input_r|         array|
|input_r_q0         |   in|   32|   ap_memory|       input_r|         array|
|kernel_address0    |  out|    4|   ap_memory|        kernel|         array|
|kernel_ce0         |  out|    1|   ap_memory|        kernel|         array|
|kernel_q0          |   in|   32|   ap_memory|        kernel|         array|
|output_r_address0  |  out|   10|   ap_memory|      output_r|         array|
|output_r_ce0       |  out|    1|   ap_memory|      output_r|         array|
|output_r_we0       |  out|    1|   ap_memory|      output_r|         array|
|output_r_d0        |  out|   32|   ap_memory|      output_r|         array|
+-------------------+-----+-----+------------+--------------+--------------+

