

================================================================
== Vitis HLS Report for 'dct'
================================================================
* Date:           Sat Apr  4 13:49:22 2026

* Version:        2025.2 (Build 6295257 on Nov 14 2025)
* Project:        proj_dct
* Solution:       sol1 (Vivado IP Flow Target)
* Product family: virtexuplus
* Target device:  xcvu9p-flga2104-2-i


================================================================
== Performance Estimates
================================================================
+ Timing: 
    * Summary: 
    +--------+----------+----------+------------+
    |  Clock |  Target  | Estimated| Uncertainty|
    +--------+----------+----------+------------+
    |ap_clk  |  10.00 ns|  4.050 ns|     2.70 ns|
    +--------+----------+----------+------------+

+ Latency: 
    * Summary: 
    +---------+---------+----------+----------+-----+-----+---------+
    |  Latency (cycles) |  Latency (absolute) |  Interval | Pipeline|
    |   min   |   max   |    min   |    max   | min | max |   Type  |
    +---------+---------+----------+----------+-----+-----+---------+
    |      537|      537|  5.370 us|  5.370 us|  538|  538|       no|
    +---------+---------+----------+----------+-----+-----+---------+

    + Detail: 
        * Instance: 
        N/A

        * Loop: 
        +----------------------------------+---------+---------+----------+-----------+-----------+------+----------+
        |                                  |  Latency (cycles) | Iteration|  Initiation Interval  | Trip |          |
        |             Loop Name            |   min   |   max   |  Latency |  achieved |   target  | Count| Pipelined|
        +----------------------------------+---------+---------+----------+-----------+-----------+------+----------+
        |- VITIS_LOOP_4_1                  |      536|      536|        67|          -|          -|     8|        no|
        | + VITIS_LOOP_5_2_VITIS_LOOP_8_3  |       64|       64|         2|          1|          1|    64|       yes|
        +----------------------------------+---------+---------+----------+-----------+-----------+------+----------+



================================================================
== Utilization Estimates
================================================================
* Summary: 
+---------------------+---------+------+---------+---------+-----+
|         Name        | BRAM_18K|  DSP |    FF   |   LUT   | URAM|
+---------------------+---------+------+---------+---------+-----+
|DSP                  |        -|     -|        -|        -|    -|
|Expression           |        -|     -|        0|      223|    -|
|FIFO                 |        -|     -|        -|        -|    -|
|Instance             |        -|     3|        0|       20|    -|
|Memory               |        -|     -|        -|        -|    -|
|Multiplexer          |        -|     -|        0|      103|    -|
|Register             |        -|     -|       81|        -|    -|
+---------------------+---------+------+---------+---------+-----+
|Total                |        0|     3|       81|      346|    0|
+---------------------+---------+------+---------+---------+-----+
|Available SLR        |     1440|  2280|   788160|   394080|  320|
+---------------------+---------+------+---------+---------+-----+
|Utilization SLR (%)  |        0|    ~0|       ~0|       ~0|    0|
+---------------------+---------+------+---------+---------+-----+
|Available            |     4320|  6840|  2364480|  1182240|  960|
+---------------------+---------+------+---------+---------+-----+
|Utilization (%)      |        0|    ~0|       ~0|       ~0|    0|
+---------------------+---------+------+---------+---------+-----+

+ Detail: 
    * Instance: 
    +-----------------------+--------------------+---------+----+---+----+-----+
    |        Instance       |       Module       | BRAM_18K| DSP| FF| LUT| URAM|
    +-----------------------+--------------------+---------+----+---+----+-----+
    |mul_32s_32s_32_1_1_U1  |mul_32s_32s_32_1_1  |        0|   3|  0|  20|    0|
    +-----------------------+--------------------+---------+----+---+----+-----+
    |Total                  |                    |        0|   3|  0|  20|    0|
    +-----------------------+--------------------+---------+----+---+----+-----+

    * DSP: 
    N/A

    * Memory: 
    N/A

    * FIFO: 
    N/A

    * Expression: 
    +-------------------------+----------+----+---+----+------------+------------+
    |      Variable Name      | Operation| DSP| FF| LUT| Bitwidth P0| Bitwidth P1|
    +-------------------------+----------+----+---+----+------------+------------+
    |add_ln10_fu_235_p2       |         +|   0|  0|  13|           6|           6|
    |add_ln4_fu_170_p2        |         +|   0|  0|  12|           4|           1|
    |add_ln5_1_fu_186_p2      |         +|   0|  0|  14|           7|           1|
    |add_ln5_fu_192_p2        |         +|   0|  0|  12|           4|           1|
    |add_ln8_fu_275_p2        |         +|   0|  0|  12|           4|           1|
    |add_ln9_1_fu_264_p2      |         +|   0|  0|  13|           6|           6|
    |add_ln9_fu_245_p2        |         +|   0|  0|  13|           6|           6|
    |sum_1_fu_298_p2          |         +|   0|  0|  39|          32|          32|
    |icmp_ln4_fu_164_p2       |      icmp|   0|  0|  12|           4|           5|
    |icmp_ln5_fu_180_p2       |      icmp|   0|  0|  15|           7|           8|
    |icmp_ln8_1_fu_281_p2     |      icmp|   0|  0|  12|           4|           5|
    |icmp_ln8_fu_198_p2       |      icmp|   0|  0|  12|           4|           5|
    |k_mid2_fu_204_p3         |    select|   0|  0|   4|           1|           1|
    |select_ln5_fu_216_p3     |    select|   0|  0|   4|           1|           4|
    |sum_mid2_fu_287_p3       |    select|   0|  0|  32|           1|           1|
    |ap_enable_pp0            |       xor|   0|  0|   2|           1|           2|
    |ap_enable_reg_pp0_iter1  |       xor|   0|  0|   2|           2|           1|
    +-------------------------+----------+----+---+----+------------+------------+
    |Total                    |          |   0|  0| 223|          94|          86|
    +-------------------------+----------+----+---+----+------------+------------+

    * Multiplexer: 
    +----------------------------+----+-----------+-----+-----------+
    |            Name            | LUT| Input Size| Bits| Total Bits|
    +----------------------------+----+-----------+-----+-----------+
    |ap_NS_fsm                   |  26|          5|    1|          5|
    |ap_enable_reg_pp0_iter1     |  14|          3|    1|          3|
    |ap_phi_mux_j_phi_fu_120_p4  |   9|          2|    4|          8|
    |ap_phi_mux_k_phi_fu_131_p4  |   9|          2|    4|          8|
    |i_fu_62                     |   9|          2|    4|          8|
    |indvar_flatten_reg_105      |   9|          2|    7|         14|
    |j_reg_116                   |   9|          2|    4|          8|
    |k_reg_127                   |   9|          2|    4|          8|
    |sum_reg_138                 |   9|          2|   32|         64|
    +----------------------------+----+-----------+-----+-----------+
    |Total                       | 103|         22|   61|        126|
    +----------------------------+----+-----------+-----+-----------+

    * Register: 
    +-------------------------+----+----+-----+-----------+
    |           Name          | FF | LUT| Bits| Const Bits|
    +-------------------------+----+----+-----+-----------+
    |add_ln10_reg_363         |   6|   0|    6|          0|
    |add_ln4_reg_334          |   4|   0|    4|          0|
    |add_ln8_reg_378          |   4|   0|    4|          0|
    |ap_CS_fsm                |   4|   0|    4|          0|
    |ap_enable_reg_pp0_iter0  |   1|   0|    1|          0|
    |ap_enable_reg_pp0_iter1  |   1|   0|    1|          0|
    |i_fu_62                  |   4|   0|    4|          0|
    |icmp_ln5_reg_344         |   1|   0|    1|          0|
    |icmp_ln8_1_reg_383       |   1|   0|    1|          0|
    |icmp_ln8_reg_353         |   1|   0|    1|          0|
    |indvar_flatten_reg_105   |   7|   0|    7|          0|
    |j_reg_116                |   4|   0|    4|          0|
    |k_reg_127                |   4|   0|    4|          0|
    |select_ln5_reg_358       |   4|   0|    4|          0|
    |sum_reg_138              |  32|   0|   32|          0|
    |trunc_ln4_reg_339        |   3|   0|    3|          0|
    +-------------------------+----+----+-----+-----------+
    |Total                    |  81|   0|   81|          0|
    +-------------------------+----+----+-----+-----------+



================================================================
== Interface
================================================================
* Summary: 
+--------------------+-----+-----+------------+--------------+--------------+
|      RTL Ports     | Dir | Bits|  Protocol  | Source Object|    C Type    |
+--------------------+-----+-----+------------+--------------+--------------+
|ap_clk              |   in|    1|  ap_ctrl_hs|           dct|  return value|
|ap_rst              |   in|    1|  ap_ctrl_hs|           dct|  return value|
|ap_start            |   in|    1|  ap_ctrl_hs|           dct|  return value|
|ap_done             |  out|    1|  ap_ctrl_hs|           dct|  return value|
|ap_idle             |  out|    1|  ap_ctrl_hs|           dct|  return value|
|ap_ready            |  out|    1|  ap_ctrl_hs|           dct|  return value|
|input_r_address0    |  out|    6|   ap_memory|       input_r|         array|
|input_r_ce0         |  out|    1|   ap_memory|       input_r|         array|
|input_r_q0          |   in|   32|   ap_memory|       input_r|         array|
|output_r_address0   |  out|    6|   ap_memory|      output_r|         array|
|output_r_ce0        |  out|    1|   ap_memory|      output_r|         array|
|output_r_we0        |  out|    1|   ap_memory|      output_r|         array|
|output_r_d0         |  out|   32|   ap_memory|      output_r|         array|
|cos_table_address0  |  out|    6|   ap_memory|     cos_table|         array|
|cos_table_ce0       |  out|    1|   ap_memory|     cos_table|         array|
|cos_table_q0        |   in|   32|   ap_memory|     cos_table|         array|
+--------------------+-----+-----+------------+--------------+--------------+

