

================================================================
== Vitis HLS Report for 'dotprod'
================================================================
* Date:           Sun Apr  5 07:12:57 2026

* Version:        2025.2 (Build 6295257 on Nov 14 2025)
* Project:        proj_dotprod
* Solution:       sol1 (Vivado IP Flow Target)
* Product family: virtexuplus
* Target device:  xcvu9p-flga2104-2-i


================================================================
== Performance Estimates
================================================================
+ Timing: 
    * Summary: 
    +--------+----------+----------+------------+
    |  Clock |  Target  | Estimated| Uncertainty|
    +--------+----------+----------+------------+
    |ap_clk  |  10.00 ns|  4.437 ns|     2.70 ns|
    +--------+----------+----------+------------+

+ Latency: 
    * Summary: 
    +---------+---------+----------+----------+-----+-----+---------+
    |  Latency (cycles) |  Latency (absolute) |  Interval | Pipeline|
    |   min   |   max   |    min   |    max   | min | max |   Type  |
    +---------+---------+----------+----------+-----+-----+---------+
    |      513|      513|  5.130 us|  5.130 us|  514|  514|       no|
    +---------+---------+----------+----------+-----+-----+---------+

    + Detail: 
        * Instance: 
        N/A

        * Loop: 
        +------------------+---------+---------+----------+-----------+-----------+------+----------+
        |                  |  Latency (cycles) | Iteration|  Initiation Interval  | Trip |          |
        |     Loop Name    |   min   |   max   |  Latency |  achieved |   target  | Count| Pipelined|
        +------------------+---------+---------+----------+-----------+-----------+------+----------+
        |- VITIS_LOOP_4_1  |      512|      512|         2|          -|          -|   256|        no|
        +------------------+---------+---------+----------+-----------+-----------+------+----------+



================================================================
== Utilization Estimates
================================================================
* Summary: 
+---------------------+---------+------+---------+---------+-----+
|         Name        | BRAM_18K|  DSP |    FF   |   LUT   | URAM|
+---------------------+---------+------+---------+---------+-----+
|DSP                  |        -|     -|        -|        -|    -|
|Expression           |        -|     -|        0|       72|    -|
|FIFO                 |        -|     -|        -|        -|    -|
|Instance             |        -|     3|        0|       20|    -|
|Memory               |        -|     -|        -|        -|    -|
|Multiplexer          |        -|     -|        0|       38|    -|
|Register             |        -|     -|       44|        -|    -|
+---------------------+---------+------+---------+---------+-----+
|Total                |        0|     3|       44|      130|    0|
+---------------------+---------+------+---------+---------+-----+
|Available SLR        |     1440|  2280|   788160|   394080|  320|
+---------------------+---------+------+---------+---------+-----+
|Utilization SLR (%)  |        0|    ~0|       ~0|       ~0|    0|
+---------------------+---------+------+---------+---------+-----+
|Available            |     4320|  6840|  2364480|  1182240|  960|
+---------------------+---------+------+---------+---------+-----+
|Utilization (%)      |        0|    ~0|       ~0|       ~0|    0|
+---------------------+---------+------+---------+---------+-----+

+ Detail: 
    * Instance: 
    +-----------------------+--------------------+---------+----+---+----+-----+
    |        Instance       |       Module       | BRAM_18K| DSP| FF| LUT| URAM|
    +-----------------------+--------------------+---------+----+---+----+-----+
    |mul_32s_32s_32_1_1_U1  |mul_32s_32s_32_1_1  |        0|   3|  0|  20|    0|
    +-----------------------+--------------------+---------+----+---+----+-----+
    |Total                  |                    |        0|   3|  0|  20|    0|
    +-----------------------+--------------------+---------+----+---+----+-----+

    * DSP: 
    N/A

    * Memory: 
    N/A

    * FIFO: 
    N/A

    * Expression: 
    +--------------------+----------+----+---+----+------------+------------+
    |    Variable Name   | Operation| DSP| FF| LUT| Bitwidth P0| Bitwidth P1|
    +--------------------+----------+----+---+----+------------+------------+
    |add_ln4_fu_116_p2   |         +|   0|  0|  16|           9|           1|
    |sum_1_fu_133_p2     |         +|   0|  0|  39|          32|          32|
    |icmp_ln4_fu_110_p2  |      icmp|   0|  0|  17|           9|          10|
    +--------------------+----------+----+---+----+------------+------------+
    |Total               |          |   0|  0|  72|          50|          43|
    +--------------------+----------+----+---+----+------------+------------+

    * Multiplexer: 
    +-----------+----+-----------+-----+-----------+
    |    Name   | LUT| Input Size| Bits| Total Bits|
    +-----------+----+-----------+-----+-----------+
    |ap_NS_fsm  |  20|          4|    1|          4|
    |i_fu_50    |   9|          2|    9|         18|
    |sum_fu_46  |   9|          2|   32|         64|
    +-----------+----+-----------+-----+-----------+
    |Total      |  38|          8|   42|         86|
    +-----------+----+-----------+-----+-----------+

    * Register: 
    +-----------+----+----+-----+-----------+
    |    Name   | FF | LUT| Bits| Const Bits|
    +-----------+----+----+-----+-----------+
    |ap_CS_fsm  |   3|   0|    3|          0|
    |i_fu_50    |   9|   0|    9|          0|
    |sum_fu_46  |  32|   0|   32|          0|
    +-----------+----+----+-----+-----------+
    |Total      |  44|   0|   44|          0|
    +-----------+----+----+-----+-----------+



================================================================
== Interface
================================================================
* Summary: 
+---------------+-----+-----+------------+--------------+--------------+
|   RTL Ports   | Dir | Bits|  Protocol  | Source Object|    C Type    |
+---------------+-----+-----+------------+--------------+--------------+
|ap_clk         |   in|    1|  ap_ctrl_hs|       dotprod|  return value|
|ap_rst         |   in|    1|  ap_ctrl_hs|       dotprod|  return value|
|ap_start       |   in|    1|  ap_ctrl_hs|       dotprod|  return value|
|ap_done        |  out|    1|  ap_ctrl_hs|       dotprod|  return value|
|ap_idle        |  out|    1|  ap_ctrl_hs|       dotprod|  return value|
|ap_ready       |  out|    1|  ap_ctrl_hs|       dotprod|  return value|
|a_address0     |  out|    8|   ap_memory|             a|         array|
|a_ce0          |  out|    1|   ap_memory|             a|         array|
|a_q0           |   in|   32|   ap_memory|             a|         array|
|b_address0     |  out|    8|   ap_memory|             b|         array|
|b_ce0          |  out|    1|   ap_memory|             b|         array|
|b_q0           |   in|   32|   ap_memory|             b|         array|
|result         |  out|   32|      ap_vld|        result|       pointer|
|result_ap_vld  |  out|    1|      ap_vld|        result|       pointer|
+---------------+-----+-----+------------+--------------+--------------+

