

================================================================
== Vitis HLS Report for 'gemm'
================================================================
* Date:           Sat Apr  4 15:26:47 2026

* Version:        2025.2 (Build 6295257 on Nov 14 2025)
* Project:        proj_gemm_r0
* Solution:       sol1 (Vivado IP Flow Target)
* Product family: virtexuplus
* Target device:  xcvu9p-flga2104-2-i


================================================================
== Performance Estimates
================================================================
+ Timing: 
    * Summary: 
    +--------+----------+----------+------------+
    |  Clock |  Target  | Estimated| Uncertainty|
    +--------+----------+----------+------------+
    |ap_clk  |  10.00 ns|  6.974 ns|     2.70 ns|
    +--------+----------+----------+------------+

+ Latency: 
    * Summary: 
    +---------+---------+----------+----------+-------+-------+------------------------------------------------+
    |  Latency (cycles) |  Latency (absolute) |    Interval   |                    Pipeline                    |
    |   min   |   max   |    min   |    max   |  min  |  max  |                      Type                      |
    +---------+---------+----------+----------+-------+-------+------------------------------------------------+
    |    16386|    16386|  0.164 ms|  0.164 ms|  16384|  16384|  loop auto-rewind stp (delay=0 clock cycles(s))|
    +---------+---------+----------+----------+-------+-------+------------------------------------------------+

    + Detail: 
        * Instance: 
        N/A

        * Loop: 
        +---------------------------------+---------+---------+----------+-----------+-----------+------+----------+
        |                                 |  Latency (cycles) | Iteration|  Initiation Interval  | Trip |          |
        |            Loop Name            |   min   |   max   |  Latency |  achieved |   target  | Count| Pipelined|
        +---------------------------------+---------+---------+----------+-----------+-----------+------+----------+
        |- VITIS_LOOP_6_1_VITIS_LOOP_7_2  |    16384|    16384|        17|         16|          1|  1024|       yes|
        +---------------------------------+---------+---------+----------+-----------+-----------+------+----------+



================================================================
== Utilization Estimates
================================================================
* Summary: 
+---------------------+---------+------+---------+---------+-----+
|         Name        | BRAM_18K|  DSP |    FF   |   LUT   | URAM|
+---------------------+---------+------+---------+---------+-----+
|DSP                  |        -|     -|        -|        -|    -|
|Expression           |        -|     -|        0|      583|    -|
|FIFO                 |        -|     -|        -|        -|    -|
|Instance             |        -|     6|        0|       40|    -|
|Memory               |        -|     -|        -|        -|    -|
|Multiplexer          |        -|     -|        0|      551|    -|
|Register             |        -|     -|      406|        -|    -|
+---------------------+---------+------+---------+---------+-----+
|Total                |        0|     6|      406|     1174|    0|
+---------------------+---------+------+---------+---------+-----+
|Available SLR        |     1440|  2280|   788160|   394080|  320|
+---------------------+---------+------+---------+---------+-----+
|Utilization SLR (%)  |        0|    ~0|       ~0|       ~0|    0|
+---------------------+---------+------+---------+---------+-----+
|Available            |     4320|  6840|  2364480|  1182240|  960|
+---------------------+---------+------+---------+---------+-----+
|Utilization (%)      |        0|    ~0|       ~0|       ~0|    0|
+---------------------+---------+------+---------+---------+-----+

+ Detail: 
    * Instance: 
    +-----------------------+--------------------+---------+----+---+----+-----+
    |        Instance       |       Module       | BRAM_18K| DSP| FF| LUT| URAM|
    +-----------------------+--------------------+---------+----+---+----+-----+
    |mul_32s_32s_32_1_1_U1  |mul_32s_32s_32_1_1  |        0|   3|  0|  20|    0|
    |mul_32s_32s_32_1_1_U2  |mul_32s_32s_32_1_1  |        0|   3|  0|  20|    0|
    +-----------------------+--------------------+---------+----+---+----+-----+
    |Total                  |                    |        0|   6|  0|  40|    0|
    +-----------------------+--------------------+---------+----+---+----+-----+

    * DSP: 
    N/A

    * Memory: 
    N/A

    * FIFO: 
    N/A

    * Expression: 
    +------------------------+----------+----+---+----+------------+------------+
    |      Variable Name     | Operation| DSP| FF| LUT| Bitwidth P0| Bitwidth P1|
    +------------------------+----------+----+---+----+------------+------------+
    |add_ln10_14_fu_1624_p2  |         +|   0|  0|  32|          32|          32|
    |add_ln10_21_fu_1628_p2  |         +|   0|  0|  32|          32|          32|
    |add_ln10_29_fu_1632_p2  |         +|   0|  0|  32|          32|          32|
    |add_ln10_30_fu_875_p2   |         +|   0|  0|  14|           7|           6|
    |add_ln10_31_fu_942_p2   |         +|   0|  0|  15|           8|           7|
    |add_ln10_32_fu_989_p2   |         +|   0|  0|  15|           8|           8|
    |add_ln10_33_fu_1034_p2  |         +|   0|  0|  16|           9|           8|
    |add_ln10_34_fu_1081_p2  |         +|   0|  0|  16|           9|           9|
    |add_ln10_35_fu_1127_p2  |         +|   0|  0|  16|           9|           9|
    |add_ln10_36_fu_1212_p2  |         +|   0|  0|  17|          10|           9|
    |add_ln10_37_fu_1259_p2  |         +|   0|  0|  17|          10|          10|
    |add_ln10_38_fu_1305_p2  |         +|   0|  0|  17|          10|          10|
    |add_ln10_39_fu_1351_p2  |         +|   0|  0|  17|          10|          10|
    |add_ln10_40_fu_1397_p2  |         +|   0|  0|  17|          10|          10|
    |add_ln12_fu_1407_p2     |         +|   0|  0|  17|          10|          10|
    |add_ln6_1_fu_1603_p2    |         +|   0|  0|  17|          10|           1|
    |add_ln6_fu_814_p2       |         +|   0|  0|  13|           6|           1|
    |grp_fu_747_p2           |         +|   0|  0|  39|          32|          32|
    |grp_fu_769_p2           |         +|   0|  0|  32|          32|          32|
    |grp_fu_775_p2           |         +|   0|  0|  32|          32|          32|
    |grp_fu_781_p2           |         +|   0|  0|  32|          32|          32|
    |grp_fu_787_p2           |         +|   0|  0|  32|          32|          32|
    |j_3_fu_1411_p2          |         +|   0|  0|  13|           6|           1|
    |sum_fu_1638_p2          |         +|   0|  0|  32|          32|          32|
    |ap_condition_1415       |       and|   0|  0|   2|           1|           1|
    |ap_condition_595        |       and|   0|  0|   2|           1|           1|
    |icmp_ln6_fu_1609_p2     |      icmp|   0|  0|  17|          10|           2|
    |icmp_ln7_fu_1416_p2     |      icmp|   0|  0|  14|           6|           7|
    |i_3_fu_828_p3           |    select|   0|  0|   6|           1|           6|
    |select_ln5_fu_820_p3    |    select|   0|  0|   6|           1|           1|
    |ap_enable_pp0           |       xor|   0|  0|   2|           1|           2|
    |xor_ln10_fu_1582_p2     |       xor|   0|  0|   2|           1|           2|
    +------------------------+----------+----+---+----+------------+------------+
    |Total                   |          |   0|  0| 583|         442|         419|
    +------------------------+----------+----+---+----+------------+------------+

    * Multiplexer: 
    +------------------------------------+----+-----------+-----+-----------+
    |                Name                | LUT| Input Size| Bits| Total Bits|
    +------------------------------------+----+-----------+-----+-----------+
    |A_address0_local                    |  81|         17|   10|        170|
    |A_address1_local                    |  81|         17|   10|        170|
    |B_address0_local                    |  81|         17|   10|        170|
    |B_address1_local                    |  81|         17|   10|        170|
    |ap_NS_fsm                           |  81|         17|    1|         17|
    |ap_done_int                         |   9|          2|    1|          2|
    |ap_enable_reg_pp0_iter0             |   9|          2|    1|          2|
    |ap_enable_reg_pp0_iter1             |   9|          2|    1|          2|
    |ap_loop_exit_ready_pp0_iter1_reg    |   9|          2|    1|          2|
    |ap_phi_mux_icmp_ln74_phi_fu_724_p4  |   9|          2|    1|          2|
    |ap_sig_allocacmp_i_1                |   9|          2|    6|         12|
    |ap_sig_allocacmp_j_1                |   9|          2|    6|         12|
    |grp_fu_731_p0                       |  14|          3|   32|         96|
    |grp_fu_731_p1                       |  14|          3|   32|         96|
    |grp_fu_737_p0                       |  14|          3|   32|         96|
    |grp_fu_737_p1                       |  14|          3|   32|         96|
    |i_fu_170                            |   9|          2|    6|         12|
    |indvar_flatten1_fu_166              |   9|          2|   10|         20|
    |j_fu_174                            |   9|          2|    6|         12|
    +------------------------------------+----+-----------+-----+-----------+
    |Total                               | 551|        117|  208|       1159|
    +------------------------------------+----+-----------+-----+-----------+

    * Register: 
    +----------------------------------+----+----+-----+-----------+
    |               Name               | FF | LUT| Bits| Const Bits|
    +----------------------------------+----+----+-----+-----------+
    |add_ln10_13_reg_1979              |  32|   0|   32|          0|
    |add_ln10_17_reg_2024              |  32|   0|   32|          0|
    |add_ln10_20_reg_2079              |  32|   0|   32|          0|
    |add_ln10_32_reg_1807              |   8|   0|    8|          0|
    |add_ln10_34_reg_1865              |   9|   0|    9|          0|
    |add_ln10_35_reg_1900              |   9|   0|    9|          0|
    |add_ln10_6_reg_1875               |  32|   0|   32|          0|
    |add_ln12_reg_2049                 |  10|   0|   10|          0|
    |ap_CS_fsm                         |  16|   0|   16|          0|
    |ap_done_reg                       |   1|   0|    1|          0|
    |ap_enable_reg_pp0_iter0_reg       |   1|   0|    1|          0|
    |ap_enable_reg_pp0_iter1           |   1|   0|    1|          0|
    |ap_loop_exit_ready_pp0_iter1_reg  |   1|   0|    1|          0|
    |bit_sel_reg_1743                  |   1|   0|    1|          0|
    |i_fu_170                          |   6|   0|    6|          0|
    |icmp_ln6_reg_2144                 |   1|   0|    1|          0|
    |icmp_ln7_reg_2054                 |   1|   0|    1|          0|
    |indvar_flatten1_fu_166            |  10|   0|   10|          0|
    |j_fu_174                          |   6|   0|    6|          0|
    |reg_753                           |  32|   0|   32|          0|
    |reg_757                           |  32|   0|   32|          0|
    |reg_761                           |  32|   0|   32|          0|
    |reg_765                           |  32|   0|   32|          0|
    |select_ln5_reg_1666               |   6|   0|    6|          0|
    |tmp_32_cast_reg_1769              |   6|   0|    7|          1|
    |tmp_33_cast_reg_1796              |   6|   0|    8|          2|
    |tmp_35_cast_reg_1855              |   6|   0|    9|          3|
    |tmp_36_cast_reg_1890              |   6|   0|    9|          3|
    |tmp_reg_1712                      |   5|   0|   10|          5|
    |trunc_ln10_1_reg_1748             |   5|   0|    5|          0|
    |trunc_ln10_reg_1678               |   5|   0|    5|          0|
    |zext_ln10_32_reg_1940             |   6|   0|   10|          4|
    |zext_ln10_33_reg_1763             |   6|   0|    8|          2|
    |zext_ln10_34_reg_1828             |   6|   0|    9|          3|
    |zext_ln10_35_reg_1727             |   6|   0|    7|          1|
    +----------------------------------+----+----+-----+-----------+
    |Total                             | 406|   0|  430|         24|
    +----------------------------------+----+----+-----+-----------+



================================================================
== Interface
================================================================
* Summary: 
+------------+-----+-----+------------+--------------+--------------+
|  RTL Ports | Dir | Bits|  Protocol  | Source Object|    C Type    |
+------------+-----+-----+------------+--------------+--------------+
|ap_clk      |   in|    1|  ap_ctrl_hs|          gemm|  return value|
|ap_rst      |   in|    1|  ap_ctrl_hs|          gemm|  return value|
|ap_start    |   in|    1|  ap_ctrl_hs|          gemm|  return value|
|ap_done     |  out|    1|  ap_ctrl_hs|          gemm|  return value|
|ap_idle     |  out|    1|  ap_ctrl_hs|          gemm|  return value|
|ap_ready    |  out|    1|  ap_ctrl_hs|          gemm|  return value|
|A_address0  |  out|   10|   ap_memory|             A|         array|
|A_ce0       |  out|    1|   ap_memory|             A|         array|
|A_q0        |   in|   32|   ap_memory|             A|         array|
|A_address1  |  out|   10|   ap_memory|             A|         array|
|A_ce1       |  out|    1|   ap_memory|             A|         array|
|A_q1        |   in|   32|   ap_memory|             A|         array|
|B_address0  |  out|   10|   ap_memory|             B|         array|
|B_ce0       |  out|    1|   ap_memory|             B|         array|
|B_q0        |   in|   32|   ap_memory|             B|         array|
|B_address1  |  out|   10|   ap_memory|             B|         array|
|B_ce1       |  out|    1|   ap_memory|             B|         array|
|B_q1        |   in|   32|   ap_memory|             B|         array|
|C_address0  |  out|   10|   ap_memory|             C|         array|
|C_ce0       |  out|    1|   ap_memory|             C|         array|
|C_we0       |  out|    1|   ap_memory|             C|         array|
|C_d0        |  out|   32|   ap_memory|             C|         array|
+------------+-----+-----+------------+--------------+--------------+

