

================================================================
== Vitis HLS Report for 'gemm'
================================================================
* Date:           Sat Apr  4 13:48:38 2026

* Version:        2025.2 (Build 6295257 on Nov 14 2025)
* Project:        proj_gemm
* Solution:       sol1 (Vivado IP Flow Target)
* Product family: virtexuplus
* Target device:  xcvu9p-flga2104-2-i


================================================================
== Performance Estimates
================================================================
+ Timing: 
    * Summary: 
    +--------+----------+----------+------------+
    |  Clock |  Target  | Estimated| Uncertainty|
    +--------+----------+----------+------------+
    |ap_clk  |  10.00 ns|  4.050 ns|     2.70 ns|
    +--------+----------+----------+------------+

+ Latency: 
    * Summary: 
    +---------+---------+----------+----------+-------+-------+---------+
    |  Latency (cycles) |  Latency (absolute) |    Interval   | Pipeline|
    |   min   |   max   |    min   |    max   |  min  |  max  |   Type  |
    +---------+---------+----------+----------+-------+-------+---------+
    |    67649|    67649|  0.676 ms|  0.676 ms|  67650|  67650|       no|
    +---------+---------+----------+----------+-------+-------+---------+

    + Detail: 
        * Instance: 
        N/A

        * Loop: 
        +---------------------+---------+---------+----------+-----------+-----------+------+----------+
        |                     |  Latency (cycles) | Iteration|  Initiation Interval  | Trip |          |
        |      Loop Name      |   min   |   max   |  Latency |  achieved |   target  | Count| Pipelined|
        +---------------------+---------+---------+----------+-----------+-----------+------+----------+
        |- VITIS_LOOP_4_1     |    67648|    67648|      2114|          -|          -|    32|        no|
        | + VITIS_LOOP_5_2    |     2112|     2112|        66|          -|          -|    32|        no|
        |  ++ VITIS_LOOP_7_3  |       64|       64|         2|          -|          -|    32|        no|
        +---------------------+---------+---------+----------+-----------+-----------+------+----------+



================================================================
== Utilization Estimates
================================================================
* Summary: 
+---------------------+---------+------+---------+---------+-----+
|         Name        | BRAM_18K|  DSP |    FF   |   LUT   | URAM|
+---------------------+---------+------+---------+---------+-----+
|DSP                  |        -|     -|        -|        -|    -|
|Expression           |        -|     -|        0|      171|    -|
|FIFO                 |        -|     -|        -|        -|    -|
|Instance             |        -|     3|        0|       20|    -|
|Memory               |        -|     -|        -|        -|    -|
|Multiplexer          |        -|     -|        0|       67|    -|
|Register             |        -|     -|       94|        -|    -|
+---------------------+---------+------+---------+---------+-----+
|Total                |        0|     3|       94|      258|    0|
+---------------------+---------+------+---------+---------+-----+
|Available SLR        |     1440|  2280|   788160|   394080|  320|
+---------------------+---------+------+---------+---------+-----+
|Utilization SLR (%)  |        0|    ~0|       ~0|       ~0|    0|
+---------------------+---------+------+---------+---------+-----+
|Available            |     4320|  6840|  2364480|  1182240|  960|
+---------------------+---------+------+---------+---------+-----+
|Utilization (%)      |        0|    ~0|       ~0|       ~0|    0|
+---------------------+---------+------+---------+---------+-----+

+ Detail: 
    * Instance: 
    +-----------------------+--------------------+---------+----+---+----+-----+
    |        Instance       |       Module       | BRAM_18K| DSP| FF| LUT| URAM|
    +-----------------------+--------------------+---------+----+---+----+-----+
    |mul_32s_32s_32_1_1_U1  |mul_32s_32s_32_1_1  |        0|   3|  0|  20|    0|
    +-----------------------+--------------------+---------+----+---+----+-----+
    |Total                  |                    |        0|   3|  0|  20|    0|
    +-----------------------+--------------------+---------+----+---+----+-----+

    * DSP: 
    N/A

    * Memory: 
    N/A

    * FIFO: 
    N/A

    * Expression: 
    +---------------------+----------+----+---+----+------------+------------+
    |    Variable Name    | Operation| DSP| FF| LUT| Bitwidth P0| Bitwidth P1|
    +---------------------+----------+----+---+----+------------+------------+
    |add_ln11_fu_181_p2   |         +|   0|  0|  17|          10|          10|
    |add_ln4_fu_147_p2    |         +|   0|  0|  13|           6|           1|
    |add_ln5_fu_171_p2    |         +|   0|  0|  13|           6|           1|
    |add_ln7_fu_201_p2    |         +|   0|  0|  13|           6|           1|
    |add_ln9_1_fu_233_p2  |         +|   0|  0|  17|          10|          10|
    |add_ln9_fu_215_p2    |         +|   0|  0|  17|          10|          10|
    |sum_1_fu_243_p2      |         +|   0|  0|  39|          32|          32|
    |icmp_ln4_fu_141_p2   |      icmp|   0|  0|  14|           6|           7|
    |icmp_ln5_fu_165_p2   |      icmp|   0|  0|  14|           6|           7|
    |icmp_ln7_fu_195_p2   |      icmp|   0|  0|  14|           6|           7|
    +---------------------+----------+----+---+----+------------+------------+
    |Total                |          |   0|  0| 171|          98|          86|
    +---------------------+----------+----+---+----+------------+------------+

    * Multiplexer: 
    +-------------+----+-----------+-----+-----------+
    |     Name    | LUT| Input Size| Bits| Total Bits|
    +-------------+----+-----------+-----+-----------+
    |ap_NS_fsm    |  31|          6|    1|          6|
    |i_fu_50      |   9|          2|    6|         12|
    |j_reg_92     |   9|          2|    6|         12|
    |k_reg_103    |   9|          2|    6|         12|
    |sum_reg_114  |   9|          2|   32|         64|
    +-------------+----+-----------+-----+-----------+
    |Total        |  67|         14|   51|        106|
    +-------------+----+-----------+-----+-----------+

    * Register: 
    +-------------------+----+----+-----+-----------+
    |        Name       | FF | LUT| Bits| Const Bits|
    +-------------------+----+----+-----+-----------+
    |C_addr_reg_283     |  10|   0|   10|          0|
    |add_ln4_reg_259    |   6|   0|    6|          0|
    |add_ln5_reg_273    |   6|   0|    6|          0|
    |add_ln7_reg_291    |   6|   0|    6|          0|
    |ap_CS_fsm          |   5|   0|    5|          0|
    |i_fu_50            |   6|   0|    6|          0|
    |j_reg_92           |   6|   0|    6|          0|
    |k_reg_103          |   6|   0|    6|          0|
    |sum_reg_114        |  32|   0|   32|          0|
    |tmp_reg_264        |   5|   0|   10|          5|
    |zext_ln11_reg_278  |   6|   0|   10|          4|
    +-------------------+----+----+-----+-----------+
    |Total              |  94|   0|  103|          9|
    +-------------------+----+----+-----+-----------+



================================================================
== Interface
================================================================
* Summary: 
+------------+-----+-----+------------+--------------+--------------+
|  RTL Ports | Dir | Bits|  Protocol  | Source Object|    C Type    |
+------------+-----+-----+------------+--------------+--------------+
|ap_clk      |   in|    1|  ap_ctrl_hs|          gemm|  return value|
|ap_rst      |   in|    1|  ap_ctrl_hs|          gemm|  return value|
|ap_start    |   in|    1|  ap_ctrl_hs|          gemm|  return value|
|ap_done     |  out|    1|  ap_ctrl_hs|          gemm|  return value|
|ap_idle     |  out|    1|  ap_ctrl_hs|          gemm|  return value|
|ap_ready    |  out|    1|  ap_ctrl_hs|          gemm|  return value|
|A_address0  |  out|   10|   ap_memory|             A|         array|
|A_ce0       |  out|    1|   ap_memory|             A|         array|
|A_q0        |   in|   32|   ap_memory|             A|         array|
|B_address0  |  out|   10|   ap_memory|             B|         array|
|B_ce0       |  out|    1|   ap_memory|             B|         array|
|B_q0        |   in|   32|   ap_memory|             B|         array|
|C_address0  |  out|   10|   ap_memory|             C|         array|
|C_ce0       |  out|    1|   ap_memory|             C|         array|
|C_we0       |  out|    1|   ap_memory|             C|         array|
|C_d0        |  out|   32|   ap_memory|             C|         array|
+------------+-----+-----+------------+--------------+--------------+

