

================================================================
== Vitis HLS Report for 'kmeans'
================================================================
* Date:           Sat Apr  4 14:27:13 2026

* Version:        2025.2 (Build 6295257 on Nov 14 2025)
* Project:        proj_kmeans_worst
* Solution:       sol1 (Vivado IP Flow Target)
* Product family: virtexuplus
* Target device:  xcvu9p-flga2104-2-i


================================================================
== Performance Estimates
================================================================
+ Timing: 
    * Summary: 
    +--------+----------+----------+------------+
    |  Clock |  Target  | Estimated| Uncertainty|
    +--------+----------+----------+------------+
    |ap_clk  |  10.00 ns|  6.037 ns|     2.70 ns|
    +--------+----------+----------+------------+

+ Latency: 
    * Summary: 
    +---------+---------+----------+----------+-----+-----+------------------------------------------------+
    |  Latency (cycles) |  Latency (absolute) |  Interval |                    Pipeline                    |
    |   min   |   max   |    min   |    max   | min | max |                      Type                      |
    +---------+---------+----------+----------+-----+-----+------------------------------------------------+
    |      770|      770|  7.700 us|  7.700 us|  768|  768|  loop auto-rewind stp (delay=0 clock cycles(s))|
    +---------+---------+----------+----------+-----+-----+------------------------------------------------+

    + Detail: 
        * Instance: 
        N/A

        * Loop: 
        +--------------------------------------------------+---------+---------+----------+-----------+-----------+------+----------+
        |                                                  |  Latency (cycles) | Iteration|  Initiation Interval  | Trip |          |
        |                     Loop Name                    |   min   |   max   |  Latency |  achieved |   target  | Count| Pipelined|
        +--------------------------------------------------+---------+---------+----------+-----------+-----------+------+----------+
        |- VITIS_LOOP_6_1_VITIS_LOOP_10_2_VITIS_LOOP_13_3  |      768|      768|         2|          1|          1|   768|       yes|
        +--------------------------------------------------+---------+---------+----------+-----------+-----------+------+----------+



================================================================
== Utilization Estimates
================================================================
* Summary: 
+---------------------+---------+------+---------+---------+-----+
|         Name        | BRAM_18K|  DSP |    FF   |   LUT   | URAM|
+---------------------+---------+------+---------+---------+-----+
|DSP                  |        -|     -|        -|        -|    -|
|Expression           |        -|     -|        0|      537|    -|
|FIFO                 |        -|     -|        -|        -|    -|
|Instance             |        -|     3|        0|       20|    -|
|Memory               |        -|     -|        -|        -|    -|
|Multiplexer          |        -|     -|        0|      162|    -|
|Register             |        -|     -|      206|        -|    -|
+---------------------+---------+------+---------+---------+-----+
|Total                |        0|     3|      206|      719|    0|
+---------------------+---------+------+---------+---------+-----+
|Available SLR        |     1440|  2280|   788160|   394080|  320|
+---------------------+---------+------+---------+---------+-----+
|Utilization SLR (%)  |        0|    ~0|       ~0|       ~0|    0|
+---------------------+---------+------+---------+---------+-----+
|Available            |     4320|  6840|  2364480|  1182240|  960|
+---------------------+---------+------+---------+---------+-----+
|Utilization (%)      |        0|    ~0|       ~0|       ~0|    0|
+---------------------+---------+------+---------+---------+-----+

+ Detail: 
    * Instance: 
    +-----------------------+--------------------+---------+----+---+----+-----+
    |        Instance       |       Module       | BRAM_18K| DSP| FF| LUT| URAM|
    +-----------------------+--------------------+---------+----+---+----+-----+
    |mul_32s_32s_32_1_1_U1  |mul_32s_32s_32_1_1  |        0|   3|  0|  20|    0|
    +-----------------------+--------------------+---------+----+---+----+-----+
    |Total                  |                    |        0|   3|  0|  20|    0|
    +-----------------------+--------------------+---------+----+---+----+-----+

    * DSP: 
    N/A

    * Memory: 
    N/A

    * FIFO: 
    N/A

    * Expression: 
    +-------------------------+----------+----+---+----+------------+------------+
    |      Variable Name      | Operation| DSP| FF| LUT| Bitwidth P0| Bitwidth P1|
    +-------------------------+----------+----+---+----+------------+------------+
    |add_ln10_1_fu_401_p2     |         +|   0|  0|  12|           5|           1|
    |add_ln10_fu_263_p2       |         +|   0|  0|  10|           3|           1|
    |add_ln14_1_fu_359_p2     |         +|   0|  0|   7|           4|           4|
    |add_ln14_fu_348_p2       |         +|   0|  0|  19|           8|           8|
    |add_ln6_1_fu_392_p2      |         +|   0|  0|  17|          10|           1|
    |add_ln6_fu_229_p2        |         +|   0|  0|  14|           7|           1|
    |d_3_fu_370_p2            |         +|   0|  0|   9|           2|           1|
    |dist_3_fu_512_p2         |         +|   0|  0|  39|          32|          32|
    |sub_ln10_fu_312_p2       |         -|   0|  0|  19|           8|           8|
    |sub_ln13_fu_334_p2       |         -|   0|  0|   7|           4|           4|
    |sub_ln14_fu_504_p2       |         -|   0|  0|  39|          32|          32|
    |and_ln7_fu_249_p2        |       and|   0|  0|   2|           1|           1|
    |ap_condition_399         |       and|   0|  0|   2|           1|           1|
    |ap_condition_407         |       and|   0|  0|   2|           1|           1|
    |ap_condition_81          |       and|   0|  0|   2|           1|           1|
    |icmp_ln10_1_fu_386_p2    |      icmp|   0|  0|  10|           3|           2|
    |icmp_ln10_fu_415_p2      |      icmp|   0|  0|  12|           5|           4|
    |icmp_ln13_fu_376_p2      |      icmp|   0|  0|   9|           2|           2|
    |icmp_ln15_fu_518_p2      |      icmp|   0|  0|  39|          32|          32|
    |icmp_ln6_fu_421_p2       |      icmp|   0|  0|  17|          10|          10|
    |empty_fu_269_p2          |        or|   0|  0|   2|           1|           1|
    |d_mid2_fu_275_p3         |    select|   0|  0|   2|           1|           1|
    |dist_mid2_fu_483_p3      |    select|   0|  0|  32|           1|           1|
    |i_3_fu_255_p3            |    select|   0|  0|   7|           1|           7|
    |j_3_fu_283_p3            |    select|   0|  0|   3|           1|           3|
    |min_dist_4_fu_524_p3     |    select|   0|  0|  32|           1|          32|
    |min_dist_5_fu_497_p3     |    select|   0|  0|  32|           1|          32|
    |min_idx_4_fu_535_p3      |    select|   0|  0|  32|           1|          32|
    |min_idx_5_fu_490_p3      |    select|   0|  0|  32|           1|          32|
    |select_ln10_3_fu_407_p3  |    select|   0|  0|   5|           1|           1|
    |select_ln7_1_fu_467_p3   |    select|   0|  0|  32|           1|           1|
    |select_ln7_2_fu_475_p3   |    select|   0|  0|  32|           1|          31|
    |select_ln7_fu_235_p3     |    select|   0|  0|   3|           1|           1|
    |ap_enable_pp0            |       xor|   0|  0|   2|           1|           2|
    |xor_ln7_fu_243_p2        |       xor|   0|  0|   2|           1|           2|
    +-------------------------+----------+----+---+----+------------+------------+
    |Total                    |          |   0|  0| 537|         186|         326|
    +-------------------------+----------+----+---+----+------------+------------+

    * Multiplexer: 
    +-----------------------------------------+----+-----------+-----+-----------+
    |                   Name                  | LUT| Input Size| Bits| Total Bits|
    +-----------------------------------------+----+-----------+-----+-----------+
    |ap_done_int                              |   9|          2|    1|          2|
    |ap_loop_exit_ready_pp0_iter1_reg         |   9|          2|    1|          2|
    |ap_phi_mux_icmp_ln1012_phi_fu_155_p4     |   9|          2|    1|          2|
    |ap_phi_mux_icmp_ln1311_phi_fu_166_p4     |   9|          2|    1|          2|
    |ap_sig_allocacmp_d_1                     |   9|          2|    2|          4|
    |ap_sig_allocacmp_i_1                     |   9|          2|    7|         14|
    |ap_sig_allocacmp_indvar_flatten191_load  |   9|          2|   10|         20|
    |ap_sig_allocacmp_indvar_flatten3_load    |   9|          2|    5|         10|
    |ap_sig_allocacmp_j_1                     |   9|          2|    3|          6|
    |d_fu_106                                 |   9|          2|    2|          4|
    |dist_fu_110                              |   9|          2|   32|         64|
    |i_fu_78                                  |   9|          2|    7|         14|
    |icmp_ln1012_reg_152                      |   9|          2|    1|          2|
    |indvar_flatten191_fu_74                  |   9|          2|   10|         20|
    |indvar_flatten3_fu_82                    |   9|          2|    5|         10|
    |j_fu_86                                  |   9|          2|    3|          6|
    |min_dist_fu_94                           |   9|          2|   32|         64|
    |min_idx_fu_90                            |   9|          2|   32|         64|
    +-----------------------------------------+----+-----------+-----+-----------+
    |Total                                    | 162|         36|  155|        310|
    +-----------------------------------------+----+-----------+-----+-----------+

    * Register: 
    +----------------------------------+----+----+-----+-----------+
    |               Name               | FF | LUT| Bits| Const Bits|
    +----------------------------------+----+----+-----+-----------+
    |and_ln7_reg_637                   |   1|   0|    1|          0|
    |ap_CS_fsm                         |   1|   0|    1|          0|
    |ap_done_reg                       |   1|   0|    1|          0|
    |ap_enable_reg_pp0_iter1           |   1|   0|    1|          0|
    |ap_loop_exit_ready_pp0_iter1_reg  |   1|   0|    1|          0|
    |d_fu_106                          |   2|   0|    2|          0|
    |dist_fu_110                       |  32|   0|   32|          0|
    |empty_reg_643                     |   1|   0|    1|          0|
    |i_fu_78                           |   7|   0|    7|          0|
    |icmp_ln1012_reg_152               |   1|   0|    1|          0|
    |icmp_ln10_1_reg_668               |   1|   0|    1|          0|
    |icmp_ln10_reg_677                 |   1|   0|    1|          0|
    |icmp_ln13_reg_658                 |   1|   0|    1|          0|
    |icmp_ln6_reg_682                  |   1|   0|    1|          0|
    |indvar_flatten191_fu_74           |  10|   0|   10|          0|
    |indvar_flatten3_fu_82             |   5|   0|    5|          0|
    |j_fu_86                           |   3|   0|    3|          0|
    |labels_addr_reg_672               |   6|   0|    6|          0|
    |min_dist_127_fu_98                |  32|   0|   32|          0|
    |min_dist_fu_94                    |  32|   0|   32|          0|
    |min_idx_118_fu_102                |  32|   0|   32|          0|
    |min_idx_fu_90                     |  32|   0|   32|          0|
    |trunc_ln15_reg_663                |   2|   0|    2|          0|
    +----------------------------------+----+----+-----+-----------+
    |Total                             | 206|   0|  206|          0|
    +----------------------------------+----+----+-----+-----------+



================================================================
== Interface
================================================================
* Summary: 
+--------------------+-----+-----+------------+--------------+--------------+
|      RTL Ports     | Dir | Bits|  Protocol  | Source Object|    C Type    |
+--------------------+-----+-----+------------+--------------+--------------+
|ap_clk              |   in|    1|  ap_ctrl_hs|        kmeans|  return value|
|ap_rst              |   in|    1|  ap_ctrl_hs|        kmeans|  return value|
|ap_start            |   in|    1|  ap_ctrl_hs|        kmeans|  return value|
|ap_done             |  out|    1|  ap_ctrl_hs|        kmeans|  return value|
|ap_idle             |  out|    1|  ap_ctrl_hs|        kmeans|  return value|
|ap_ready            |  out|    1|  ap_ctrl_hs|        kmeans|  return value|
|points_address0     |  out|    8|   ap_memory|        points|         array|
|points_ce0          |  out|    1|   ap_memory|        points|         array|
|points_q0           |   in|   32|   ap_memory|        points|         array|
|centroids_address0  |  out|    4|   ap_memory|     centroids|         array|
|centroids_ce0       |  out|    1|   ap_memory|     centroids|         array|
|centroids_q0        |   in|   32|   ap_memory|     centroids|         array|
|labels_address0     |  out|    6|   ap_memory|        labels|         array|
|labels_ce0          |  out|    1|   ap_memory|        labels|         array|
|labels_we0          |  out|    1|   ap_memory|        labels|         array|
|labels_d0           |  out|   32|   ap_memory|        labels|         array|
+--------------------+-----+-----+------------+--------------+--------------+

