

================================================================
== Vitis HLS Report for 'matvec'
================================================================
* Date:           Sat Apr  4 20:27:44 2026

* Version:        2025.2 (Build 6295257 on Nov 14 2025)
* Project:        proj_matvec
* Solution:       sol1 (Vivado IP Flow Target)
* Product family: virtexuplus
* Target device:  xcvu9p-flga2104-2-i


================================================================
== Performance Estimates
================================================================
+ Timing: 
    * Summary: 
    +--------+----------+----------+------------+
    |  Clock |  Target  | Estimated| Uncertainty|
    +--------+----------+----------+------------+
    |ap_clk  |  10.00 ns|  4.437 ns|     2.70 ns|
    +--------+----------+----------+------------+

+ Latency: 
    * Summary: 
    +---------+---------+-----------+-----------+------+------+------------------------------------------------+
    |  Latency (cycles) |   Latency (absolute)  |   Interval  |                    Pipeline                    |
    |   min   |   max   |    min    |    max    |  min |  max |                      Type                      |
    +---------+---------+-----------+-----------+------+------+------------------------------------------------+
    |     4098|     4098|  40.980 us|  40.980 us|  4096|  4096|  loop auto-rewind stp (delay=0 clock cycles(s))|
    +---------+---------+-----------+-----------+------+------+------------------------------------------------+

    + Detail: 
        * Instance: 
        N/A

        * Loop: 
        +---------------------------------+---------+---------+----------+-----------+-----------+------+----------+
        |                                 |  Latency (cycles) | Iteration|  Initiation Interval  | Trip |          |
        |            Loop Name            |   min   |   max   |  Latency |  achieved |   target  | Count| Pipelined|
        +---------------------------------+---------+---------+----------+-----------+-----------+------+----------+
        |- VITIS_LOOP_4_1_VITIS_LOOP_7_2  |     4096|     4096|         2|          1|          1|  4096|       yes|
        +---------------------------------+---------+---------+----------+-----------+-----------+------+----------+



================================================================
== Utilization Estimates
================================================================
* Summary: 
+---------------------+---------+------+---------+---------+-----+
|         Name        | BRAM_18K|  DSP |    FF   |   LUT   | URAM|
+---------------------+---------+------+---------+---------+-----+
|DSP                  |        -|     -|        -|        -|    -|
|Expression           |        -|     -|        0|      193|    -|
|FIFO                 |        -|     -|        -|        -|    -|
|Instance             |        -|     3|        0|       20|    -|
|Memory               |        -|     -|        -|        -|    -|
|Multiplexer          |        -|     -|        0|       99|    -|
|Register             |        -|     -|       71|        -|    -|
+---------------------+---------+------+---------+---------+-----+
|Total                |        0|     3|       71|      312|    0|
+---------------------+---------+------+---------+---------+-----+
|Available SLR        |     1440|  2280|   788160|   394080|  320|
+---------------------+---------+------+---------+---------+-----+
|Utilization SLR (%)  |        0|    ~0|       ~0|       ~0|    0|
+---------------------+---------+------+---------+---------+-----+
|Available            |     4320|  6840|  2364480|  1182240|  960|
+---------------------+---------+------+---------+---------+-----+
|Utilization (%)      |        0|    ~0|       ~0|       ~0|    0|
+---------------------+---------+------+---------+---------+-----+

+ Detail: 
    * Instance: 
    +-----------------------+--------------------+---------+----+---+----+-----+
    |        Instance       |       Module       | BRAM_18K| DSP| FF| LUT| URAM|
    +-----------------------+--------------------+---------+----+---+----+-----+
    |mul_32s_32s_32_1_1_U1  |mul_32s_32s_32_1_1  |        0|   3|  0|  20|    0|
    +-----------------------+--------------------+---------+----+---+----+-----+
    |Total                  |                    |        0|   3|  0|  20|    0|
    +-----------------------+--------------------+---------+----+---+----+-----+

    * DSP: 
    N/A

    * Memory: 
    N/A

    * FIFO: 
    N/A

    * Expression: 
    +------------------------+----------+----+---+----+------------+------------+
    |      Variable Name     | Operation| DSP| FF| LUT| Bitwidth P0| Bitwidth P1|
    +------------------------+----------+----+---+----+------------+------------+
    |add_ln4_1_fu_225_p2     |         +|   0|  0|  19|          12|           1|
    |add_ln4_fu_154_p2       |         +|   0|  0|  14|           7|           1|
    |add_ln9_fu_202_p2       |         +|   0|  0|  19|          12|          12|
    |j_3_fu_213_p2           |         +|   0|  0|  14|           7|           1|
    |sum_3_fu_263_p2         |         +|   0|  0|  39|          32|          32|
    |ap_condition_242        |       and|   0|  0|   2|           1|           1|
    |ap_condition_249        |       and|   0|  0|   2|           1|           1|
    |ap_condition_75         |       and|   0|  0|   2|           1|           1|
    |icmp_ln4_fu_231_p2      |      icmp|   0|  0|  19|          12|           2|
    |icmp_ln7_fu_219_p2      |      icmp|   0|  0|  15|           7|           8|
    |i_3_fu_168_p3           |    select|   0|  0|   7|           1|           7|
    |select_ln5_1_fu_255_p3  |    select|   0|  0|  32|           1|           1|
    |select_ln5_fu_160_p3    |    select|   0|  0|   7|           1|           1|
    |ap_enable_pp0           |       xor|   0|  0|   2|           1|           2|
    +------------------------+----------+----+---+----+------------+------------+
    |Total                   |          |   0|  0| 193|          96|          71|
    +------------------------+----------+----+---+----+------------+------------+

    * Multiplexer: 
    +---------------------------------------+----+-----------+-----+-----------+
    |                  Name                 | LUT| Input Size| Bits| Total Bits|
    +---------------------------------------+----+-----------+-----+-----------+
    |ap_done_int                            |   9|          2|    1|          2|
    |ap_loop_exit_ready_pp0_iter1_reg       |   9|          2|    1|          2|
    |ap_phi_mux_icmp_ln75_phi_fu_111_p4     |   9|          2|    1|          2|
    |ap_sig_allocacmp_i_1                   |   9|          2|    7|         14|
    |ap_sig_allocacmp_indvar_flatten1_load  |   9|          2|   12|         24|
    |ap_sig_allocacmp_j_1                   |   9|          2|    7|         14|
    |i_fu_58                                |   9|          2|    7|         14|
    |icmp_ln75_reg_108                      |   9|          2|    1|          2|
    |indvar_flatten1_fu_54                  |   9|          2|   12|         24|
    |j_fu_62                                |   9|          2|    7|         14|
    |sum_fu_66                              |   9|          2|   32|         64|
    +---------------------------------------+----+-----------+-----+-----------+
    |Total                                  |  99|         22|   88|        176|
    +---------------------------------------+----+-----------+-----+-----------+

    * Register: 
    +----------------------------------+----+----+-----+-----------+
    |               Name               | FF | LUT| Bits| Const Bits|
    +----------------------------------+----+----+-----+-----------+
    |ap_CS_fsm                         |   1|   0|    1|          0|
    |ap_done_reg                       |   1|   0|    1|          0|
    |ap_enable_reg_pp0_iter1           |   1|   0|    1|          0|
    |ap_loop_exit_ready_pp0_iter1_reg  |   1|   0|    1|          0|
    |i_fu_58                           |   7|   0|    7|          0|
    |icmp_ln4_reg_323                  |   1|   0|    1|          0|
    |icmp_ln75_reg_108                 |   1|   0|    1|          0|
    |icmp_ln7_reg_313                  |   1|   0|    1|          0|
    |indvar_flatten1_fu_54             |  12|   0|   12|          0|
    |j_fu_62                           |   7|   0|    7|          0|
    |sum_fu_66                         |  32|   0|   32|          0|
    |y_addr_reg_318                    |   6|   0|    6|          0|
    +----------------------------------+----+----+-----+-----------+
    |Total                             |  71|   0|   71|          0|
    +----------------------------------+----+----+-----+-----------+



================================================================
== Interface
================================================================
* Summary: 
+------------+-----+-----+------------+--------------+--------------+
|  RTL Ports | Dir | Bits|  Protocol  | Source Object|    C Type    |
+------------+-----+-----+------------+--------------+--------------+
|ap_clk      |   in|    1|  ap_ctrl_hs|        matvec|  return value|
|ap_rst      |   in|    1|  ap_ctrl_hs|        matvec|  return value|
|ap_start    |   in|    1|  ap_ctrl_hs|        matvec|  return value|
|ap_done     |  out|    1|  ap_ctrl_hs|        matvec|  return value|
|ap_idle     |  out|    1|  ap_ctrl_hs|        matvec|  return value|
|ap_ready    |  out|    1|  ap_ctrl_hs|        matvec|  return value|
|A_address0  |  out|   12|   ap_memory|             A|         array|
|A_ce0       |  out|    1|   ap_memory|             A|         array|
|A_q0        |   in|   32|   ap_memory|             A|         array|
|x_address0  |  out|    6|   ap_memory|             x|         array|
|x_ce0       |  out|    1|   ap_memory|             x|         array|
|x_q0        |   in|   32|   ap_memory|             x|         array|
|y_address0  |  out|    6|   ap_memory|             y|         array|
|y_ce0       |  out|    1|   ap_memory|             y|         array|
|y_we0       |  out|    1|   ap_memory|             y|         array|
|y_d0        |  out|   32|   ap_memory|             y|         array|
+------------+-----+-----+------------+--------------+--------------+

