

================================================================
== Vitis HLS Report for 'prefix_sum'
================================================================
* Date:           Sun Apr  5 07:13:39 2026

* Version:        2025.2 (Build 6295257 on Nov 14 2025)
* Project:        proj_prefix_sum
* Solution:       sol1 (Vivado IP Flow Target)
* Product family: virtexuplus
* Target device:  xcvu9p-flga2104-2-i


================================================================
== Performance Estimates
================================================================
+ Timing: 
    * Summary: 
    +--------+----------+----------+------------+
    |  Clock |  Target  | Estimated| Uncertainty|
    +--------+----------+----------+------------+
    |ap_clk  |  10.00 ns|  1.267 ns|     2.70 ns|
    +--------+----------+----------+------------+

+ Latency: 
    * Summary: 
    +---------+---------+----------+----------+-----+-----+---------+
    |  Latency (cycles) |  Latency (absolute) |  Interval | Pipeline|
    |   min   |   max   |    min   |    max   | min | max |   Type  |
    +---------+---------+----------+----------+-----+-----+---------+
    |      256|      256|  2.560 us|  2.560 us|  257|  257|       no|
    +---------+---------+----------+----------+-----+-----+---------+

    + Detail: 
        * Instance: 
        N/A

        * Loop: 
        +------------------+---------+---------+----------+-----------+-----------+------+----------+
        |                  |  Latency (cycles) | Iteration|  Initiation Interval  | Trip |          |
        |     Loop Name    |   min   |   max   |  Latency |  achieved |   target  | Count| Pipelined|
        +------------------+---------+---------+----------+-----------+-----------+------+----------+
        |- VITIS_LOOP_4_1  |      254|      254|         2|          -|          -|   127|        no|
        +------------------+---------+---------+----------+-----------+-----------+------+----------+



================================================================
== Utilization Estimates
================================================================
* Summary: 
+---------------------+---------+------+---------+---------+-----+
|         Name        | BRAM_18K|  DSP |    FF   |   LUT   | URAM|
+---------------------+---------+------+---------+---------+-----+
|DSP                  |        -|     -|        -|        -|    -|
|Expression           |        -|     -|        0|       70|    -|
|FIFO                 |        -|     -|        -|        -|    -|
|Instance             |        -|     -|        -|        -|    -|
|Memory               |        -|     -|        -|        -|    -|
|Multiplexer          |        -|     -|        0|       86|    -|
|Register             |        -|     -|       52|        -|    -|
+---------------------+---------+------+---------+---------+-----+
|Total                |        0|     0|       52|      156|    0|
+---------------------+---------+------+---------+---------+-----+
|Available SLR        |     1440|  2280|   788160|   394080|  320|
+---------------------+---------+------+---------+---------+-----+
|Utilization SLR (%)  |        0|     0|       ~0|       ~0|    0|
+---------------------+---------+------+---------+---------+-----+
|Available            |     4320|  6840|  2364480|  1182240|  960|
+---------------------+---------+------+---------+---------+-----+
|Utilization (%)      |        0|     0|       ~0|       ~0|    0|
+---------------------+---------+------+---------+---------+-----+

+ Detail: 
    * Instance: 
    N/A

    * DSP: 
    N/A

    * Memory: 
    N/A

    * FIFO: 
    N/A

    * Expression: 
    +--------------------+----------+----+---+----+------------+------------+
    |    Variable Name   | Operation| DSP| FF| LUT| Bitwidth P0| Bitwidth P1|
    +--------------------+----------+----+---+----+------------+------------+
    |add_ln4_fu_115_p2   |         +|   0|  0|  15|           8|           1|
    |add_ln6_fu_129_p2   |         +|   0|  0|  39|          32|          32|
    |icmp_ln4_fu_104_p2  |      icmp|   0|  0|  16|           8|           9|
    +--------------------+----------+----+---+----+------------+------------+
    |Total               |          |   0|  0|  70|          48|          42|
    +--------------------+----------+----+---+----+------------+------------+

    * Multiplexer: 
    +-----------------------+----+-----------+-----+-----------+
    |          Name         | LUT| Input Size| Bits| Total Bits|
    +-----------------------+----+-----------+-----+-----------+
    |ap_NS_fsm              |  26|          5|    1|          5|
    |i_fu_38                |   9|          2|    8|         16|
    |in_r_address0_local    |  14|          3|    7|         21|
    |out_r_address0_local   |  14|          3|    7|         21|
    |out_r_d0_local         |  14|          3|   32|         96|
    |store_forwarded_fu_42  |   9|          2|   32|         64|
    +-----------------------+----+-----------+-----+-----------+
    |Total                  |  86|         18|   87|        223|
    +-----------------------+----+-----------+-----+-----------+

    * Register: 
    +-----------------------+----+----+-----+-----------+
    |          Name         | FF | LUT| Bits| Const Bits|
    +-----------------------+----+----+-----+-----------+
    |ap_CS_fsm              |   4|   0|    4|          0|
    |i_fu_38                |   8|   0|    8|          0|
    |store_forwarded_fu_42  |  32|   0|   32|          0|
    |zext_ln4_reg_163       |   8|   0|   64|         56|
    +-----------------------+----+----+-----+-----------+
    |Total                  |  52|   0|  108|         56|
    +-----------------------+----+----+-----+-----------+



================================================================
== Interface
================================================================
* Summary: 
+----------------+-----+-----+------------+--------------+--------------+
|    RTL Ports   | Dir | Bits|  Protocol  | Source Object|    C Type    |
+----------------+-----+-----+------------+--------------+--------------+
|ap_clk          |   in|    1|  ap_ctrl_hs|    prefix_sum|  return value|
|ap_rst          |   in|    1|  ap_ctrl_hs|    prefix_sum|  return value|
|ap_start        |   in|    1|  ap_ctrl_hs|    prefix_sum|  return value|
|ap_done         |  out|    1|  ap_ctrl_hs|    prefix_sum|  return value|
|ap_idle         |  out|    1|  ap_ctrl_hs|    prefix_sum|  return value|
|ap_ready        |  out|    1|  ap_ctrl_hs|    prefix_sum|  return value|
|in_r_address0   |  out|    7|   ap_memory|          in_r|         array|
|in_r_ce0        |  out|    1|   ap_memory|          in_r|         array|
|in_r_q0         |   in|   32|   ap_memory|          in_r|         array|
|out_r_address0  |  out|    7|   ap_memory|         out_r|         array|
|out_r_ce0       |  out|    1|   ap_memory|         out_r|         array|
|out_r_we0       |  out|    1|   ap_memory|         out_r|         array|
|out_r_d0        |  out|   32|   ap_memory|         out_r|         array|
+----------------+-----+-----+------------+--------------+--------------+

