

================================================================
== Vitis HLS Report for 'sobel'
================================================================
* Date:           Sun Apr  5 07:13:18 2026

* Version:        2025.2 (Build 6295257 on Nov 14 2025)
* Project:        proj_sobel
* Solution:       sol1 (Vivado IP Flow Target)
* Product family: virtexuplus
* Target device:  xcvu9p-flga2104-2-i


================================================================
== Performance Estimates
================================================================
+ Timing: 
    * Summary: 
    +--------+----------+----------+------------+
    |  Clock |  Target  | Estimated| Uncertainty|
    +--------+----------+----------+------------+
    |ap_clk  |  10.00 ns|  6.461 ns|     2.70 ns|
    +--------+----------+----------+------------+

+ Latency: 
    * Summary: 
    +---------+---------+-----------+-----------+------+------+---------+
    |  Latency (cycles) |   Latency (absolute)  |   Interval  | Pipeline|
    |   min   |   max   |    min    |    max    |  min |  max |   Type  |
    +---------+---------+-----------+-----------+------+------+---------+
    |     8191|     8191|  81.910 us|  81.910 us|  8192|  8192|       no|
    +---------+---------+-----------+-----------+------+------+---------+

    + Detail: 
        * Instance: 
        N/A

        * Loop: 
        +---------------------------------------------------+---------+---------+----------+-----------+-----------+------+----------+
        |                                                   |  Latency (cycles) | Iteration|  Initiation Interval  | Trip |          |
        |                     Loop Name                     |   min   |   max   |  Latency |  achieved |   target  | Count| Pipelined|
        +---------------------------------------------------+---------+---------+----------+-----------+-----------+------+----------+
        |- VITIS_LOOP_7_1                                   |     8190|     8190|       273|          -|          -|    30|        no|
        | + VITIS_LOOP_8_2_VITIS_LOOP_11_3_VITIS_LOOP_12_4  |      270|      270|         2|          1|          1|   270|       yes|
        +---------------------------------------------------+---------+---------+----------+-----------+-----------+------+----------+



================================================================
== Utilization Estimates
================================================================
* Summary: 
+---------------------+---------+------+---------+---------+-----+
|         Name        | BRAM_18K|  DSP |    FF   |   LUT   | URAM|
+---------------------+---------+------+---------+---------+-----+
|DSP                  |        -|     -|        -|        -|    -|
|Expression           |        -|     -|        0|      635|    -|
|FIFO                 |        -|     -|        -|        -|    -|
|Instance             |        -|     0|        0|       40|    -|
|Memory               |        0|     -|        8|       10|    -|
|Multiplexer          |        -|     -|        0|      139|    -|
|Register             |        -|     -|      119|        -|    -|
+---------------------+---------+------+---------+---------+-----+
|Total                |        0|     0|      127|      824|    0|
+---------------------+---------+------+---------+---------+-----+
|Available SLR        |     1440|  2280|   788160|   394080|  320|
+---------------------+---------+------+---------+---------+-----+
|Utilization SLR (%)  |        0|     0|       ~0|       ~0|    0|
+---------------------+---------+------+---------+---------+-----+
|Available            |     4320|  6840|  2364480|  1182240|  960|
+---------------------+---------+------+---------+---------+-----+
|Utilization (%)      |        0|     0|       ~0|       ~0|    0|
+---------------------+---------+------+---------+---------+-----+

+ Detail: 
    * Instance: 
    +----------------------+-------------------+---------+----+---+----+-----+
    |       Instance       |       Module      | BRAM_18K| DSP| FF| LUT| URAM|
    +----------------------+-------------------+---------+----+---+----+-----+
    |mul_3s_32s_32_1_1_U1  |mul_3s_32s_32_1_1  |        0|   0|  0|  20|    0|
    |mul_3s_32s_32_1_1_U2  |mul_3s_32s_32_1_1  |        0|   0|  0|  20|    0|
    +----------------------+-------------------+---------+----+---+----+-----+
    |Total                 |                   |        0|   0|  0|  40|    0|
    +----------------------+-------------------+---------+----+---+----+-----+

    * DSP: 
    N/A

    * Memory: 
    +--------+------------------+---------+---+----+-----+------+-----+------+-------------+
    | Memory |      Module      | BRAM_18K| FF| LUT| URAM| Words| Bits| Banks| W*Bits*Banks|
    +--------+------------------+---------+---+----+-----+------+-----+------+-------------+
    |gx_k_U  |gx_k_ROM_AUTO_1R  |        0|  4|   5|    0|     9|    3|     1|           27|
    |gy_k_U  |gy_k_ROM_AUTO_1R  |        0|  4|   5|    0|     9|    3|     1|           27|
    +--------+------------------+---------+---+----+-----+------+-----+------+-------------+
    |Total   |                  |        0|  8|  10|    0|    18|    6|     2|           54|
    +--------+------------------+---------+---+----+-----+------+-----+------+-------------+

    * FIFO: 
    N/A

    * Expression: 
    +--------------------------------+----------+----+---+----+------------+------------+
    |          Variable Name         | Operation| DSP| FF| LUT| Bitwidth P0| Bitwidth P1|
    +--------------------------------+----------+----+---+----+------------+------------+
    |add_ln11_fu_425_p2              |         +|   0|  0|  12|           4|           1|
    |add_ln14_1_fu_255_p2            |         +|   0|  0|  10|           3|           1|
    |add_ln14_2_fu_372_p2            |         +|   0|  0|  12|           5|           5|
    |add_ln14_3_fu_391_p2            |         +|   0|  0|  10|           3|           1|
    |add_ln14_4_fu_295_p2            |         +|   0|  0|  10|           3|           1|
    |add_ln14_5_fu_315_p2            |         +|   0|  0|  10|           3|           2|
    |add_ln14_6_fu_401_p2            |         +|   0|  0|   7|           4|           4|
    |add_ln14_fu_341_p2              |         +|   0|  0|  12|           5|           5|
    |add_ln17_fu_536_p2              |         +|   0|  0|  39|          32|          32|
    |add_ln7_fu_543_p2               |         +|   0|  0|  12|           5|           1|
    |add_ln8_1_fu_229_p2             |         +|   0|  0|  16|           9|           1|
    |add_ln8_fu_235_p2               |         +|   0|  0|  12|           5|           1|
    |gx_fu_474_p2                    |         +|   0|  0|  39|          32|          32|
    |gy_fu_490_p2                    |         +|   0|  0|  39|          32|          32|
    |sub_ln12_fu_362_p2              |         -|   0|  0|   7|           4|           4|
    |sub_ln17_1_fu_522_p2            |         -|   0|  0|  39|           1|          32|
    |sub_ln17_fu_502_p2              |         -|   0|  0|  39|           1|          32|
    |icmp_ln12_mid217_fu_281_p2      |       and|   0|  0|   2|           1|           1|
    |icmp_ln11_1_fu_419_p2           |      icmp|   0|  0|  10|           3|           1|
    |icmp_ln11_fu_241_p2             |      icmp|   0|  0|  12|           4|           4|
    |icmp_ln12_1_fu_413_p2           |      icmp|   0|  0|  10|           3|           2|
    |icmp_ln12_fu_275_p2             |      icmp|   0|  0|  10|           3|           2|
    |icmp_ln17_1_fu_516_p2           |      icmp|   0|  0|  39|          32|           1|
    |icmp_ln17_fu_496_p2             |      icmp|   0|  0|  39|          32|           1|
    |icmp_ln7_fu_217_p2              |      icmp|   0|  0|  12|           5|           2|
    |icmp_ln8_fu_223_p2              |      icmp|   0|  0|  16|           9|           9|
    |empty_fu_301_p2                 |        or|   0|  0|   2|           1|           1|
    |add_ln14_1_mid215_fu_261_p3     |    select|   0|  0|   3|           1|           1|
    |add_ln14_1_mid2_fu_321_p3       |    select|   0|  0|   3|           1|           3|
    |gx_2_mid211_fu_446_p3           |    select|   0|  0|  32|           1|           1|
    |gy_2_mid210_fu_439_p3           |    select|   0|  0|  32|           1|           1|
    |ki_mid26_fu_247_p3              |    select|   0|  0|   3|           1|           2|
    |kj_mid2_fu_307_p3               |    select|   0|  0|   3|           1|           2|
    |select_ln11_1_fu_431_p3         |    select|   0|  0|   4|           1|           1|
    |select_ln11_fu_329_p3           |    select|   0|  0|   3|           1|           3|
    |select_ln17_1_fu_528_p3         |    select|   0|  0|  32|           1|          32|
    |select_ln17_fu_508_p3           |    select|   0|  0|  32|           1|          32|
    |select_ln8_fu_287_p3            |    select|   0|  0|   5|           1|           5|
    |ap_enable_pp0                   |       xor|   0|  0|   2|           1|           2|
    |ap_enable_reg_pp0_iter1         |       xor|   0|  0|   2|           2|           1|
    |not_exitcond_flatten_fu_269_p2  |       xor|   0|  0|   2|           1|           2|
    +--------------------------------+----------+----+---+----+------------+------------+
    |Total                           |          |   0|  0| 635|         259|         299|
    +--------------------------------+----------+----+---+----+------------+------------+

    * Multiplexer: 
    +-----------------------------+----+-----------+-----+-----------+
    |             Name            | LUT| Input Size| Bits| Total Bits|
    +-----------------------------+----+-----------+-----+-----------+
    |ap_NS_fsm                    |  26|          5|    1|          5|
    |ap_enable_reg_pp0_iter1      |  14|          3|    1|          3|
    |ap_phi_mux_j_phi_fu_145_p4   |   9|          2|    5|         10|
    |ap_phi_mux_ki_phi_fu_167_p4  |   9|          2|    3|          6|
    |ap_phi_mux_kj_phi_fu_178_p4  |   9|          2|    3|          6|
    |gx_1_reg_197                 |   9|          2|   32|         64|
    |gy_1_reg_185                 |   9|          2|   32|         64|
    |i_fu_74                      |   9|          2|    5|         10|
    |indvar_flatten18_reg_130     |   9|          2|    9|         18|
    |indvar_flatten_reg_152       |   9|          2|    4|          8|
    |j_reg_141                    |   9|          2|    5|         10|
    |ki_reg_163                   |   9|          2|    3|          6|
    |kj_reg_174                   |   9|          2|    3|          6|
    +-----------------------------+----+-----------+-----+-----------+
    |Total                        | 139|         30|  106|        216|
    +-----------------------------+----+-----------+-----+-----------+

    * Register: 
    +--------------------------+----+----+-----+-----------+
    |           Name           | FF | LUT| Bits| Const Bits|
    +--------------------------+----+----+-----+-----------+
    |add_ln14_3_reg_601        |   3|   0|    3|          0|
    |ap_CS_fsm                 |   4|   0|    4|          0|
    |ap_enable_reg_pp0_iter0   |   1|   0|    1|          0|
    |ap_enable_reg_pp0_iter1   |   1|   0|    1|          0|
    |gx_1_reg_197              |  32|   0|   32|          0|
    |gy_1_reg_185              |  32|   0|   32|          0|
    |i_1_reg_560               |   5|   0|    5|          0|
    |i_fu_74                   |   5|   0|    5|          0|
    |icmp_ln11_1_reg_620       |   1|   0|    1|          0|
    |icmp_ln11_reg_579         |   1|   0|    1|          0|
    |icmp_ln12_1_reg_616       |   1|   0|    1|          0|
    |icmp_ln8_reg_570          |   1|   0|    1|          0|
    |indvar_flatten18_reg_130  |   9|   0|    9|          0|
    |indvar_flatten_reg_152    |   4|   0|    4|          0|
    |j_reg_141                 |   5|   0|    5|          0|
    |ki_reg_163                |   3|   0|    3|          0|
    |kj_reg_174                |   3|   0|    3|          0|
    |select_ln11_reg_591       |   3|   0|    3|          0|
    |select_ln8_reg_585        |   5|   0|    5|          0|
    +--------------------------+----+----+-----+-----------+
    |Total                     | 119|   0|  119|          0|
    +--------------------------+----+----+-----+-----------+



================================================================
== Interface
================================================================
* Summary: 
+-------------------+-----+-----+------------+--------------+--------------+
|     RTL Ports     | Dir | Bits|  Protocol  | Source Object|    C Type    |
+-------------------+-----+-----+------------+--------------+--------------+
|ap_clk             |   in|    1|  ap_ctrl_hs|         sobel|  return value|
|ap_rst             |   in|    1|  ap_ctrl_hs|         sobel|  return value|
|ap_start           |   in|    1|  ap_ctrl_hs|         sobel|  return value|
|ap_done            |  out|    1|  ap_ctrl_hs|         sobel|  return value|
|ap_idle            |  out|    1|  ap_ctrl_hs|         sobel|  return value|
|ap_ready           |  out|    1|  ap_ctrl_hs|         sobel|  return value|
|input_r_address0   |  out|   10|   ap_memory|       input_r|         array|
|input_r_ce0        |  out|    1|   ap_memory|       input_r|         array|
|input_r_q0         |   in|   32|   ap_memory|       input_r|         array|
|output_r_address0  |  out|   10|   ap_memory|      output_r|         array|
|output_r_ce0       |  out|    1|   ap_memory|      output_r|         array|
|output_r_we0       |  out|    1|   ap_memory|      output_r|         array|
|output_r_d0        |  out|   32|   ap_memory|      output_r|         array|
+-------------------+-----+-----+------------+--------------+--------------+

