

================================================================
== Vitis HLS Report for 'sobel'
================================================================
* Date:           Sun Apr  5 07:13:28 2026

* Version:        2025.2 (Build 6295257 on Nov 14 2025)
* Project:        proj_sobel_opt
* Solution:       sol1 (Vivado IP Flow Target)
* Product family: virtexuplus
* Target device:  xcvu9p-flga2104-2-i


================================================================
== Performance Estimates
================================================================
+ Timing: 
    * Summary: 
    +--------+----------+----------+------------+
    |  Clock |  Target  | Estimated| Uncertainty|
    +--------+----------+----------+------------+
    |ap_clk  |  10.00 ns|  3.365 ns|     2.70 ns|
    +--------+----------+----------+------------+

+ Latency: 
    * Summary: 
    +---------+---------+-----------+-----------+------+------+------------------------------------------------+
    |  Latency (cycles) |   Latency (absolute)  |   Interval  |                    Pipeline                    |
    |   min   |   max   |    min    |    max    |  min |  max |                      Type                      |
    +---------+---------+-----------+-----------+------+------+------------------------------------------------+
    |     3602|     3602|  36.020 us|  36.020 us|  3600|  3600|  loop auto-rewind stp (delay=0 clock cycles(s))|
    +---------+---------+-----------+-----------+------+------+------------------------------------------------+

    + Detail: 
        * Instance: 
        N/A

        * Loop: 
        +----------------------------------+---------+---------+----------+-----------+-----------+------+----------+
        |                                  |  Latency (cycles) | Iteration|  Initiation Interval  | Trip |          |
        |             Loop Name            |   min   |   max   |  Latency |  achieved |   target  | Count| Pipelined|
        +----------------------------------+---------+---------+----------+-----------+-----------+------+----------+
        |- VITIS_LOOP_9_1_VITIS_LOOP_10_2  |     3600|     3600|         5|          4|          1|   900|       yes|
        +----------------------------------+---------+---------+----------+-----------+-----------+------+----------+



================================================================
== Utilization Estimates
================================================================
* Summary: 
+---------------------+---------+------+---------+---------+-----+
|         Name        | BRAM_18K|  DSP |    FF   |   LUT   | URAM|
+---------------------+---------+------+---------+---------+-----+
|DSP                  |        -|     -|        -|        -|    -|
|Expression           |        -|     -|        0|      718|    -|
|FIFO                 |        -|     -|        -|        -|    -|
|Instance             |        -|     -|        -|        -|    -|
|Memory               |        -|     -|        -|        -|    -|
|Multiplexer          |        -|     -|        0|      186|    -|
|Register             |        -|     -|      286|        -|    -|
+---------------------+---------+------+---------+---------+-----+
|Total                |        0|     0|      286|      904|    0|
+---------------------+---------+------+---------+---------+-----+
|Available SLR        |     1440|  2280|   788160|   394080|  320|
+---------------------+---------+------+---------+---------+-----+
|Utilization SLR (%)  |        0|     0|       ~0|       ~0|    0|
+---------------------+---------+------+---------+---------+-----+
|Available            |     4320|  6840|  2364480|  1182240|  960|
+---------------------+---------+------+---------+---------+-----+
|Utilization (%)      |        0|     0|       ~0|       ~0|    0|
+---------------------+---------+------+---------+---------+-----+

+ Detail: 
    * Instance: 
    N/A

    * DSP: 
    N/A

    * Memory: 
    N/A

    * FIFO: 
    N/A

    * Expression: 
    +-------------------------+----------+----+---+----+------------+------------+
    |      Variable Name      | Operation| DSP| FF| LUT| Bitwidth P0| Bitwidth P1|
    +-------------------------+----------+----+---+----+------------+------------+
    |add_ln16_1_fu_223_p2     |         +|   0|  0|  12|           5|           2|
    |add_ln16_2_fu_242_p2     |         +|   0|  0|  12|           5|           2|
    |add_ln16_4_fu_451_p2     |         +|   0|  0|  32|          32|          32|
    |add_ln16_5_fu_201_p2     |         +|   0|  0|  12|           5|           2|
    |add_ln16_fu_261_p2       |         +|   0|  0|  12|           5|           1|
    |add_ln17_1_fu_462_p2     |         +|   0|  0|  32|          32|          32|
    |add_ln17_fu_384_p2       |         +|   0|  0|  32|          32|          32|
    |add_ln19_fu_513_p2       |         +|   0|  0|  39|          32|          32|
    |add_ln9_fu_394_p2        |         +|   0|  0|  17|          10|           1|
    |gx_fu_456_p2             |         +|   0|  0|  32|          32|          32|
    |gy_fu_467_p2             |         +|   0|  0|  32|          32|          32|
    |j_3_fu_292_p2            |         +|   0|  0|  12|           5|           1|
    |sub_ln16_1_fu_373_p2     |         -|   0|  0|  32|          32|          32|
    |sub_ln16_fu_369_p2       |         -|   0|  0|  32|          32|          32|
    |sub_ln17_fu_388_p2       |         -|   0|  0|  32|          32|          32|
    |sub_ln19_1_fu_499_p2     |         -|   0|  0|  39|           1|          32|
    |sub_ln19_fu_479_p2       |         -|   0|  0|  39|           1|          32|
    |tmp31_fu_438_p2          |         -|   0|  0|  38|          31|          31|
    |tmp5_fu_379_p2           |         -|   0|  0|  38|          31|          31|
    |ap_condition_196         |       and|   0|  0|   2|           1|           1|
    |ap_condition_484         |       and|   0|  0|   2|           1|           1|
    |icmp_ln10_fu_400_p2      |      icmp|   0|  0|  12|           5|           2|
    |icmp_ln19_1_fu_493_p2    |      icmp|   0|  0|  39|          32|           1|
    |icmp_ln19_fu_473_p2      |      icmp|   0|  0|  39|          32|           1|
    |icmp_ln9_fu_405_p2       |      icmp|   0|  0|  17|          10|           8|
    |i_3_fu_207_p3            |    select|   0|  0|   5|           1|           5|
    |select_ln19_1_fu_505_p3  |    select|   0|  0|  32|           1|          32|
    |select_ln19_fu_485_p3    |    select|   0|  0|  32|           1|          32|
    |select_ln8_1_fu_215_p3   |    select|   0|  0|   5|           1|           5|
    |select_ln8_fu_193_p3     |    select|   0|  0|   5|           1|           1|
    |ap_enable_pp0            |       xor|   0|  0|   2|           1|           2|
    +-------------------------+----------+----+---+----+------------+------------+
    |Total                    |          |   0|  0| 718|         474|         514|
    +-------------------------+----------+----+---+----+------------+------------+

    * Multiplexer: 
    +-------------------------------------+----+-----------+-----+-----------+
    |                 Name                | LUT| Input Size| Bits| Total Bits|
    +-------------------------------------+----+-----------+-----+-----------+
    |add_ln164_fu_64                      |   9|          2|    5|         10|
    |ap_NS_fsm                            |  26|          5|    1|          5|
    |ap_done_int                          |   9|          2|    1|          2|
    |ap_enable_reg_pp0_iter0              |   9|          2|    1|          2|
    |ap_enable_reg_pp0_iter1              |   9|          2|    1|          2|
    |ap_loop_exit_ready_pp0_iter1_reg     |   9|          2|    1|          2|
    |ap_phi_mux_icmp_ln105_phi_fu_157_p4  |   9|          2|    1|          2|
    |ap_sig_allocacmp_add_ln164_load      |   9|          2|    5|         10|
    |ap_sig_allocacmp_i_2                 |   9|          2|    5|         10|
    |ap_sig_allocacmp_j_1                 |   9|          2|    5|         10|
    |i_fu_56                              |   9|          2|    5|         10|
    |indvar_flatten1_fu_52                |   9|          2|   10|         20|
    |input_r_address0_local               |  26|          5|   10|         50|
    |input_r_address1_local               |  26|          5|   10|         50|
    |j_fu_60                              |   9|          2|    5|         10|
    +-------------------------------------+----+-----------+-----+-----------+
    |Total                                | 186|         39|   66|        195|
    +-------------------------------------+----+-----------+-----+-----------+

    * Register: 
    +----------------------------------+----+----+-----+-----------+
    |               Name               | FF | LUT| Bits| Const Bits|
    +----------------------------------+----+----+-----+-----------+
    |add_ln164_fu_64                   |   5|   0|    5|          0|
    |add_ln16_1_reg_569                |   5|   0|    5|          0|
    |add_ln16_2_reg_579                |   5|   0|    5|          0|
    |ap_CS_fsm                         |   4|   0|    4|          0|
    |ap_done_reg                       |   1|   0|    1|          0|
    |ap_enable_reg_pp0_iter0_reg       |   1|   0|    1|          0|
    |ap_enable_reg_pp0_iter1           |   1|   0|    1|          0|
    |ap_loop_exit_ready_pp0_iter1_reg  |   1|   0|    1|          0|
    |i_3_reg_555                       |   5|   0|    5|          0|
    |i_fu_56                           |   5|   0|    5|          0|
    |icmp_ln10_reg_664                 |   1|   0|    1|          0|
    |icmp_ln9_reg_669                  |   1|   0|    1|          0|
    |indvar_flatten1_fu_52             |  10|   0|   10|          0|
    |input_r_load_2_reg_628            |  32|   0|   32|          0|
    |input_r_load_reg_595              |  32|   0|   32|          0|
    |j_3_reg_606                       |   5|   0|    5|          0|
    |j_fu_60                           |   5|   0|    5|          0|
    |select_ln8_1_reg_562              |   5|   0|    5|          0|
    |select_ln8_reg_548                |   5|   0|    5|          0|
    |sub_ln16_1_reg_649                |  32|   0|   32|          0|
    |sub_ln17_reg_659                  |  32|   0|   32|          0|
    |tmp5_reg_654                      |  31|   0|   31|          0|
    |trunc_ln16_1_reg_634              |  31|   0|   31|          0|
    |trunc_ln16_reg_601                |  31|   0|   31|          0|
    +----------------------------------+----+----+-----+-----------+
    |Total                             | 286|   0|  286|          0|
    +----------------------------------+----+----+-----+-----------+



================================================================
== Interface
================================================================
* Summary: 
+-------------------+-----+-----+------------+--------------+--------------+
|     RTL Ports     | Dir | Bits|  Protocol  | Source Object|    C Type    |
+-------------------+-----+-----+------------+--------------+--------------+
|ap_clk             |   in|    1|  ap_ctrl_hs|         sobel|  return value|
|ap_rst             |   in|    1|  ap_ctrl_hs|         sobel|  return value|
|ap_start           |   in|    1|  ap_ctrl_hs|         sobel|  return value|
|ap_done            |  out|    1|  ap_ctrl_hs|         sobel|  return value|
|ap_idle            |  out|    1|  ap_ctrl_hs|         sobel|  return value|
|ap_ready           |  out|    1|  ap_ctrl_hs|         sobel|  return value|
|input_r_address0   |  out|   10|   ap_memory|       input_r|         array|
|input_r_ce0        |  out|    1|   ap_memory|       input_r|         array|
|input_r_q0         |   in|   32|   ap_memory|       input_r|         array|
|input_r_address1   |  out|   10|   ap_memory|       input_r|         array|
|input_r_ce1        |  out|    1|   ap_memory|       input_r|         array|
|input_r_q1         |   in|   32|   ap_memory|       input_r|         array|
|output_r_address0  |  out|   10|   ap_memory|      output_r|         array|
|output_r_ce0       |  out|    1|   ap_memory|      output_r|         array|
|output_r_we0       |  out|    1|   ap_memory|      output_r|         array|
|output_r_d0        |  out|   32|   ap_memory|      output_r|         array|
+-------------------+-----+-----+------------+--------------+--------------+

