

================================================================
== Vitis HLS Report for 'stencil2d'
================================================================
* Date:           Sat Apr  4 13:49:00 2026

* Version:        2025.2 (Build 6295257 on Nov 14 2025)
* Project:        proj_stencil
* Solution:       sol1 (Vivado IP Flow Target)
* Product family: virtexuplus
* Target device:  xcvu9p-flga2104-2-i


================================================================
== Performance Estimates
================================================================
+ Timing: 
    * Summary: 
    +--------+----------+----------+------------+
    |  Clock |  Target  | Estimated| Uncertainty|
    +--------+----------+----------+------------+
    |ap_clk  |  10.00 ns|  4.050 ns|     2.70 ns|
    +--------+----------+----------+------------+

+ Latency: 
    * Summary: 
    +---------+---------+-----------+-----------+------+------+---------+
    |  Latency (cycles) |   Latency (absolute)  |   Interval  | Pipeline|
    |   min   |   max   |    min    |    max    |  min |  max |   Type  |
    +---------+---------+-----------+-----------+------+------+---------+
    |     8191|     8191|  81.910 us|  81.910 us|  8192|  8192|       no|
    +---------+---------+-----------+-----------+------+------+---------+

    + Detail: 
        * Instance: 
        N/A

        * Loop: 
        +-------------------------------------------------+---------+---------+----------+-----------+-----------+------+----------+
        |                                                 |  Latency (cycles) | Iteration|  Initiation Interval  | Trip |          |
        |                    Loop Name                    |   min   |   max   |  Latency |  achieved |   target  | Count| Pipelined|
        +-------------------------------------------------+---------+---------+----------+-----------+-----------+------+----------+
        |- VITIS_LOOP_4_1                                 |     8190|     8190|       273|          -|          -|    30|        no|
        | + VITIS_LOOP_5_2_VITIS_LOOP_8_3_VITIS_LOOP_9_4  |      270|      270|         2|          1|          1|   270|       yes|
        +-------------------------------------------------+---------+---------+----------+-----------+-----------+------+----------+



================================================================
== Utilization Estimates
================================================================
* Summary: 
+---------------------+---------+------+---------+---------+-----+
|         Name        | BRAM_18K|  DSP |    FF   |   LUT   | URAM|
+---------------------+---------+------+---------+---------+-----+
|DSP                  |        -|     -|        -|        -|    -|
|Expression           |        -|     -|        0|      305|    -|
|FIFO                 |        -|     -|        -|        -|    -|
|Instance             |        -|     3|        0|       20|    -|
|Memory               |        -|     -|        -|        -|    -|
|Multiplexer          |        -|     -|        0|      130|    -|
|Register             |        -|     -|       87|        -|    -|
+---------------------+---------+------+---------+---------+-----+
|Total                |        0|     3|       87|      455|    0|
+---------------------+---------+------+---------+---------+-----+
|Available SLR        |     1440|  2280|   788160|   394080|  320|
+---------------------+---------+------+---------+---------+-----+
|Utilization SLR (%)  |        0|    ~0|       ~0|       ~0|    0|
+---------------------+---------+------+---------+---------+-----+
|Available            |     4320|  6840|  2364480|  1182240|  960|
+---------------------+---------+------+---------+---------+-----+
|Utilization (%)      |        0|    ~0|       ~0|       ~0|    0|
+---------------------+---------+------+---------+---------+-----+

+ Detail: 
    * Instance: 
    +-----------------------+--------------------+---------+----+---+----+-----+
    |        Instance       |       Module       | BRAM_18K| DSP| FF| LUT| URAM|
    +-----------------------+--------------------+---------+----+---+----+-----+
    |mul_32s_32s_32_1_1_U1  |mul_32s_32s_32_1_1  |        0|   3|  0|  20|    0|
    +-----------------------+--------------------+---------+----+---+----+-----+
    |Total                  |                    |        0|   3|  0|  20|    0|
    +-----------------------+--------------------+---------+----+---+----+-----+

    * DSP: 
    N/A

    * Memory: 
    N/A

    * FIFO: 
    N/A

    * Expression: 
    +--------------------------------+----------+----+---+----+------------+------------+
    |          Variable Name         | Operation| DSP| FF| LUT| Bitwidth P0| Bitwidth P1|
    +--------------------------------+----------+----+---+----+------------+------------+
    |add_ln10_1_fu_234_p2            |         +|   0|  0|  10|           3|           1|
    |add_ln10_2_fu_351_p2            |         +|   0|  0|  12|           5|           5|
    |add_ln10_3_fu_370_p2            |         +|   0|  0|  10|           3|           1|
    |add_ln10_4_fu_274_p2            |         +|   0|  0|  10|           3|           1|
    |add_ln10_5_fu_294_p2            |         +|   0|  0|  10|           3|           2|
    |add_ln10_6_fu_380_p2            |         +|   0|  0|   7|           4|           4|
    |add_ln10_fu_320_p2              |         +|   0|  0|  12|           5|           5|
    |add_ln4_fu_442_p2               |         +|   0|  0|  12|           5|           1|
    |add_ln5_1_fu_208_p2             |         +|   0|  0|  16|           9|           1|
    |add_ln5_fu_214_p2               |         +|   0|  0|  12|           5|           1|
    |add_ln8_fu_403_p2               |         +|   0|  0|  12|           4|           1|
    |sum_fu_435_p2                   |         +|   0|  0|  39|          32|          32|
    |sub_ln9_fu_341_p2               |         -|   0|  0|   7|           4|           4|
    |icmp_ln9_mid215_fu_260_p2       |       and|   0|  0|   2|           1|           1|
    |icmp_ln4_fu_196_p2              |      icmp|   0|  0|  12|           5|           2|
    |icmp_ln5_fu_202_p2              |      icmp|   0|  0|  16|           9|           9|
    |icmp_ln8_1_fu_397_p2            |      icmp|   0|  0|  10|           3|           1|
    |icmp_ln8_fu_220_p2              |      icmp|   0|  0|  12|           4|           4|
    |icmp_ln9_1_fu_391_p2            |      icmp|   0|  0|  10|           3|           2|
    |icmp_ln9_fu_254_p2              |      icmp|   0|  0|  10|           3|           2|
    |empty_fu_280_p2                 |        or|   0|  0|   2|           1|           1|
    |add_ln10_1_mid213_fu_240_p3     |    select|   0|  0|   3|           1|           1|
    |add_ln10_1_mid2_fu_300_p3       |    select|   0|  0|   3|           1|           3|
    |k_mid26_fu_226_p3               |    select|   0|  0|   3|           1|           2|
    |l_mid2_fu_286_p3                |    select|   0|  0|   3|           1|           2|
    |select_ln5_fu_266_p3            |    select|   0|  0|   5|           1|           5|
    |select_ln8_1_fu_409_p3          |    select|   0|  0|   4|           1|           1|
    |select_ln8_fu_308_p3            |    select|   0|  0|   3|           1|           3|
    |sum_2_mid29_fu_417_p3           |    select|   0|  0|  32|           1|           1|
    |ap_enable_pp0                   |       xor|   0|  0|   2|           1|           2|
    |ap_enable_reg_pp0_iter1         |       xor|   0|  0|   2|           2|           1|
    |not_exitcond_flatten_fu_248_p2  |       xor|   0|  0|   2|           1|           2|
    +--------------------------------+----------+----+---+----+------------+------------+
    |Total                           |          |   0|  0| 305|         126|         104|
    +--------------------------------+----------+----+---+----+------------+------------+

    * Multiplexer: 
    +----------------------------+----+-----------+-----+-----------+
    |            Name            | LUT| Input Size| Bits| Total Bits|
    +----------------------------+----+-----------+-----+-----------+
    |ap_NS_fsm                   |  26|          5|    1|          5|
    |ap_enable_reg_pp0_iter1     |  14|          3|    1|          3|
    |ap_phi_mux_j_phi_fu_130_p4  |   9|          2|    5|         10|
    |ap_phi_mux_k_phi_fu_152_p4  |   9|          2|    3|          6|
    |ap_phi_mux_l_phi_fu_163_p4  |   9|          2|    3|          6|
    |i_fu_72                     |   9|          2|    5|         10|
    |indvar_flatten16_reg_115    |   9|          2|    9|         18|
    |indvar_flatten_reg_137      |   9|          2|    4|          8|
    |j_reg_126                   |   9|          2|    5|         10|
    |k_reg_148                   |   9|          2|    3|          6|
    |l_reg_159                   |   9|          2|    3|          6|
    |sum_1_reg_170               |   9|          2|   32|         64|
    +----------------------------+----+-----------+-----+-----------+
    |Total                       | 130|         28|   74|        152|
    +----------------------------+----+-----------+-----+-----------+

    * Register: 
    +--------------------------+----+----+-----+-----------+
    |           Name           | FF | LUT| Bits| Const Bits|
    +--------------------------+----+----+-----+-----------+
    |add_ln10_3_reg_499        |   3|   0|    3|          0|
    |ap_CS_fsm                 |   4|   0|    4|          0|
    |ap_enable_reg_pp0_iter0   |   1|   0|    1|          0|
    |ap_enable_reg_pp0_iter1   |   1|   0|    1|          0|
    |i_1_reg_459               |   5|   0|    5|          0|
    |i_fu_72                   |   5|   0|    5|          0|
    |icmp_ln5_reg_469          |   1|   0|    1|          0|
    |icmp_ln8_1_reg_513        |   1|   0|    1|          0|
    |icmp_ln8_reg_478          |   1|   0|    1|          0|
    |icmp_ln9_1_reg_509        |   1|   0|    1|          0|
    |indvar_flatten16_reg_115  |   9|   0|    9|          0|
    |indvar_flatten_reg_137    |   4|   0|    4|          0|
    |j_reg_126                 |   5|   0|    5|          0|
    |k_reg_148                 |   3|   0|    3|          0|
    |l_reg_159                 |   3|   0|    3|          0|
    |select_ln5_reg_483        |   5|   0|    5|          0|
    |select_ln8_reg_489        |   3|   0|    3|          0|
    |sum_1_reg_170             |  32|   0|   32|          0|
    +--------------------------+----+----+-----+-----------+
    |Total                     |  87|   0|   87|          0|
    +--------------------------+----+----+-----+-----------+



================================================================
== Interface
================================================================
* Summary: 
+-----------------+-----+-----+------------+--------------+--------------+
|    RTL Ports    | Dir | Bits|  Protocol  | Source Object|    C Type    |
+-----------------+-----+-----+------------+--------------+--------------+
|ap_clk           |   in|    1|  ap_ctrl_hs|     stencil2d|  return value|
|ap_rst           |   in|    1|  ap_ctrl_hs|     stencil2d|  return value|
|ap_start         |   in|    1|  ap_ctrl_hs|     stencil2d|  return value|
|ap_done          |  out|    1|  ap_ctrl_hs|     stencil2d|  return value|
|ap_idle          |  out|    1|  ap_ctrl_hs|     stencil2d|  return value|
|ap_ready         |  out|    1|  ap_ctrl_hs|     stencil2d|  return value|
|orig_address0    |  out|   10|   ap_memory|          orig|         array|
|orig_ce0         |  out|    1|   ap_memory|          orig|         array|
|orig_q0          |   in|   32|   ap_memory|          orig|         array|
|sol_address0     |  out|   10|   ap_memory|           sol|         array|
|sol_ce0          |  out|    1|   ap_memory|           sol|         array|
|sol_we0          |  out|    1|   ap_memory|           sol|         array|
|sol_d0           |  out|   32|   ap_memory|           sol|         array|
|filter_address0  |  out|    4|   ap_memory|        filter|         array|
|filter_ce0       |  out|    1|   ap_memory|        filter|         array|
|filter_q0        |   in|   32|   ap_memory|        filter|         array|
+-----------------+-----+-----+------------+--------------+--------------+

